<?xml version="1.0" encoding="UTF-8"?>
<testsuite xmlns:xsi="http://www.w3.org/2001/XMLSchema-instance" xsi:noNamespaceSchemaLocation="https://maven.apache.org/surefire/maven-surefire-plugin/xsd/surefire-test-report-3.0.xsd" version="3.0" name="com.healthcare.service.FhirServiceTest" time="0.08" tests="3" errors="3" skipped="0" failures="0">
  <properties>
    <property name="java.specification.version" value="17"/>
    <property name="sun.jnu.encoding" value="UTF-8"/>
    <property name="java.class.path" value="/Users/pereozogu/healthcare-qr-sharing/target/test-classes:/Users/pereozogu/healthcare-qr-sharing/target/classes:/Users/pereozogu/.m2/repository/org/springframework/boot/spring-boot-starter-web/3.1.12/spring-boot-starter-web-3.1.12.jar:/Users/pereozogu/.m2/repository/org/springframework/boot/spring-boot-starter/3.1.12/spring-boot-starter-3.1.12.jar:/Users/pereozogu/.m2/repository/org/springframework/boot/spring-boot/3.1.12/spring-boot-3.1.12.jar:/Users/pereozogu/.m2/repository/org/springframework/boot/spring-boot-autoconfigure/3.1.12/spring-boot-autoconfigure-3.1.12.jar:/Users/pereozogu/.m2/repository/org/springframework/boot/spring-boot-starter-logging/3.1.12/spring-boot-starter-logging-3.1.12.jar:/Users/pereozogu/.m2/repository/org/apache/logging/log4j/log4j-to-slf4j/2.20.0/log4j-to-slf4j-2.20.0.jar:/Users/pereozogu/.m2/repository/org/apache/logging/log4j/log4j-api/2.20.0/log4j-api-2.20.0.jar:/Users/pereozogu/.m2/repository/org/slf4j/jul-to-slf4j/2.0.13/jul-to-slf4j-2.0.13.jar:/Users/pereozogu/.m2/repository/jakarta/annotation/jakarta.annotation-api/2.1.1/jakarta.annotation-api-2.1.1.jar:/Users/pereozogu/.m2/repository/org/yaml/snakeyaml/1.33/snakeyaml-1.33.jar:/Users/pereozogu/.m2/repository/org/springframework/boot/spring-boot-starter-json/3.1.12/spring-boot-starter-json-3.1.12.jar:/Users/pereozogu/.m2/repository/com/fasterxml/jackson/datatype/jackson-datatype-jdk8/2.15.4/jackson-datatype-jdk8-2.15.4.jar:/Users/pereozogu/.m2/repository/com/fasterxml/jackson/datatype/jackson-datatype-jsr310/2.15.4/jackson-datatype-jsr310-2.15.4.jar:/Users/pereozogu/.m2/repository/com/fasterxml/jackson/module/jackson-module-parameter-names/2.15.4/jackson-module-parameter-names-2.15.4.jar:/Users/pereozogu/.m2/repository/org/springframework/boot/spring-boot-starter-tomcat/3.1.12/spring-boot-starter-tomcat-3.1.12.jar:/Users/pereozogu/.m2/repository/org/apache/tomcat/embed/tomcat-embed-core/10.1.24/tomcat-embed-core-10.1.24.jar:/Users/pereozogu/.m2/repository/org/apache/tomcat/embed/tomcat-embed-websocket/10.1.24/tomcat-embed-websocket-10.1.24.jar:/Users/pereozogu/.m2/repository/org/springframework/spring-web/6.0.21/spring-web-6.0.21.jar:/Users/pereozogu/.m2/repository/org/springframework/spring-beans/6.0.21/spring-beans-6.0.21.jar:/Users/pereozogu/.m2/repository/io/micrometer/micrometer-observation/1.11.12/micrometer-observation-1.11.12.jar:/Users/pereozogu/.m2/repository/io/micrometer/micrometer-commons/1.11.12/micrometer-commons-1.11.12.jar:/Users/pereozogu/.m2/repository/org/springframework/spring-webmvc/6.0.21/spring-webmvc-6.0.21.jar:/Users/pereozogu/.m2/repository/org/springframework/spring-context/6.0.21/spring-context-6.0.21.jar:/Users/pereozogu/.m2/repository/org/springframework/spring-expression/6.0.21/spring-expression-6.0.21.jar:/Users/pereozogu/.m2/repository/org/springframework/boot/spring-boot-starter-data-jpa/3.1.12/spring-boot-starter-data-jpa-3.1.12.jar:/Users/pereozogu/.m2/repository/org/springframework/boot/spring-boot-starter-aop/3.1.12/spring-boot-starter-aop-3.1.12.jar:/Users/pereozogu/.m2/repository/org/aspectj/aspectjweaver/1.9.22/aspectjweaver-1.9.22.jar:/Users/pereozogu/.m2/repository/org/springframework/boot/spring-boot-starter-jdbc/3.1.12/spring-boot-starter-jdbc-3.1.12.jar:/Users/pereozogu/.m2/repository/com/zaxxer/HikariCP/5.0.1/HikariCP-5.0.1.jar:/Users/pereozogu/.m2/repository/org/springframework/spring-jdbc/6.0.21/spring-jdbc-6.0.21.jar:/Users/pereozogu/.m2/repository/org/hibernate/orm/hibernate-core/6.2.25.Final/hibernate-core-6.2.25.Final.jar:/Users/pereozogu/.m2/repository/jakarta/persistence/jakarta.persistence-api/3.1.0/jakarta.persistence-api-3.1.0.jar:/Users/pereozogu/.m2/repository/jakarta/transaction/jakarta.transaction-api/2.0.1/jakarta.transaction-api-2.0.1.jar:/Users/pereozogu/.m2/repository/org/jboss/logging/jboss-logging/3.5.3.Final/jboss-logging-3.5.3.Final.jar:/Users/pereozogu/.m2/repository/org/hibernate/common/hibernate-commons-annotations/6.0.6.Final/hibernate-commons-annotations-6.0.6.Final.jar:/Users/pereozogu/.m2/repository/io/smallrye/jandex/3.0.5/jandex-3.0.5.jar:/Users/pereozogu/.m2/repository/com/fasterxml/classmate/1.5.1/classmate-1.5.1.jar:/Users/pereozogu/.m2/repository/net/bytebuddy/byte-buddy/1.14.16/byte-buddy-1.14.16.jar:/Users/pereozogu/.m2/repository/org/glassfish/jaxb/jaxb-runtime/4.0.5/jaxb-runtime-4.0.5.jar:/Users/pereozogu/.m2/repository/org/glassfish/jaxb/jaxb-core/4.0.5/jaxb-core-4.0.5.jar:/Users/pereozogu/.m2/repository/org/eclipse/angus/angus-activation/2.0.2/angus-activation-2.0.2.jar:/Users/pereozogu/.m2/repository/org/glassfish/jaxb/txw2/4.0.5/txw2-4.0.5.jar:/Users/pereozogu/.m2/repository/com/sun/istack/istack-commons-runtime/4.1.2/istack-commons-runtime-4.1.2.jar:/Users/pereozogu/.m2/repository/jakarta/inject/jakarta.inject-api/2.0.1/jakarta.inject-api-2.0.1.jar:/Users/pereozogu/.m2/repository/org/antlr/antlr4-runtime/4.10.1/antlr4-runtime-4.10.1.jar:/Users/pereozogu/.m2/repository/org/springframework/data/spring-data-jpa/3.1.12/spring-data-jpa-3.1.12.jar:/Users/pereozogu/.m2/repository/org/springframework/data/spring-data-commons/3.1.12/spring-data-commons-3.1.12.jar:/Users/pereozogu/.m2/repository/org/springframework/spring-orm/6.0.21/spring-orm-6.0.21.jar:/Users/pereozogu/.m2/repository/org/springframework/spring-tx/6.0.21/spring-tx-6.0.21.jar:/Users/pereozogu/.m2/repository/org/springframework/spring-aspects/6.0.21/spring-aspects-6.0.21.jar:/Users/pereozogu/.m2/repository/org/springframework/boot/spring-boot-starter-security/3.1.12/spring-boot-starter-security-3.1.12.jar:/Users/pereozogu/.m2/repository/org/springframework/spring-aop/6.0.21/spring-aop-6.0.21.jar:/Users/pereozogu/.m2/repository/org/springframework/security/spring-security-config/6.1.9/spring-security-config-6.1.9.jar:/Users/pereozogu/.m2/repository/org/springframework/security/spring-security-web/6.1.9/spring-security-web-6.1.9.jar:/Users/pereozogu/.m2/repository/org/springframework/boot/spring-boot-starter-oauth2-resource-server/3.1.12/spring-boot-starter-oauth2-resource-server-3.1.12.jar:/Users/pereozogu/.m2/repository/org/springframework/security/spring-security-core/6.1.9/spring-security-core-6.1.9.jar:/Users/pereozogu/.m2/repository/org/springframework/security/spring-security-crypto/6.1.9/spring-security-crypto-6.1.9.jar:/Users/pereozogu/.m2/repository/org/springframework/security/spring-security-oauth2-resource-server/6.1.9/spring-security-oauth2-resource-server-6.1.9.jar:/Users/pereozogu/.m2/repository/org/springframework/security/spring-security-oauth2-core/6.1.9/spring-security-oauth2-core-6.1.9.jar:/Users/pereozogu/.m2/repository/org/springframework/security/spring-security-oauth2-jose/6.1.9/spring-security-oauth2-jose-6.1.9.jar:/Users/pereozogu/.m2/repository/com/nimbusds/nimbus-jose-jwt/9.24.4/nimbus-jose-jwt-9.24.4.jar:/Users/pereozogu/.m2/repository/com/github/stephenc/jcip/jcip-annotations/1.0-1/jcip-annotations-1.0-1.jar:/Users/pereozogu/.m2/repository/org/springframework/boot/spring-boot-starter-thymeleaf/3.1.12/spring-boot-starter-thymeleaf-3.1.12.jar:/Users/pereozogu/.m2/repository/org/thymeleaf/thymeleaf-spring6/3.1.2.RELEASE/thymeleaf-spring6-3.1.2.RELEASE.jar:/Users/pereozogu/.m2/repository/org/thymeleaf/thymeleaf/3.1.2.RELEASE/thymeleaf-3.1.2.RELEASE.jar:/Users/pereozogu/.m2/repository/org/attoparser/attoparser/2.0.7.RELEASE/attoparser-2.0.7.RELEASE.jar:/Users/pereozogu/.m2/repository/org/unbescape/unbescape/1.1.6.RELEASE/unbescape-1.1.6.RELEASE.jar:/Users/pereozogu/.m2/repository/org/springframework/boot/spring-boot-starter-validation/3.1.12/spring-boot-starter-validation-3.1.12.jar:/Users/pereozogu/.m2/repository/org/apache/tomcat/embed/tomcat-embed-el/10.1.24/tomcat-embed-el-10.1.24.jar:/Users/pereozogu/.m2/repository/org/hibernate/validator/hibernate-validator/8.0.1.Final/hibernate-validator-8.0.1.Final.jar:/Users/pereozogu/.m2/repository/jakarta/validation/jakarta.validation-api/3.0.2/jakarta.validation-api-3.0.2.jar:/Users/pereozogu/.m2/repository/ca/uhn/hapi/fhir/hapi-fhir-spring-boot-starter/6.6.0/hapi-fhir-spring-boot-starter-6.6.0.jar:/Users/pereozogu/.m2/repository/ca/uhn/hapi/fhir/hapi-fhir-spring-boot-autoconfigure/6.6.0/hapi-fhir-spring-boot-autoconfigure-6.6.0.jar:/Users/pereozogu/.m2/repository/ca/uhn/hapi/fhir/hapi-fhir-structures-r4/6.6.0/hapi-fhir-structures-r4-6.6.0.jar:/Users/pereozogu/.m2/repository/ca/uhn/hapi/fhir/hapi-fhir-base/6.6.0/hapi-fhir-base-6.6.0.jar:/Users/pereozogu/.m2/repository/org/apache/commons/commons-text/1.10.0/commons-text-1.10.0.jar:/Users/pereozogu/.m2/repository/commons-codec/commons-codec/1.15/commons-codec-1.15.jar:/Users/pereozogu/.m2/repository/org/slf4j/jcl-over-slf4j/2.0.13/jcl-over-slf4j-2.0.13.jar:/Users/pereozogu/.m2/repository/ca/uhn/hapi/fhir/org.hl7.fhir.utilities/6.0.1/org.hl7.fhir.utilities-6.0.1.jar:/Users/pereozogu/.m2/repository/com/ibm/icu/icu4j/72.1/icu4j-72.1.jar:/Users/pereozogu/.m2/repository/ca/uhn/hapi/fhir/org.hl7.fhir.r4/6.0.1/org.hl7.fhir.r4-6.0.1.jar:/Users/pereozogu/.m2/repository/ca/uhn/hapi/fhir/hapi-fhir-caching-api/6.6.0/hapi-fhir-caching-api-6.6.0.jar:/Users/pereozogu/.m2/repository/com/google/code/findbugs/jsr305/3.0.2/jsr305-3.0.2.jar:/Users/pereozogu/.m2/repository/ca/uhn/hapi/fhir/hapi-fhir-client/6.6.0/hapi-fhir-client-6.6.0.jar:/Users/pereozogu/.m2/repository/org/apache/httpcomponents/httpclient/4.5.13/httpclient-4.5.13.jar:/Users/pereozogu/.m2/repository/org/apache/httpcomponents/httpcore/4.4.16/httpcore-4.4.16.jar:/Users/pereozogu/.m2/repository/org/postgresql/postgresql/42.6.2/postgresql-42.6.2.jar:/Users/pereozogu/.m2/repository/org/checkerframework/checker-qual/3.31.0/checker-qual-3.31.0.jar:/Users/pereozogu/.m2/repository/com/h2database/h2/2.1.214/h2-2.1.214.jar:/Users/pereozogu/.m2/repository/org/bouncycastle/bcprov-jdk15on/1.70/bcprov-jdk15on-1.70.jar:/Users/pereozogu/.m2/repository/com/auth0/java-jwt/4.4.0/java-jwt-4.4.0.jar:/Users/pereozogu/.m2/repository/com/fasterxml/jackson/core/jackson-databind/2.15.4/jackson-databind-2.15.4.jar:/Users/pereozogu/.m2/repository/com/google/zxing/core/3.5.1/core-3.5.1.jar:/Users/pereozogu/.m2/repository/com/google/zxing/javase/3.5.1/javase-3.5.1.jar:/Users/pereozogu/.m2/repository/com/beust/jcommander/1.82/jcommander-1.82.jar:/Users/pereozogu/.m2/repository/com/github/jai-imageio/jai-imageio-core/1.4.0/jai-imageio-core-1.4.0.jar:/Users/pereozogu/.m2/repository/org/projectlombok/lombok/1.18.32/lombok-1.18.32.jar:/Users/pereozogu/.m2/repository/org/mapstruct/mapstruct/1.5.5.Final/mapstruct-1.5.5.Final.jar:/Users/pereozogu/.m2/repository/org/springframework/boot/spring-boot-starter-test/3.1.12/spring-boot-starter-test-3.1.12.jar:/Users/pereozogu/.m2/repository/org/springframework/boot/spring-boot-test/3.1.12/spring-boot-test-3.1.12.jar:/Users/pereozogu/.m2/repository/org/springframework/boot/spring-boot-test-autoconfigure/3.1.12/spring-boot-test-autoconfigure-3.1.12.jar:/Users/pereozogu/.m2/repository/com/jayway/jsonpath/json-path/2.9.0/json-path-2.9.0.jar:/Users/pereozogu/.m2/repository/jakarta/xml/bind/jakarta.xml.bind-api/4.0.2/jakarta.xml.bind-api-4.0.2.jar:/Users/pereozogu/.m2/repository/jakarta/activation/jakarta.activation-api/2.1.3/jakarta.activation-api-2.1.3.jar:/Users/pereozogu/.m2/repository/net/minidev/json-smart/2.4.11/json-smart-2.4.11.jar:/Users/pereozogu/.m2/repository/net/minidev/accessors-smart/2.4.11/accessors-smart-2.4.11.jar:/Users/pereozogu/.m2/repository/org/assertj/assertj-core/3.24.2/assertj-core-3.24.2.jar:/Users/pereozogu/.m2/repository/org/hamcrest/hamcrest/2.2/hamcrest-2.2.jar:/Users/pereozogu/.m2/repository/org/junit/jupiter/junit-jupiter/5.9.3/junit-jupiter-5.9.3.jar:/Users/pereozogu/.m2/repository/org/mockito/mockito-core/5.3.1/mockito-core-5.3.1.jar:/Users/pereozogu/.m2/repository/net/bytebuddy/byte-buddy-agent/1.14.16/byte-buddy-agent-1.14.16.jar:/Users/pereozogu/.m2/repository/org/objenesis/objenesis/3.3/objenesis-3.3.jar:/Users/pereozogu/.m2/repository/org/mockito/mockito-junit-jupiter/5.3.1/mockito-junit-jupiter-5.3.1.jar:/Users/pereozogu/.m2/repository/org/skyscreamer/jsonassert/1.5.1/jsonassert-1.5.1.jar:/Users/pereozogu/.m2/repository/com/vaadin/external/google/android-json/0.0.20131108.vaadin1/android-json-0.0.20131108.vaadin1.jar:/Users/pereozogu/.m2/repository/org/springframework/spring-core/6.0.21/spring-core-6.0.21.jar:/Users/pereozogu/.m2/repository/org/springframework/spring-jcl/6.0.21/spring-jcl-6.0.21.jar:/Users/pereozogu/.m2/repository/org/springframework/spring-test/6.0.21/spring-test-6.0.21.jar:/Users/pereozogu/.m2/repository/org/xmlunit/xmlunit-core/2.9.1/xmlunit-core-2.9.1.jar:/Users/pereozogu/.m2/repository/org/springframework/security/spring-security-test/6.1.9/spring-security-test-6.1.9.jar:/Users/pereozogu/.m2/repository/org/testcontainers/junit-jupiter/1.18.3/junit-jupiter-1.18.3.jar:/Users/pereozogu/.m2/repository/org/testcontainers/testcontainers/1.18.3/testcontainers-1.18.3.jar:/Users/pereozogu/.m2/repository/junit/junit/4.13.2/junit-4.13.2.jar:/Users/pereozogu/.m2/repository/org/apache/commons/commons-compress/1.23.0/commons-compress-1.23.0.jar:/Users/pereozogu/.m2/repository/org/rnorth/duct-tape/duct-tape/1.0.8/duct-tape-1.0.8.jar:/Users/pereozogu/.m2/repository/org/jetbrains/annotations/17.0.0/annotations-17.0.0.jar:/Users/pereozogu/.m2/repository/com/github/docker-java/docker-java-api/3.3.0/docker-java-api-3.3.0.jar:/Users/pereozogu/.m2/repository/com/github/docker-java/docker-java-transport-zerodep/3.3.0/docker-java-transport-zerodep-3.3.0.jar:/Users/pereozogu/.m2/repository/com/github/docker-java/docker-java-transport/3.3.0/docker-java-transport-3.3.0.jar:/Users/pereozogu/.m2/repository/net/java/dev/jna/jna/5.12.1/jna-5.12.1.jar:/Users/pereozogu/.m2/repository/org/testcontainers/postgresql/1.18.3/postgresql-1.18.3.jar:/Users/pereozogu/.m2/repository/org/testcontainers/jdbc/1.18.3/jdbc-1.18.3.jar:/Users/pereozogu/.m2/repository/org/testcontainers/database-commons/1.18.3/database-commons-1.18.3.jar:/Users/pereozogu/.m2/repository/ca/uhn/hapi/fhir/hapi-fhir-test-utilities/6.6.0/hapi-fhir-test-utilities-6.6.0.jar:/Users/pereozogu/.m2/repository/ca/uhn/hapi/fhir/hapi-fhir-server/6.6.0/hapi-fhir-server-6.6.0.jar:/Users/pereozogu/.m2/repository/com/googlecode/owasp-java-html-sanitizer/owasp-java-html-sanitizer/20211018.2/owasp-java-html-sanitizer-20211018.2.jar:/Users/pereozogu/.m2/repository/org/springframework/spring-messaging/6.0.21/spring-messaging-6.0.21.jar:/Users/pereozogu/.m2/repository/org/simplejavamail/simple-java-mail/6.6.1/simple-java-mail-6.6.1.jar:/Users/pereozogu/.m2/repository/org/simplejavamail/core-module/6.6.1/core-module-6.6.1.jar:/Users/pereozogu/.m2/repository/com/sun/mail/jakarta.mail/1.6.5/jakarta.mail-1.6.5.jar:/Users/pereozogu/.m2/repository/com/sun/activation/jakarta.activation/1.2.1/jakarta.activation-1.2.1.jar:/Users/pereozogu/.m2/repository/com/github/bbottema/emailaddress-rfc2822/2.2.0/emailaddress-rfc2822-2.2.0.jar:/Users/pereozogu/.m2/repository/com/github/bbottema/jetbrains-runtime-annotations/1.0.0/jetbrains-runtime-annotations-1.0.0.jar:/Users/pereozogu/.m2/repository/org/apache/commons/commons-collections4/4.4/commons-collections4-4.4.jar:/Users/pereozogu/.m2/repository/ca/uhn/hapi/fhir/org.hl7.fhir.dstu3/6.0.1/org.hl7.fhir.dstu3-6.0.1.jar:/Users/pereozogu/.m2/repository/org/slf4j/slf4j-api/2.0.13/slf4j-api-2.0.13.jar:/Users/pereozogu/.m2/repository/ch/qos/logback/logback-classic/1.4.14/logback-classic-1.4.14.jar:/Users/pereozogu/.m2/repository/ch/qos/logback/logback-core/1.4.14/logback-core-1.4.14.jar:/Users/pereozogu/.m2/repository/org/springframework/spring-websocket/6.0.21/spring-websocket-6.0.21.jar:/Users/pereozogu/.m2/repository/org/hibernate/hibernate-entitymanager/5.6.12.Final/hibernate-entitymanager-5.6.12.Final.jar:/Users/pereozogu/.m2/repository/org/hibernate/hibernate-core/5.6.12.Final/hibernate-core-5.6.12.Final.jar:/Users/pereozogu/.m2/repository/antlr/antlr/2.7.7/antlr-2.7.7.jar:/Users/pereozogu/.m2/repository/javax/activation/javax.activation-api/1.2.0/javax.activation-api-1.2.0.jar:/Users/pereozogu/.m2/repository/javax/xml/bind/jaxb-api/2.3.1/jaxb-api-2.3.1.jar:/Users/pereozogu/.m2/repository/javax/persistence/javax.persistence-api/2.2/javax.persistence-api-2.2.jar:/Users/pereozogu/.m2/repository/org/hibernate/search/hibernate-search-mapper-orm/6.1.6.Final/hibernate-search-mapper-orm-6.1.6.Final.jar:/Users/pereozogu/.m2/repository/org/hibernate/search/hibernate-search-engine/6.1.6.Final/hibernate-search-engine-6.1.6.Final.jar:/Users/pereozogu/.m2/repository/org/hibernate/search/hibernate-search-mapper-pojo-base/6.1.6.Final/hibernate-search-mapper-pojo-base-6.1.6.Final.jar:/Users/pereozogu/.m2/repository/org/hibernate/search/hibernate-search-util-common/6.1.6.Final/hibernate-search-util-common-6.1.6.Final.jar:/Users/pereozogu/.m2/repository/org/jboss/jandex/2.4.2.Final/jandex-2.4.2.Final.jar:/Users/pereozogu/.m2/repository/net/sourceforge/htmlunit/htmlunit/2.70.0/htmlunit-2.70.0.jar:/Users/pereozogu/.m2/repository/org/apache/httpcomponents/httpmime/4.5.14/httpmime-4.5.14.jar:/Users/pereozogu/.m2/repository/net/sourceforge/htmlunit/htmlunit-core-js/2.70.0/htmlunit-core-js-2.70.0.jar:/Users/pereozogu/.m2/repository/net/sourceforge/htmlunit/neko-htmlunit/2.70.0/neko-htmlunit-2.70.0.jar:/Users/pereozogu/.m2/repository/net/sourceforge/htmlunit/htmlunit-cssparser/1.14.0/htmlunit-cssparser-1.14.0.jar:/Users/pereozogu/.m2/repository/net/sourceforge/htmlunit/htmlunit-xpath/2.70.0/htmlunit-xpath-2.70.0.jar:/Users/pereozogu/.m2/repository/commons-net/commons-net/3.9.0/commons-net-3.9.0.jar:/Users/pereozogu/.m2/repository/org/brotli/dec/0.1.2/dec-0.1.2.jar:/Users/pereozogu/.m2/repository/com/shapesecurity/salvation2/3.0.1/salvation2-3.0.1.jar:/Users/pereozogu/.m2/repository/org/awaitility/awaitility/4.2.1/awaitility-4.2.1.jar:/Users/pereozogu/.m2/repository/org/eclipse/jetty/jetty-servlet/11.0.21/jetty-servlet-11.0.21.jar:/Users/pereozogu/.m2/repository/org/eclipse/jetty/jetty-security/11.0.21/jetty-security-11.0.21.jar:/Users/pereozogu/.m2/repository/org/eclipse/jetty/websocket/websocket-jetty-server/11.0.21/websocket-jetty-server-11.0.21.jar:/Users/pereozogu/.m2/repository/org/eclipse/jetty/toolchain/jetty-jakarta-servlet-api/5.0.2/jetty-jakarta-servlet-api-5.0.2.jar:/Users/pereozogu/.m2/repository/org/eclipse/jetty/websocket/websocket-jetty-api/11.0.21/websocket-jetty-api-11.0.21.jar:/Users/pereozogu/.m2/repository/org/eclipse/jetty/websocket/websocket-jetty-common/11.0.21/websocket-jetty-common-11.0.21.jar:/Users/pereozogu/.m2/repository/org/eclipse/jetty/websocket/websocket-core-common/11.0.21/websocket-core-common-11.0.21.jar:/Users/pereozogu/.m2/repository/org/eclipse/jetty/websocket/websocket-servlet/11.0.21/websocket-servlet-11.0.21.jar:/Users/pereozogu/.m2/repository/org/eclipse/jetty/websocket/websocket-core-server/11.0.21/websocket-core-server-11.0.21.jar:/Users/pereozogu/.m2/repository/com/google/guava/guava-testlib/31.0.1-jre/guava-testlib-31.0.1-jre.jar:/Users/pereozogu/.m2/repository/com/google/errorprone/error_prone_annotations/2.7.1/error_prone_annotations-2.7.1.jar:/Users/pereozogu/.m2/repository/com/google/j2objc/j2objc-annotations/1.3/j2objc-annotations-1.3.jar:/Users/pereozogu/.m2/repository/org/junit/jupiter/junit-jupiter-api/5.9.3/junit-jupiter-api-5.9.3.jar:/Users/pereozogu/.m2/repository/org/opentest4j/opentest4j/1.2.0/opentest4j-1.2.0.jar:/Users/pereozogu/.m2/repository/org/junit/platform/junit-platform-commons/1.9.3/junit-platform-commons-1.9.3.jar:/Users/pereozogu/.m2/repository/org/apiguardian/apiguardian-api/1.1.2/apiguardian-api-1.1.2.jar:/Users/pereozogu/.m2/repository/org/junit/jupiter/junit-jupiter-engine/5.9.3/junit-jupiter-engine-5.9.3.jar:/Users/pereozogu/.m2/repository/org/junit/platform/junit-platform-engine/1.9.3/junit-platform-engine-1.9.3.jar:/Users/pereozogu/.m2/repository/org/junit/jupiter/junit-jupiter-params/5.9.3/junit-jupiter-params-5.9.3.jar:/Users/pereozogu/.m2/repository/com/github/tomakehurst/wiremock-jre8/2.35.0/wiremock-jre8-2.35.0.jar:/Users/pereozogu/.m2/repository/org/eclipse/jetty/jetty-server/11.0.21/jetty-server-11.0.21.jar:/Users/pereozogu/.m2/repository/org/eclipse/jetty/jetty-http/11.0.21/jetty-http-11.0.21.jar:/Users/pereozogu/.m2/repository/org/eclipse/jetty/jetty-io/11.0.21/jetty-io-11.0.21.jar:/Users/pereozogu/.m2/repository/org/eclipse/jetty/jetty-servlets/11.0.21/jetty-servlets-11.0.21.jar:/Users/pereozogu/.m2/repository/org/eclipse/jetty/jetty-util/11.0.21/jetty-util-11.0.21.jar:/Users/pereozogu/.m2/repository/org/eclipse/jetty/jetty-webapp/11.0.21/jetty-webapp-11.0.21.jar:/Users/pereozogu/.m2/repository/org/eclipse/jetty/jetty-xml/11.0.21/jetty-xml-11.0.21.jar:/Users/pereozogu/.m2/repository/org/eclipse/jetty/jetty-proxy/11.0.21/jetty-proxy-11.0.21.jar:/Users/pereozogu/.m2/repository/org/eclipse/jetty/jetty-client/11.0.21/jetty-client-11.0.21.jar:/Users/pereozogu/.m2/repository/org/eclipse/jetty/http2/http2-server/11.0.21/http2-server-11.0.21.jar:/Users/pereozogu/.m2/repository/org/eclipse/jetty/http2/http2-common/11.0.21/http2-common-11.0.21.jar:/Users/pereozogu/.m2/repository/org/eclipse/jetty/http2/http2-hpack/11.0.21/http2-hpack-11.0.21.jar:/Users/pereozogu/.m2/repository/org/eclipse/jetty/jetty-alpn-server/11.0.21/jetty-alpn-server-11.0.21.jar:/Users/pereozogu/.m2/repository/org/eclipse/jetty/jetty-alpn-java-server/11.0.21/jetty-alpn-java-server-11.0.21.jar:/Users/pereozogu/.m2/repository/org/eclipse/jetty/jetty-alpn-openjdk8-server/9.4.49.v20220914/jetty-alpn-openjdk8-server-9.4.49.v20220914.jar:/Users/pereozogu/.m2/repository/org/eclipse/jetty/jetty-alpn-java-client/11.0.21/jetty-alpn-java-client-11.0.21.jar:/Users/pereozogu/.m2/repository/org/eclipse/jetty/jetty-alpn-client/11.0.21/jetty-alpn-client-11.0.21.jar:/Users/pereozogu/.m2/repository/org/eclipse/jetty/jetty-alpn-openjdk8-client/9.4.49.v20220914/jetty-alpn-openjdk8-client-9.4.49.v20220914.jar:/Users/pereozogu/.m2/repository/com/google/guava/guava/31.1-jre/guava-31.1-jre.jar:/Users/pereozogu/.m2/repository/com/google/guava/failureaccess/1.0.1/failureaccess-1.0.1.jar:/Users/pereozogu/.m2/repository/com/google/guava/listenablefuture/9999.0-empty-to-avoid-conflict-with-guava/listenablefuture-9999.0-empty-to-avoid-conflict-with-guava.jar:/Users/pereozogu/.m2/repository/com/fasterxml/jackson/core/jackson-core/2.15.4/jackson-core-2.15.4.jar:/Users/pereozogu/.m2/repository/com/fasterxml/jackson/core/jackson-annotations/2.15.4/jackson-annotations-2.15.4.jar:/Users/pereozogu/.m2/repository/org/apache/httpcomponents/client5/httpclient5/5.2.3/httpclient5-5.2.3.jar:/Users/pereozogu/.m2/repository/org/apache/httpcomponents/core5/httpcore5/5.2.4/httpcore5-5.2.4.jar:/Users/pereozogu/.m2/repository/org/apache/httpcomponents/core5/httpcore5-h2/5.2.4/httpcore5-h2-5.2.4.jar:/Users/pereozogu/.m2/repository/org/xmlunit/xmlunit-legacy/2.9.1/xmlunit-legacy-2.9.1.jar:/Users/pereozogu/.m2/repository/org/xmlunit/xmlunit-placeholders/2.9.1/xmlunit-placeholders-2.9.1.jar:/Users/pereozogu/.m2/repository/net/javacrumbs/json-unit/json-unit-core/2.36.0/json-unit-core-2.36.0.jar:/Users/pereozogu/.m2/repository/org/hamcrest/hamcrest-core/2.2/hamcrest-core-2.2.jar:/Users/pereozogu/.m2/repository/org/ow2/asm/asm/9.4/asm-9.4.jar:/Users/pereozogu/.m2/repository/net/sf/jopt-simple/jopt-simple/5.0.4/jopt-simple-5.0.4.jar:/Users/pereozogu/.m2/repository/org/apache/commons/commons-lang3/3.12.0/commons-lang3-3.12.0.jar:/Users/pereozogu/.m2/repository/com/github/jknack/handlebars/4.3.1/handlebars-4.3.1.jar:/Users/pereozogu/.m2/repository/com/github/jknack/handlebars-helpers/4.3.1/handlebars-helpers-4.3.1.jar:/Users/pereozogu/.m2/repository/commons-fileupload/commons-fileupload/1.4/commons-fileupload-1.4.jar:/Users/pereozogu/.m2/repository/commons-io/commons-io/2.11.0/commons-io-2.11.0.jar:"/>
    <property name="java.vm.vendor" value="Amazon.com Inc."/>
    <property name="sun.arch.data.model" value="64"/>
    <property name="java.vendor.url" value="https://aws.amazon.com/corretto/"/>
    <property name="user.timezone" value="America/New_York"/>
    <property name="org.jboss.logging.provider" value="slf4j"/>
    <property name="os.name" value="Mac OS X"/>
    <property name="java.vm.specification.version" value="17"/>
    <property name="sun.java.launcher" value="SUN_STANDARD"/>
    <property name="user.country" value="US"/>
    <property name="sun.boot.library.path" value="/Users/pereozogu/.sdkman/candidates/java/17.0.9-amzn/lib"/>
    <property name="sun.java.command" value="/Users/pereozogu/healthcare-qr-sharing/target/surefire/surefirebooter-20250808114430716_3.jar /Users/pereozogu/healthcare-qr-sharing/target/surefire 2025-08-08T11-44-30_531-jvmRun1 surefire-20250808114430716_1tmp surefire_0-20250808114430716_2tmp"/>
    <property name="http.nonProxyHosts" value="local|*.local|169.254/16|*.169.254/16"/>
    <property name="jdk.debug" value="release"/>
    <property name="surefire.test.class.path" value="/Users/pereozogu/healthcare-qr-sharing/target/test-classes:/Users/pereozogu/healthcare-qr-sharing/target/classes:/Users/pereozogu/.m2/repository/org/springframework/boot/spring-boot-starter-web/3.1.12/spring-boot-starter-web-3.1.12.jar:/Users/pereozogu/.m2/repository/org/springframework/boot/spring-boot-starter/3.1.12/spring-boot-starter-3.1.12.jar:/Users/pereozogu/.m2/repository/org/springframework/boot/spring-boot/3.1.12/spring-boot-3.1.12.jar:/Users/pereozogu/.m2/repository/org/springframework/boot/spring-boot-autoconfigure/3.1.12/spring-boot-autoconfigure-3.1.12.jar:/Users/pereozogu/.m2/repository/org/springframework/boot/spring-boot-starter-logging/3.1.12/spring-boot-starter-logging-3.1.12.jar:/Users/pereozogu/.m2/repository/org/apache/logging/log4j/log4j-to-slf4j/2.20.0/log4j-to-slf4j-2.20.0.jar:/Users/pereozogu/.m2/repository/org/apache/logging/log4j/log4j-api/2.20.0/log4j-api-2.20.0.jar:/Users/pereozogu/.m2/repository/org/slf4j/jul-to-slf4j/2.0.13/jul-to-slf4j-2.0.13.jar:/Users/pereozogu/.m2/repository/jakarta/annotation/jakarta.annotation-api/2.1.1/jakarta.annotation-api-2.1.1.jar:/Users/pereozogu/.m2/repository/org/yaml/snakeyaml/1.33/snakeyaml-1.33.jar:/Users/pereozogu/.m2/repository/org/springframework/boot/spring-boot-starter-json/3.1.12/spring-boot-starter-json-3.1.12.jar:/Users/pereozogu/.m2/repository/com/fasterxml/jackson/datatype/jackson-datatype-jdk8/2.15.4/jackson-datatype-jdk8-2.15.4.jar:/Users/pereozogu/.m2/repository/com/fasterxml/jackson/datatype/jackson-datatype-jsr310/2.15.4/jackson-datatype-jsr310-2.15.4.jar:/Users/pereozogu/.m2/repository/com/fasterxml/jackson/module/jackson-module-parameter-names/2.15.4/jackson-module-parameter-names-2.15.4.jar:/Users/pereozogu/.m2/repository/org/springframework/boot/spring-boot-starter-tomcat/3.1.12/spring-boot-starter-tomcat-3.1.12.jar:/Users/pereozogu/.m2/repository/org/apache/tomcat/embed/tomcat-embed-core/10.1.24/tomcat-embed-core-10.1.24.jar:/Users/pereozogu/.m2/repository/org/apache/tomcat/embed/tomcat-embed-websocket/10.1.24/tomcat-embed-websocket-10.1.24.jar:/Users/pereozogu/.m2/repository/org/springframework/spring-web/6.0.21/spring-web-6.0.21.jar:/Users/pereozogu/.m2/repository/org/springframework/spring-beans/6.0.21/spring-beans-6.0.21.jar:/Users/pereozogu/.m2/repository/io/micrometer/micrometer-observation/1.11.12/micrometer-observation-1.11.12.jar:/Users/pereozogu/.m2/repository/io/micrometer/micrometer-commons/1.11.12/micrometer-commons-1.11.12.jar:/Users/pereozogu/.m2/repository/org/springframework/spring-webmvc/6.0.21/spring-webmvc-6.0.21.jar:/Users/pereozogu/.m2/repository/org/springframework/spring-context/6.0.21/spring-context-6.0.21.jar:/Users/pereozogu/.m2/repository/org/springframework/spring-expression/6.0.21/spring-expression-6.0.21.jar:/Users/pereozogu/.m2/repository/org/springframework/boot/spring-boot-starter-data-jpa/3.1.12/spring-boot-starter-data-jpa-3.1.12.jar:/Users/pereozogu/.m2/repository/org/springframework/boot/spring-boot-starter-aop/3.1.12/spring-boot-starter-aop-3.1.12.jar:/Users/pereozogu/.m2/repository/org/aspectj/aspectjweaver/1.9.22/aspectjweaver-1.9.22.jar:/Users/pereozogu/.m2/repository/org/springframework/boot/spring-boot-starter-jdbc/3.1.12/spring-boot-starter-jdbc-3.1.12.jar:/Users/pereozogu/.m2/repository/com/zaxxer/HikariCP/5.0.1/HikariCP-5.0.1.jar:/Users/pereozogu/.m2/repository/org/springframework/spring-jdbc/6.0.21/spring-jdbc-6.0.21.jar:/Users/pereozogu/.m2/repository/org/hibernate/orm/hibernate-core/6.2.25.Final/hibernate-core-6.2.25.Final.jar:/Users/pereozogu/.m2/repository/jakarta/persistence/jakarta.persistence-api/3.1.0/jakarta.persistence-api-3.1.0.jar:/Users/pereozogu/.m2/repository/jakarta/transaction/jakarta.transaction-api/2.0.1/jakarta.transaction-api-2.0.1.jar:/Users/pereozogu/.m2/repository/org/jboss/logging/jboss-logging/3.5.3.Final/jboss-logging-3.5.3.Final.jar:/Users/pereozogu/.m2/repository/org/hibernate/common/hibernate-commons-annotations/6.0.6.Final/hibernate-commons-annotations-6.0.6.Final.jar:/Users/pereozogu/.m2/repository/io/smallrye/jandex/3.0.5/jandex-3.0.5.jar:/Users/pereozogu/.m2/repository/com/fasterxml/classmate/1.5.1/classmate-1.5.1.jar:/Users/pereozogu/.m2/repository/net/bytebuddy/byte-buddy/1.14.16/byte-buddy-1.14.16.jar:/Users/pereozogu/.m2/repository/org/glassfish/jaxb/jaxb-runtime/4.0.5/jaxb-runtime-4.0.5.jar:/Users/pereozogu/.m2/repository/org/glassfish/jaxb/jaxb-core/4.0.5/jaxb-core-4.0.5.jar:/Users/pereozogu/.m2/repository/org/eclipse/angus/angus-activation/2.0.2/angus-activation-2.0.2.jar:/Users/pereozogu/.m2/repository/org/glassfish/jaxb/txw2/4.0.5/txw2-4.0.5.jar:/Users/pereozogu/.m2/repository/com/sun/istack/istack-commons-runtime/4.1.2/istack-commons-runtime-4.1.2.jar:/Users/pereozogu/.m2/repository/jakarta/inject/jakarta.inject-api/2.0.1/jakarta.inject-api-2.0.1.jar:/Users/pereozogu/.m2/repository/org/antlr/antlr4-runtime/4.10.1/antlr4-runtime-4.10.1.jar:/Users/pereozogu/.m2/repository/org/springframework/data/spring-data-jpa/3.1.12/spring-data-jpa-3.1.12.jar:/Users/pereozogu/.m2/repository/org/springframework/data/spring-data-commons/3.1.12/spring-data-commons-3.1.12.jar:/Users/pereozogu/.m2/repository/org/springframework/spring-orm/6.0.21/spring-orm-6.0.21.jar:/Users/pereozogu/.m2/repository/org/springframework/spring-tx/6.0.21/spring-tx-6.0.21.jar:/Users/pereozogu/.m2/repository/org/springframework/spring-aspects/6.0.21/spring-aspects-6.0.21.jar:/Users/pereozogu/.m2/repository/org/springframework/boot/spring-boot-starter-security/3.1.12/spring-boot-starter-security-3.1.12.jar:/Users/pereozogu/.m2/repository/org/springframework/spring-aop/6.0.21/spring-aop-6.0.21.jar:/Users/pereozogu/.m2/repository/org/springframework/security/spring-security-config/6.1.9/spring-security-config-6.1.9.jar:/Users/pereozogu/.m2/repository/org/springframework/security/spring-security-web/6.1.9/spring-security-web-6.1.9.jar:/Users/pereozogu/.m2/repository/org/springframework/boot/spring-boot-starter-oauth2-resource-server/3.1.12/spring-boot-starter-oauth2-resource-server-3.1.12.jar:/Users/pereozogu/.m2/repository/org/springframework/security/spring-security-core/6.1.9/spring-security-core-6.1.9.jar:/Users/pereozogu/.m2/repository/org/springframework/security/spring-security-crypto/6.1.9/spring-security-crypto-6.1.9.jar:/Users/pereozogu/.m2/repository/org/springframework/security/spring-security-oauth2-resource-server/6.1.9/spring-security-oauth2-resource-server-6.1.9.jar:/Users/pereozogu/.m2/repository/org/springframework/security/spring-security-oauth2-core/6.1.9/spring-security-oauth2-core-6.1.9.jar:/Users/pereozogu/.m2/repository/org/springframework/security/spring-security-oauth2-jose/6.1.9/spring-security-oauth2-jose-6.1.9.jar:/Users/pereozogu/.m2/repository/com/nimbusds/nimbus-jose-jwt/9.24.4/nimbus-jose-jwt-9.24.4.jar:/Users/pereozogu/.m2/repository/com/github/stephenc/jcip/jcip-annotations/1.0-1/jcip-annotations-1.0-1.jar:/Users/pereozogu/.m2/repository/org/springframework/boot/spring-boot-starter-thymeleaf/3.1.12/spring-boot-starter-thymeleaf-3.1.12.jar:/Users/pereozogu/.m2/repository/org/thymeleaf/thymeleaf-spring6/3.1.2.RELEASE/thymeleaf-spring6-3.1.2.RELEASE.jar:/Users/pereozogu/.m2/repository/org/thymeleaf/thymeleaf/3.1.2.RELEASE/thymeleaf-3.1.2.RELEASE.jar:/Users/pereozogu/.m2/repository/org/attoparser/attoparser/2.0.7.RELEASE/attoparser-2.0.7.RELEASE.jar:/Users/pereozogu/.m2/repository/org/unbescape/unbescape/1.1.6.RELEASE/unbescape-1.1.6.RELEASE.jar:/Users/pereozogu/.m2/repository/org/springframework/boot/spring-boot-starter-validation/3.1.12/spring-boot-starter-validation-3.1.12.jar:/Users/pereozogu/.m2/repository/org/apache/tomcat/embed/tomcat-embed-el/10.1.24/tomcat-embed-el-10.1.24.jar:/Users/pereozogu/.m2/repository/org/hibernate/validator/hibernate-validator/8.0.1.Final/hibernate-validator-8.0.1.Final.jar:/Users/pereozogu/.m2/repository/jakarta/validation/jakarta.validation-api/3.0.2/jakarta.validation-api-3.0.2.jar:/Users/pereozogu/.m2/repository/ca/uhn/hapi/fhir/hapi-fhir-spring-boot-starter/6.6.0/hapi-fhir-spring-boot-starter-6.6.0.jar:/Users/pereozogu/.m2/repository/ca/uhn/hapi/fhir/hapi-fhir-spring-boot-autoconfigure/6.6.0/hapi-fhir-spring-boot-autoconfigure-6.6.0.jar:/Users/pereozogu/.m2/repository/ca/uhn/hapi/fhir/hapi-fhir-structures-r4/6.6.0/hapi-fhir-structures-r4-6.6.0.jar:/Users/pereozogu/.m2/repository/ca/uhn/hapi/fhir/hapi-fhir-base/6.6.0/hapi-fhir-base-6.6.0.jar:/Users/pereozogu/.m2/repository/org/apache/commons/commons-text/1.10.0/commons-text-1.10.0.jar:/Users/pereozogu/.m2/repository/commons-codec/commons-codec/1.15/commons-codec-1.15.jar:/Users/pereozogu/.m2/repository/org/slf4j/jcl-over-slf4j/2.0.13/jcl-over-slf4j-2.0.13.jar:/Users/pereozogu/.m2/repository/ca/uhn/hapi/fhir/org.hl7.fhir.utilities/6.0.1/org.hl7.fhir.utilities-6.0.1.jar:/Users/pereozogu/.m2/repository/com/ibm/icu/icu4j/72.1/icu4j-72.1.jar:/Users/pereozogu/.m2/repository/ca/uhn/hapi/fhir/org.hl7.fhir.r4/6.0.1/org.hl7.fhir.r4-6.0.1.jar:/Users/pereozogu/.m2/repository/ca/uhn/hapi/fhir/hapi-fhir-caching-api/6.6.0/hapi-fhir-caching-api-6.6.0.jar:/Users/pereozogu/.m2/repository/com/google/code/findbugs/jsr305/3.0.2/jsr305-3.0.2.jar:/Users/pereozogu/.m2/repository/ca/uhn/hapi/fhir/hapi-fhir-client/6.6.0/hapi-fhir-client-6.6.0.jar:/Users/pereozogu/.m2/repository/org/apache/httpcomponents/httpclient/4.5.13/httpclient-4.5.13.jar:/Users/pereozogu/.m2/repository/org/apache/httpcomponents/httpcore/4.4.16/httpcore-4.4.16.jar:/Users/pereozogu/.m2/repository/org/postgresql/postgresql/42.6.2/postgresql-42.6.2.jar:/Users/pereozogu/.m2/repository/org/checkerframework/checker-qual/3.31.0/checker-qual-3.31.0.jar:/Users/pereozogu/.m2/repository/com/h2database/h2/2.1.214/h2-2.1.214.jar:/Users/pereozogu/.m2/repository/org/bouncycastle/bcprov-jdk15on/1.70/bcprov-jdk15on-1.70.jar:/Users/pereozogu/.m2/repository/com/auth0/java-jwt/4.4.0/java-jwt-4.4.0.jar:/Users/pereozogu/.m2/repository/com/fasterxml/jackson/core/jackson-databind/2.15.4/jackson-databind-2.15.4.jar:/Users/pereozogu/.m2/repository/com/google/zxing/core/3.5.1/core-3.5.1.jar:/Users/pereozogu/.m2/repository/com/google/zxing/javase/3.5.1/javase-3.5.1.jar:/Users/pereozogu/.m2/repository/com/beust/jcommander/1.82/jcommander-1.82.jar:/Users/pereozogu/.m2/repository/com/github/jai-imageio/jai-imageio-core/1.4.0/jai-imageio-core-1.4.0.jar:/Users/pereozogu/.m2/repository/org/projectlombok/lombok/1.18.32/lombok-1.18.32.jar:/Users/pereozogu/.m2/repository/org/mapstruct/mapstruct/1.5.5.Final/mapstruct-1.5.5.Final.jar:/Users/pereozogu/.m2/repository/org/springframework/boot/spring-boot-starter-test/3.1.12/spring-boot-starter-test-3.1.12.jar:/Users/pereozogu/.m2/repository/org/springframework/boot/spring-boot-test/3.1.12/spring-boot-test-3.1.12.jar:/Users/pereozogu/.m2/repository/org/springframework/boot/spring-boot-test-autoconfigure/3.1.12/spring-boot-test-autoconfigure-3.1.12.jar:/Users/pereozogu/.m2/repository/com/jayway/jsonpath/json-path/2.9.0/json-path-2.9.0.jar:/Users/pereozogu/.m2/repository/jakarta/xml/bind/jakarta.xml.bind-api/4.0.2/jakarta.xml.bind-api-4.0.2.jar:/Users/pereozogu/.m2/repository/jakarta/activation/jakarta.activation-api/2.1.3/jakarta.activation-api-2.1.3.jar:/Users/pereozogu/.m2/repository/net/minidev/json-smart/2.4.11/json-smart-2.4.11.jar:/Users/pereozogu/.m2/repository/net/minidev/accessors-smart/2.4.11/accessors-smart-2.4.11.jar:/Users/pereozogu/.m2/repository/org/assertj/assertj-core/3.24.2/assertj-core-3.24.2.jar:/Users/pereozogu/.m2/repository/org/hamcrest/hamcrest/2.2/hamcrest-2.2.jar:/Users/pereozogu/.m2/repository/org/junit/jupiter/junit-jupiter/5.9.3/junit-jupiter-5.9.3.jar:/Users/pereozogu/.m2/repository/org/mockito/mockito-core/5.3.1/mockito-core-5.3.1.jar:/Users/pereozogu/.m2/repository/net/bytebuddy/byte-buddy-agent/1.14.16/byte-buddy-agent-1.14.16.jar:/Users/pereozogu/.m2/repository/org/objenesis/objenesis/3.3/objenesis-3.3.jar:/Users/pereozogu/.m2/repository/org/mockito/mockito-junit-jupiter/5.3.1/mockito-junit-jupiter-5.3.1.jar:/Users/pereozogu/.m2/repository/org/skyscreamer/jsonassert/1.5.1/jsonassert-1.5.1.jar:/Users/pereozogu/.m2/repository/com/vaadin/external/google/android-json/0.0.20131108.vaadin1/android-json-0.0.20131108.vaadin1.jar:/Users/pereozogu/.m2/repository/org/springframework/spring-core/6.0.21/spring-core-6.0.21.jar:/Users/pereozogu/.m2/repository/org/springframework/spring-jcl/6.0.21/spring-jcl-6.0.21.jar:/Users/pereozogu/.m2/repository/org/springframework/spring-test/6.0.21/spring-test-6.0.21.jar:/Users/pereozogu/.m2/repository/org/xmlunit/xmlunit-core/2.9.1/xmlunit-core-2.9.1.jar:/Users/pereozogu/.m2/repository/org/springframework/security/spring-security-test/6.1.9/spring-security-test-6.1.9.jar:/Users/pereozogu/.m2/repository/org/testcontainers/junit-jupiter/1.18.3/junit-jupiter-1.18.3.jar:/Users/pereozogu/.m2/repository/org/testcontainers/testcontainers/1.18.3/testcontainers-1.18.3.jar:/Users/pereozogu/.m2/repository/junit/junit/4.13.2/junit-4.13.2.jar:/Users/pereozogu/.m2/repository/org/apache/commons/commons-compress/1.23.0/commons-compress-1.23.0.jar:/Users/pereozogu/.m2/repository/org/rnorth/duct-tape/duct-tape/1.0.8/duct-tape-1.0.8.jar:/Users/pereozogu/.m2/repository/org/jetbrains/annotations/17.0.0/annotations-17.0.0.jar:/Users/pereozogu/.m2/repository/com/github/docker-java/docker-java-api/3.3.0/docker-java-api-3.3.0.jar:/Users/pereozogu/.m2/repository/com/github/docker-java/docker-java-transport-zerodep/3.3.0/docker-java-transport-zerodep-3.3.0.jar:/Users/pereozogu/.m2/repository/com/github/docker-java/docker-java-transport/3.3.0/docker-java-transport-3.3.0.jar:/Users/pereozogu/.m2/repository/net/java/dev/jna/jna/5.12.1/jna-5.12.1.jar:/Users/pereozogu/.m2/repository/org/testcontainers/postgresql/1.18.3/postgresql-1.18.3.jar:/Users/pereozogu/.m2/repository/org/testcontainers/jdbc/1.18.3/jdbc-1.18.3.jar:/Users/pereozogu/.m2/repository/org/testcontainers/database-commons/1.18.3/database-commons-1.18.3.jar:/Users/pereozogu/.m2/repository/ca/uhn/hapi/fhir/hapi-fhir-test-utilities/6.6.0/hapi-fhir-test-utilities-6.6.0.jar:/Users/pereozogu/.m2/repository/ca/uhn/hapi/fhir/hapi-fhir-server/6.6.0/hapi-fhir-server-6.6.0.jar:/Users/pereozogu/.m2/repository/com/googlecode/owasp-java-html-sanitizer/owasp-java-html-sanitizer/20211018.2/owasp-java-html-sanitizer-20211018.2.jar:/Users/pereozogu/.m2/repository/org/springframework/spring-messaging/6.0.21/spring-messaging-6.0.21.jar:/Users/pereozogu/.m2/repository/org/simplejavamail/simple-java-mail/6.6.1/simple-java-mail-6.6.1.jar:/Users/pereozogu/.m2/repository/org/simplejavamail/core-module/6.6.1/core-module-6.6.1.jar:/Users/pereozogu/.m2/repository/com/sun/mail/jakarta.mail/1.6.5/jakarta.mail-1.6.5.jar:/Users/pereozogu/.m2/repository/com/sun/activation/jakarta.activation/1.2.1/jakarta.activation-1.2.1.jar:/Users/pereozogu/.m2/repository/com/github/bbottema/emailaddress-rfc2822/2.2.0/emailaddress-rfc2822-2.2.0.jar:/Users/pereozogu/.m2/repository/com/github/bbottema/jetbrains-runtime-annotations/1.0.0/jetbrains-runtime-annotations-1.0.0.jar:/Users/pereozogu/.m2/repository/org/apache/commons/commons-collections4/4.4/commons-collections4-4.4.jar:/Users/pereozogu/.m2/repository/ca/uhn/hapi/fhir/org.hl7.fhir.dstu3/6.0.1/org.hl7.fhir.dstu3-6.0.1.jar:/Users/pereozogu/.m2/repository/org/slf4j/slf4j-api/2.0.13/slf4j-api-2.0.13.jar:/Users/pereozogu/.m2/repository/ch/qos/logback/logback-classic/1.4.14/logback-classic-1.4.14.jar:/Users/pereozogu/.m2/repository/ch/qos/logback/logback-core/1.4.14/logback-core-1.4.14.jar:/Users/pereozogu/.m2/repository/org/springframework/spring-websocket/6.0.21/spring-websocket-6.0.21.jar:/Users/pereozogu/.m2/repository/org/hibernate/hibernate-entitymanager/5.6.12.Final/hibernate-entitymanager-5.6.12.Final.jar:/Users/pereozogu/.m2/repository/org/hibernate/hibernate-core/5.6.12.Final/hibernate-core-5.6.12.Final.jar:/Users/pereozogu/.m2/repository/antlr/antlr/2.7.7/antlr-2.7.7.jar:/Users/pereozogu/.m2/repository/javax/activation/javax.activation-api/1.2.0/javax.activation-api-1.2.0.jar:/Users/pereozogu/.m2/repository/javax/xml/bind/jaxb-api/2.3.1/jaxb-api-2.3.1.jar:/Users/pereozogu/.m2/repository/javax/persistence/javax.persistence-api/2.2/javax.persistence-api-2.2.jar:/Users/pereozogu/.m2/repository/org/hibernate/search/hibernate-search-mapper-orm/6.1.6.Final/hibernate-search-mapper-orm-6.1.6.Final.jar:/Users/pereozogu/.m2/repository/org/hibernate/search/hibernate-search-engine/6.1.6.Final/hibernate-search-engine-6.1.6.Final.jar:/Users/pereozogu/.m2/repository/org/hibernate/search/hibernate-search-mapper-pojo-base/6.1.6.Final/hibernate-search-mapper-pojo-base-6.1.6.Final.jar:/Users/pereozogu/.m2/repository/org/hibernate/search/hibernate-search-util-common/6.1.6.Final/hibernate-search-util-common-6.1.6.Final.jar:/Users/pereozogu/.m2/repository/org/jboss/jandex/2.4.2.Final/jandex-2.4.2.Final.jar:/Users/pereozogu/.m2/repository/net/sourceforge/htmlunit/htmlunit/2.70.0/htmlunit-2.70.0.jar:/Users/pereozogu/.m2/repository/org/apache/httpcomponents/httpmime/4.5.14/httpmime-4.5.14.jar:/Users/pereozogu/.m2/repository/net/sourceforge/htmlunit/htmlunit-core-js/2.70.0/htmlunit-core-js-2.70.0.jar:/Users/pereozogu/.m2/repository/net/sourceforge/htmlunit/neko-htmlunit/2.70.0/neko-htmlunit-2.70.0.jar:/Users/pereozogu/.m2/repository/net/sourceforge/htmlunit/htmlunit-cssparser/1.14.0/htmlunit-cssparser-1.14.0.jar:/Users/pereozogu/.m2/repository/net/sourceforge/htmlunit/htmlunit-xpath/2.70.0/htmlunit-xpath-2.70.0.jar:/Users/pereozogu/.m2/repository/commons-net/commons-net/3.9.0/commons-net-3.9.0.jar:/Users/pereozogu/.m2/repository/org/brotli/dec/0.1.2/dec-0.1.2.jar:/Users/pereozogu/.m2/repository/com/shapesecurity/salvation2/3.0.1/salvation2-3.0.1.jar:/Users/pereozogu/.m2/repository/org/awaitility/awaitility/4.2.1/awaitility-4.2.1.jar:/Users/pereozogu/.m2/repository/org/eclipse/jetty/jetty-servlet/11.0.21/jetty-servlet-11.0.21.jar:/Users/pereozogu/.m2/repository/org/eclipse/jetty/jetty-security/11.0.21/jetty-security-11.0.21.jar:/Users/pereozogu/.m2/repository/org/eclipse/jetty/websocket/websocket-jetty-server/11.0.21/websocket-jetty-server-11.0.21.jar:/Users/pereozogu/.m2/repository/org/eclipse/jetty/toolchain/jetty-jakarta-servlet-api/5.0.2/jetty-jakarta-servlet-api-5.0.2.jar:/Users/pereozogu/.m2/repository/org/eclipse/jetty/websocket/websocket-jetty-api/11.0.21/websocket-jetty-api-11.0.21.jar:/Users/pereozogu/.m2/repository/org/eclipse/jetty/websocket/websocket-jetty-common/11.0.21/websocket-jetty-common-11.0.21.jar:/Users/pereozogu/.m2/repository/org/eclipse/jetty/websocket/websocket-core-common/11.0.21/websocket-core-common-11.0.21.jar:/Users/pereozogu/.m2/repository/org/eclipse/jetty/websocket/websocket-servlet/11.0.21/websocket-servlet-11.0.21.jar:/Users/pereozogu/.m2/repository/org/eclipse/jetty/websocket/websocket-core-server/11.0.21/websocket-core-server-11.0.21.jar:/Users/pereozogu/.m2/repository/com/google/guava/guava-testlib/31.0.1-jre/guava-testlib-31.0.1-jre.jar:/Users/pereozogu/.m2/repository/com/google/errorprone/error_prone_annotations/2.7.1/error_prone_annotations-2.7.1.jar:/Users/pereozogu/.m2/repository/com/google/j2objc/j2objc-annotations/1.3/j2objc-annotations-1.3.jar:/Users/pereozogu/.m2/repository/org/junit/jupiter/junit-jupiter-api/5.9.3/junit-jupiter-api-5.9.3.jar:/Users/pereozogu/.m2/repository/org/opentest4j/opentest4j/1.2.0/opentest4j-1.2.0.jar:/Users/pereozogu/.m2/repository/org/junit/platform/junit-platform-commons/1.9.3/junit-platform-commons-1.9.3.jar:/Users/pereozogu/.m2/repository/org/apiguardian/apiguardian-api/1.1.2/apiguardian-api-1.1.2.jar:/Users/pereozogu/.m2/repository/org/junit/jupiter/junit-jupiter-engine/5.9.3/junit-jupiter-engine-5.9.3.jar:/Users/pereozogu/.m2/repository/org/junit/platform/junit-platform-engine/1.9.3/junit-platform-engine-1.9.3.jar:/Users/pereozogu/.m2/repository/org/junit/jupiter/junit-jupiter-params/5.9.3/junit-jupiter-params-5.9.3.jar:/Users/pereozogu/.m2/repository/com/github/tomakehurst/wiremock-jre8/2.35.0/wiremock-jre8-2.35.0.jar:/Users/pereozogu/.m2/repository/org/eclipse/jetty/jetty-server/11.0.21/jetty-server-11.0.21.jar:/Users/pereozogu/.m2/repository/org/eclipse/jetty/jetty-http/11.0.21/jetty-http-11.0.21.jar:/Users/pereozogu/.m2/repository/org/eclipse/jetty/jetty-io/11.0.21/jetty-io-11.0.21.jar:/Users/pereozogu/.m2/repository/org/eclipse/jetty/jetty-servlets/11.0.21/jetty-servlets-11.0.21.jar:/Users/pereozogu/.m2/repository/org/eclipse/jetty/jetty-util/11.0.21/jetty-util-11.0.21.jar:/Users/pereozogu/.m2/repository/org/eclipse/jetty/jetty-webapp/11.0.21/jetty-webapp-11.0.21.jar:/Users/pereozogu/.m2/repository/org/eclipse/jetty/jetty-xml/11.0.21/jetty-xml-11.0.21.jar:/Users/pereozogu/.m2/repository/org/eclipse/jetty/jetty-proxy/11.0.21/jetty-proxy-11.0.21.jar:/Users/pereozogu/.m2/repository/org/eclipse/jetty/jetty-client/11.0.21/jetty-client-11.0.21.jar:/Users/pereozogu/.m2/repository/org/eclipse/jetty/http2/http2-server/11.0.21/http2-server-11.0.21.jar:/Users/pereozogu/.m2/repository/org/eclipse/jetty/http2/http2-common/11.0.21/http2-common-11.0.21.jar:/Users/pereozogu/.m2/repository/org/eclipse/jetty/http2/http2-hpack/11.0.21/http2-hpack-11.0.21.jar:/Users/pereozogu/.m2/repository/org/eclipse/jetty/jetty-alpn-server/11.0.21/jetty-alpn-server-11.0.21.jar:/Users/pereozogu/.m2/repository/org/eclipse/jetty/jetty-alpn-java-server/11.0.21/jetty-alpn-java-server-11.0.21.jar:/Users/pereozogu/.m2/repository/org/eclipse/jetty/jetty-alpn-openjdk8-server/9.4.49.v20220914/jetty-alpn-openjdk8-server-9.4.49.v20220914.jar:/Users/pereozogu/.m2/repository/org/eclipse/jetty/jetty-alpn-java-client/11.0.21/jetty-alpn-java-client-11.0.21.jar:/Users/pereozogu/.m2/repository/org/eclipse/jetty/jetty-alpn-client/11.0.21/jetty-alpn-client-11.0.21.jar:/Users/pereozogu/.m2/repository/org/eclipse/jetty/jetty-alpn-openjdk8-client/9.4.49.v20220914/jetty-alpn-openjdk8-client-9.4.49.v20220914.jar:/Users/pereozogu/.m2/repository/com/google/guava/guava/31.1-jre/guava-31.1-jre.jar:/Users/pereozogu/.m2/repository/com/google/guava/failureaccess/1.0.1/failureaccess-1.0.1.jar:/Users/pereozogu/.m2/repository/com/google/guava/listenablefuture/9999.0-empty-to-avoid-conflict-with-guava/listenablefuture-9999.0-empty-to-avoid-conflict-with-guava.jar:/Users/pereozogu/.m2/repository/com/fasterxml/jackson/core/jackson-core/2.15.4/jackson-core-2.15.4.jar:/Users/pereozogu/.m2/repository/com/fasterxml/jackson/core/jackson-annotations/2.15.4/jackson-annotations-2.15.4.jar:/Users/pereozogu/.m2/repository/org/apache/httpcomponents/client5/httpclient5/5.2.3/httpclient5-5.2.3.jar:/Users/pereozogu/.m2/repository/org/apache/httpcomponents/core5/httpcore5/5.2.4/httpcore5-5.2.4.jar:/Users/pereozogu/.m2/repository/org/apache/httpcomponents/core5/httpcore5-h2/5.2.4/httpcore5-h2-5.2.4.jar:/Users/pereozogu/.m2/repository/org/xmlunit/xmlunit-legacy/2.9.1/xmlunit-legacy-2.9.1.jar:/Users/pereozogu/.m2/repository/org/xmlunit/xmlunit-placeholders/2.9.1/xmlunit-placeholders-2.9.1.jar:/Users/pereozogu/.m2/repository/net/javacrumbs/json-unit/json-unit-core/2.36.0/json-unit-core-2.36.0.jar:/Users/pereozogu/.m2/repository/org/hamcrest/hamcrest-core/2.2/hamcrest-core-2.2.jar:/Users/pereozogu/.m2/repository/org/ow2/asm/asm/9.4/asm-9.4.jar:/Users/pereozogu/.m2/repository/net/sf/jopt-simple/jopt-simple/5.0.4/jopt-simple-5.0.4.jar:/Users/pereozogu/.m2/repository/org/apache/commons/commons-lang3/3.12.0/commons-lang3-3.12.0.jar:/Users/pereozogu/.m2/repository/com/github/jknack/handlebars/4.3.1/handlebars-4.3.1.jar:/Users/pereozogu/.m2/repository/com/github/jknack/handlebars-helpers/4.3.1/handlebars-helpers-4.3.1.jar:/Users/pereozogu/.m2/repository/commons-fileupload/commons-fileupload/1.4/commons-fileupload-1.4.jar:/Users/pereozogu/.m2/repository/commons-io/commons-io/2.11.0/commons-io-2.11.0.jar:"/>
    <property name="sun.cpu.endian" value="little"/>
    <property name="user.home" value="/Users/pereozogu"/>
    <property name="user.language" value="en"/>
    <property name="java.specification.vendor" value="Oracle Corporation"/>
    <property name="java.version.date" value="2023-10-17"/>
    <property name="java.home" value="/Users/pereozogu/.sdkman/candidates/java/17.0.9-amzn"/>
    <property name="file.separator" value="/"/>
    <property name="basedir" value="/Users/pereozogu/healthcare-qr-sharing"/>
    <property name="java.vm.compressedOopsMode" value="Zero based"/>
    <property name="line.separator" value="&#10;"/>
    <property name="java.vm.specification.vendor" value="Oracle Corporation"/>
    <property name="java.specification.name" value="Java Platform API Specification"/>
    <property name="FILE_LOG_CHARSET" value="UTF-8"/>
    <property name="java.awt.headless" value="true"/>
    <property name="surefire.real.class.path" value="/Users/pereozogu/healthcare-qr-sharing/target/surefire/surefirebooter-20250808114430716_3.jar"/>
    <property name="sun.management.compiler" value="HotSpot 64-Bit Tiered Compilers"/>
    <property name="ftp.nonProxyHosts" value="local|*.local|169.254/16|*.169.254/16"/>
    <property name="java.runtime.version" value="17.0.9+8-LTS"/>
    <property name="user.name" value="pereozogu"/>
    <property name="path.separator" value=":"/>
    <property name="os.version" value="15.6"/>
    <property name="java.runtime.name" value="OpenJDK Runtime Environment"/>
    <property name="file.encoding" value="UTF-8"/>
    <property name="java.vm.name" value="OpenJDK 64-Bit Server VM"/>
    <property name="java.vendor.version" value="Corretto-17.0.9.8.1"/>
    <property name="localRepository" value="/Users/pereozogu/.m2/repository"/>
    <property name="java.vendor.url.bug" value="https://github.com/corretto/corretto-17/issues/"/>
    <property name="java.io.tmpdir" value="/var/folders/b8/cm3xb44j3fb_klbr7yylz2vh0000gp/T/"/>
    <property name="com.zaxxer.hikari.pool_number" value="4"/>
    <property name="java.version" value="17.0.9"/>
    <property name="user.dir" value="/Users/pereozogu/healthcare-qr-sharing"/>
    <property name="os.arch" value="x86_64"/>
    <property name="java.vm.specification.name" value="Java Virtual Machine Specification"/>
    <property name="PID" value="4069"/>
    <property name="CONSOLE_LOG_CHARSET" value="UTF-8"/>
    <property name="native.encoding" value="UTF-8"/>
    <property name="java.library.path" value="/Users/pereozogu/Library/Java/Extensions:/Library/Java/Extensions:/Network/Library/Java/Extensions:/System/Library/Java/Extensions:/usr/lib/java:."/>
    <property name="java.vm.info" value="mixed mode, sharing"/>
    <property name="java.vendor" value="Amazon.com Inc."/>
    <property name="java.vm.version" value="17.0.9+8-LTS"/>
    <property name="sun.io.unicode.encoding" value="UnicodeBig"/>
    <property name="socksNonProxyHosts" value="local|*.local|169.254/16|*.169.254/16"/>
    <property name="java.class.version" value="61.0"/>
  </properties>
  <testcase name="getPatientData_FhirServerError_ShouldHandleGracefully" classname="com.healthcare.service.FhirServiceTest" time="0.062">
    <error message="javax/servlet/DispatcherType" type="java.lang.NoClassDefFoundError"><![CDATA[java.lang.NoClassDefFoundError: javax/servlet/DispatcherType
	at java.base/java.lang.Class.forName0(Native Method)
	at java.base/java.lang.Class.forName(Class.java:375)
	at com.github.tomakehurst.wiremock.jetty9.JettyHttpServerFactory.getServerConstructor(JettyHttpServerFactory.java:37)
	at com.github.tomakehurst.wiremock.jetty9.JettyHttpServerFactory.<clinit>(JettyHttpServerFactory.java:30)
	at com.github.tomakehurst.wiremock.core.WireMockConfiguration.<init>(WireMockConfiguration.java:94)
	at com.github.tomakehurst.wiremock.core.WireMockConfiguration.wireMockConfig(WireMockConfiguration.java:135)
	at com.github.tomakehurst.wiremock.WireMockServer.<init>(WireMockServer.java:117)
	at com.healthcare.service.FhirServiceTest.setUp(FhirServiceTest.java:27)
	at java.base/jdk.internal.reflect.NativeMethodAccessorImpl.invoke0(Native Method)
	at java.base/jdk.internal.reflect.NativeMethodAccessorImpl.invoke(NativeMethodAccessorImpl.java:77)
	at java.base/jdk.internal.reflect.DelegatingMethodAccessorImpl.invoke(DelegatingMethodAccessorImpl.java:43)
	at java.base/java.lang.reflect.Method.invoke(Method.java:568)
	at org.junit.platform.commons.util.ReflectionUtils.invokeMethod(ReflectionUtils.java:727)
	at org.junit.jupiter.engine.execution.MethodInvocation.proceed(MethodInvocation.java:60)
	at org.junit.jupiter.engine.execution.InvocationInterceptorChain$ValidatingInvocation.proceed(InvocationInterceptorChain.java:131)
	at org.junit.jupiter.engine.extension.TimeoutExtension.intercept(TimeoutExtension.java:156)
	at org.junit.jupiter.engine.extension.TimeoutExtension.interceptLifecycleMethod(TimeoutExtension.java:128)
	at org.junit.jupiter.engine.extension.TimeoutExtension.interceptBeforeEachMethod(TimeoutExtension.java:78)
	at org.junit.jupiter.engine.execution.InterceptingExecutableInvoker$ReflectiveInterceptorCall.lambda$ofVoidMethod$0(InterceptingExecutableInvoker.java:103)
	at org.junit.jupiter.engine.execution.InterceptingExecutableInvoker.lambda$invoke$0(InterceptingExecutableInvoker.java:93)
	at org.junit.jupiter.engine.execution.InvocationInterceptorChain$InterceptedInvocation.proceed(InvocationInterceptorChain.java:106)
	at org.junit.jupiter.engine.execution.InvocationInterceptorChain.proceed(InvocationInterceptorChain.java:64)
	at org.junit.jupiter.engine.execution.InvocationInterceptorChain.chainAndInvoke(InvocationInterceptorChain.java:45)
	at org.junit.jupiter.engine.execution.InvocationInterceptorChain.invoke(InvocationInterceptorChain.java:37)
	at org.junit.jupiter.engine.execution.InterceptingExecutableInvoker.invoke(InterceptingExecutableInvoker.java:92)
	at org.junit.jupiter.engine.execution.InterceptingExecutableInvoker.invoke(InterceptingExecutableInvoker.java:86)
	at org.junit.jupiter.engine.descriptor.ClassBasedTestDescriptor.invokeMethodInExtensionContext(ClassBasedTestDescriptor.java:520)
	at org.junit.jupiter.engine.descriptor.ClassBasedTestDescriptor.lambda$synthesizeBeforeEachMethodAdapter$23(ClassBasedTestDescriptor.java:505)
	at org.junit.jupiter.engine.descriptor.TestMethodTestDescriptor.lambda$invokeBeforeEachMethods$3(TestMethodTestDescriptor.java:174)
	at org.junit.jupiter.engine.descriptor.TestMethodTestDescriptor.lambda$invokeBeforeMethodsOrCallbacksUntilExceptionOccurs$6(TestMethodTestDescriptor.java:202)
	at org.junit.platform.engine.support.hierarchical.ThrowableCollector.execute(ThrowableCollector.java:73)
	at org.junit.jupiter.engine.descriptor.TestMethodTestDescriptor.invokeBeforeMethodsOrCallbacksUntilExceptionOccurs(TestMethodTestDescriptor.java:202)
	at org.junit.jupiter.engine.descriptor.TestMethodTestDescriptor.invokeBeforeEachMethods(TestMethodTestDescriptor.java:171)
	at org.junit.jupiter.engine.descriptor.TestMethodTestDescriptor.execute(TestMethodTestDescriptor.java:134)
	at org.junit.jupiter.engine.descriptor.TestMethodTestDescriptor.execute(TestMethodTestDescriptor.java:68)
	at org.junit.platform.engine.support.hierarchical.NodeTestTask.lambda$executeRecursively$6(NodeTestTask.java:151)
	at org.junit.platform.engine.support.hierarchical.ThrowableCollector.execute(ThrowableCollector.java:73)
	at org.junit.platform.engine.support.hierarchical.NodeTestTask.lambda$executeRecursively$8(NodeTestTask.java:141)
	at org.junit.platform.engine.support.hierarchical.Node.around(Node.java:137)
	at org.junit.platform.engine.support.hierarchical.NodeTestTask.lambda$executeRecursively$9(NodeTestTask.java:139)
	at org.junit.platform.engine.support.hierarchical.ThrowableCollector.execute(ThrowableCollector.java:73)
	at org.junit.platform.engine.support.hierarchical.NodeTestTask.executeRecursively(NodeTestTask.java:138)
	at org.junit.platform.engine.support.hierarchical.NodeTestTask.execute(NodeTestTask.java:95)
	at java.base/java.util.ArrayList.forEach(ArrayList.java:1511)
	at org.junit.platform.engine.support.hierarchical.SameThreadHierarchicalTestExecutorService.invokeAll(SameThreadHierarchicalTestExecutorService.java:41)
	at org.junit.platform.engine.support.hierarchical.NodeTestTask.lambda$executeRecursively$6(NodeTestTask.java:155)
	at org.junit.platform.engine.support.hierarchical.ThrowableCollector.execute(ThrowableCollector.java:73)
	at org.junit.platform.engine.support.hierarchical.NodeTestTask.lambda$executeRecursively$8(NodeTestTask.java:141)
	at org.junit.platform.engine.support.hierarchical.Node.around(Node.java:137)
	at org.junit.platform.engine.support.hierarchical.NodeTestTask.lambda$executeRecursively$9(NodeTestTask.java:139)
	at org.junit.platform.engine.support.hierarchical.ThrowableCollector.execute(ThrowableCollector.java:73)
	at org.junit.platform.engine.support.hierarchical.NodeTestTask.executeRecursively(NodeTestTask.java:138)
	at org.junit.platform.engine.support.hierarchical.NodeTestTask.execute(NodeTestTask.java:95)
	at java.base/java.util.ArrayList.forEach(ArrayList.java:1511)
	at org.junit.platform.engine.support.hierarchical.SameThreadHierarchicalTestExecutorService.invokeAll(SameThreadHierarchicalTestExecutorService.java:41)
	at org.junit.platform.engine.support.hierarchical.NodeTestTask.lambda$executeRecursively$6(NodeTestTask.java:155)
	at org.junit.platform.engine.support.hierarchical.ThrowableCollector.execute(ThrowableCollector.java:73)
	at org.junit.platform.engine.support.hierarchical.NodeTestTask.lambda$executeRecursively$8(NodeTestTask.java:141)
	at org.junit.platform.engine.support.hierarchical.Node.around(Node.java:137)
	at org.junit.platform.engine.support.hierarchical.NodeTestTask.lambda$executeRecursively$9(NodeTestTask.java:139)
	at org.junit.platform.engine.support.hierarchical.ThrowableCollector.execute(ThrowableCollector.java:73)
	at org.junit.platform.engine.support.hierarchical.NodeTestTask.executeRecursively(NodeTestTask.java:138)
	at org.junit.platform.engine.support.hierarchical.NodeTestTask.execute(NodeTestTask.java:95)
	at org.junit.platform.engine.support.hierarchical.SameThreadHierarchicalTestExecutorService.submit(SameThreadHierarchicalTestExecutorService.java:35)
	at org.junit.platform.engine.support.hierarchical.HierarchicalTestExecutor.execute(HierarchicalTestExecutor.java:57)
	at org.junit.platform.engine.support.hierarchical.HierarchicalTestEngine.execute(HierarchicalTestEngine.java:54)
	at org.junit.platform.launcher.core.EngineExecutionOrchestrator.execute(EngineExecutionOrchestrator.java:147)
	at org.junit.platform.launcher.core.EngineExecutionOrchestrator.execute(EngineExecutionOrchestrator.java:127)
	at org.junit.platform.launcher.core.EngineExecutionOrchestrator.execute(EngineExecutionOrchestrator.java:90)
	at org.junit.platform.launcher.core.EngineExecutionOrchestrator.lambda$execute$0(EngineExecutionOrchestrator.java:55)
	at org.junit.platform.launcher.core.EngineExecutionOrchestrator.withInterceptedStreams(EngineExecutionOrchestrator.java:102)
	at org.junit.platform.launcher.core.EngineExecutionOrchestrator.execute(EngineExecutionOrchestrator.java:54)
	at org.junit.platform.launcher.core.DefaultLauncher.execute(DefaultLauncher.java:114)
	at org.junit.platform.launcher.core.DefaultLauncher.execute(DefaultLauncher.java:86)
	at org.junit.platform.launcher.core.DefaultLauncherSession$DelegatingLauncher.execute(DefaultLauncherSession.java:86)
	at org.apache.maven.surefire.junitplatform.LazyLauncher.execute(LazyLauncher.java:50)
	at org.apache.maven.surefire.junitplatform.JUnitPlatformProvider.execute(JUnitPlatformProvider.java:184)
	at org.apache.maven.surefire.junitplatform.JUnitPlatformProvider.invokeAllTests(JUnitPlatformProvider.java:148)
	at org.apache.maven.surefire.junitplatform.JUnitPlatformProvider.invoke(JUnitPlatformProvider.java:122)
	at org.apache.maven.surefire.booter.ForkedBooter.runSuitesInProcess(ForkedBooter.java:385)
	at org.apache.maven.surefire.booter.ForkedBooter.execute(ForkedBooter.java:162)
	at org.apache.maven.surefire.booter.ForkedBooter.run(ForkedBooter.java:507)
	at org.apache.maven.surefire.booter.ForkedBooter.main(ForkedBooter.java:495)
	Suppressed: java.lang.NullPointerException: Cannot invoke "com.github.tomakehurst.wiremock.WireMockServer.stop()" because "this.wireMockServer" is null
		at com.healthcare.service.FhirServiceTest.tearDown(FhirServiceTest.java:36)
		at java.base/jdk.internal.reflect.NativeMethodAccessorImpl.invoke0(Native Method)
		at java.base/jdk.internal.reflect.NativeMethodAccessorImpl.invoke(NativeMethodAccessorImpl.java:77)
		at java.base/jdk.internal.reflect.DelegatingMethodAccessorImpl.invoke(DelegatingMethodAccessorImpl.java:43)
		at java.base/java.lang.reflect.Method.invoke(Method.java:568)
		at org.junit.platform.commons.util.ReflectionUtils.invokeMethod(ReflectionUtils.java:727)
		at org.junit.jupiter.engine.execution.MethodInvocation.proceed(MethodInvocation.java:60)
		at org.junit.jupiter.engine.execution.InvocationInterceptorChain$ValidatingInvocation.proceed(InvocationInterceptorChain.java:131)
		at org.junit.jupiter.engine.extension.TimeoutExtension.intercept(TimeoutExtension.java:156)
		at org.junit.jupiter.engine.extension.TimeoutExtension.interceptLifecycleMethod(TimeoutExtension.java:128)
		at org.junit.jupiter.engine.extension.TimeoutExtension.interceptAfterEachMethod(TimeoutExtension.java:110)
		at org.junit.jupiter.engine.execution.InterceptingExecutableInvoker$ReflectiveInterceptorCall.lambda$ofVoidMethod$0(InterceptingExecutableInvoker.java:103)
		at org.junit.jupiter.engine.execution.InterceptingExecutableInvoker.lambda$invoke$0(InterceptingExecutableInvoker.java:93)
		at org.junit.jupiter.engine.execution.InvocationInterceptorChain$InterceptedInvocation.proceed(InvocationInterceptorChain.java:106)
		at org.junit.jupiter.engine.execution.InvocationInterceptorChain.proceed(InvocationInterceptorChain.java:64)
		at org.junit.jupiter.engine.execution.InvocationInterceptorChain.chainAndInvoke(InvocationInterceptorChain.java:45)
		at org.junit.jupiter.engine.execution.InvocationInterceptorChain.invoke(InvocationInterceptorChain.java:37)
		at org.junit.jupiter.engine.execution.InterceptingExecutableInvoker.invoke(InterceptingExecutableInvoker.java:92)
		at org.junit.jupiter.engine.execution.InterceptingExecutableInvoker.invoke(InterceptingExecutableInvoker.java:86)
		at org.junit.jupiter.engine.descriptor.ClassBasedTestDescriptor.invokeMethodInExtensionContext(ClassBasedTestDescriptor.java:520)
		at org.junit.jupiter.engine.descriptor.ClassBasedTestDescriptor.lambda$synthesizeAfterEachMethodAdapter$24(ClassBasedTestDescriptor.java:510)
		at org.junit.jupiter.engine.descriptor.TestMethodTestDescriptor.lambda$invokeAfterEachMethods$10(TestMethodTestDescriptor.java:243)
		at org.junit.jupiter.engine.descriptor.TestMethodTestDescriptor.lambda$invokeAllAfterMethodsOrCallbacks$13(TestMethodTestDescriptor.java:276)
		at org.junit.platform.engine.support.hierarchical.ThrowableCollector.execute(ThrowableCollector.java:73)
		at org.junit.jupiter.engine.descriptor.TestMethodTestDescriptor.lambda$invokeAllAfterMethodsOrCallbacks$14(TestMethodTestDescriptor.java:276)
		at java.base/java.util.ArrayList.forEach(ArrayList.java:1511)
		at org.junit.jupiter.engine.descriptor.TestMethodTestDescriptor.invokeAllAfterMethodsOrCallbacks(TestMethodTestDescriptor.java:275)
		at org.junit.jupiter.engine.descriptor.TestMethodTestDescriptor.invokeAfterEachMethods(TestMethodTestDescriptor.java:241)
		at org.junit.jupiter.engine.descriptor.TestMethodTestDescriptor.execute(TestMethodTestDescriptor.java:142)
		... 49 more
Caused by: java.lang.ClassNotFoundException: javax.servlet.DispatcherType
	at java.base/jdk.internal.loader.BuiltinClassLoader.loadClass(BuiltinClassLoader.java:641)
	at java.base/jdk.internal.loader.ClassLoaders$AppClassLoader.loadClass(ClassLoaders.java:188)
	at java.base/java.lang.ClassLoader.loadClass(ClassLoader.java:525)
	... 83 more
]]></error>
    <system-out><![CDATA[2025-08-08T11:44:42.004-04:00  INFO 4069 --- [           main] ca.uhn.fhir.util.VersionUtil             : HAPI FHIR version 6.6.0 - Rev 3191cea181
2025-08-08T11:44:42.010-04:00  INFO 4069 --- [           main] ca.uhn.fhir.context.FhirContext          : Creating new FHIR context for FHIR version [R4]
]]></system-out>
  </testcase>
  <testcase name="getPatientData_WithDemographics_ShouldReturnPatientResource" classname="com.healthcare.service.FhirServiceTest" time="0.004">
    <error message="Could not initialize class com.github.tomakehurst.wiremock.jetty9.JettyHttpServerFactory" type="java.lang.NoClassDefFoundError"><![CDATA[java.lang.NoClassDefFoundError: Could not initialize class com.github.tomakehurst.wiremock.jetty9.JettyHttpServerFactory
	at com.github.tomakehurst.wiremock.core.WireMockConfiguration.<init>(WireMockConfiguration.java:94)
	at com.github.tomakehurst.wiremock.core.WireMockConfiguration.wireMockConfig(WireMockConfiguration.java:135)
	at com.github.tomakehurst.wiremock.WireMockServer.<init>(WireMockServer.java:117)
	at com.healthcare.service.FhirServiceTest.setUp(FhirServiceTest.java:27)
	at java.base/jdk.internal.reflect.NativeMethodAccessorImpl.invoke0(Native Method)
	at java.base/jdk.internal.reflect.NativeMethodAccessorImpl.invoke(NativeMethodAccessorImpl.java:77)
	at java.base/jdk.internal.reflect.DelegatingMethodAccessorImpl.invoke(DelegatingMethodAccessorImpl.java:43)
	at java.base/java.lang.reflect.Method.invoke(Method.java:568)
	at org.junit.platform.commons.util.ReflectionUtils.invokeMethod(ReflectionUtils.java:727)
	at org.junit.jupiter.engine.execution.MethodInvocation.proceed(MethodInvocation.java:60)
	at org.junit.jupiter.engine.execution.InvocationInterceptorChain$ValidatingInvocation.proceed(InvocationInterceptorChain.java:131)
	at org.junit.jupiter.engine.extension.TimeoutExtension.intercept(TimeoutExtension.java:156)
	at org.junit.jupiter.engine.extension.TimeoutExtension.interceptLifecycleMethod(TimeoutExtension.java:128)
	at org.junit.jupiter.engine.extension.TimeoutExtension.interceptBeforeEachMethod(TimeoutExtension.java:78)
	at org.junit.jupiter.engine.execution.InterceptingExecutableInvoker$ReflectiveInterceptorCall.lambda$ofVoidMethod$0(InterceptingExecutableInvoker.java:103)
	at org.junit.jupiter.engine.execution.InterceptingExecutableInvoker.lambda$invoke$0(InterceptingExecutableInvoker.java:93)
	at org.junit.jupiter.engine.execution.InvocationInterceptorChain$InterceptedInvocation.proceed(InvocationInterceptorChain.java:106)
	at org.junit.jupiter.engine.execution.InvocationInterceptorChain.proceed(InvocationInterceptorChain.java:64)
	at org.junit.jupiter.engine.execution.InvocationInterceptorChain.chainAndInvoke(InvocationInterceptorChain.java:45)
	at org.junit.jupiter.engine.execution.InvocationInterceptorChain.invoke(InvocationInterceptorChain.java:37)
	at org.junit.jupiter.engine.execution.InterceptingExecutableInvoker.invoke(InterceptingExecutableInvoker.java:92)
	at org.junit.jupiter.engine.execution.InterceptingExecutableInvoker.invoke(InterceptingExecutableInvoker.java:86)
	at org.junit.jupiter.engine.descriptor.ClassBasedTestDescriptor.invokeMethodInExtensionContext(ClassBasedTestDescriptor.java:520)
	at org.junit.jupiter.engine.descriptor.ClassBasedTestDescriptor.lambda$synthesizeBeforeEachMethodAdapter$23(ClassBasedTestDescriptor.java:505)
	at org.junit.jupiter.engine.descriptor.TestMethodTestDescriptor.lambda$invokeBeforeEachMethods$3(TestMethodTestDescriptor.java:174)
	at org.junit.jupiter.engine.descriptor.TestMethodTestDescriptor.lambda$invokeBeforeMethodsOrCallbacksUntilExceptionOccurs$6(TestMethodTestDescriptor.java:202)
	at org.junit.platform.engine.support.hierarchical.ThrowableCollector.execute(ThrowableCollector.java:73)
	at org.junit.jupiter.engine.descriptor.TestMethodTestDescriptor.invokeBeforeMethodsOrCallbacksUntilExceptionOccurs(TestMethodTestDescriptor.java:202)
	at org.junit.jupiter.engine.descriptor.TestMethodTestDescriptor.invokeBeforeEachMethods(TestMethodTestDescriptor.java:171)
	at org.junit.jupiter.engine.descriptor.TestMethodTestDescriptor.execute(TestMethodTestDescriptor.java:134)
	at org.junit.jupiter.engine.descriptor.TestMethodTestDescriptor.execute(TestMethodTestDescriptor.java:68)
	at org.junit.platform.engine.support.hierarchical.NodeTestTask.lambda$executeRecursively$6(NodeTestTask.java:151)
	at org.junit.platform.engine.support.hierarchical.ThrowableCollector.execute(ThrowableCollector.java:73)
	at org.junit.platform.engine.support.hierarchical.NodeTestTask.lambda$executeRecursively$8(NodeTestTask.java:141)
	at org.junit.platform.engine.support.hierarchical.Node.around(Node.java:137)
	at org.junit.platform.engine.support.hierarchical.NodeTestTask.lambda$executeRecursively$9(NodeTestTask.java:139)
	at org.junit.platform.engine.support.hierarchical.ThrowableCollector.execute(ThrowableCollector.java:73)
	at org.junit.platform.engine.support.hierarchical.NodeTestTask.executeRecursively(NodeTestTask.java:138)
	at org.junit.platform.engine.support.hierarchical.NodeTestTask.execute(NodeTestTask.java:95)
	at java.base/java.util.ArrayList.forEach(ArrayList.java:1511)
	at org.junit.platform.engine.support.hierarchical.SameThreadHierarchicalTestExecutorService.invokeAll(SameThreadHierarchicalTestExecutorService.java:41)
	at org.junit.platform.engine.support.hierarchical.NodeTestTask.lambda$executeRecursively$6(NodeTestTask.java:155)
	at org.junit.platform.engine.support.hierarchical.ThrowableCollector.execute(ThrowableCollector.java:73)
	at org.junit.platform.engine.support.hierarchical.NodeTestTask.lambda$executeRecursively$8(NodeTestTask.java:141)
	at org.junit.platform.engine.support.hierarchical.Node.around(Node.java:137)
	at org.junit.platform.engine.support.hierarchical.NodeTestTask.lambda$executeRecursively$9(NodeTestTask.java:139)
	at org.junit.platform.engine.support.hierarchical.ThrowableCollector.execute(ThrowableCollector.java:73)
	at org.junit.platform.engine.support.hierarchical.NodeTestTask.executeRecursively(NodeTestTask.java:138)
	at org.junit.platform.engine.support.hierarchical.NodeTestTask.execute(NodeTestTask.java:95)
	at java.base/java.util.ArrayList.forEach(ArrayList.java:1511)
	at org.junit.platform.engine.support.hierarchical.SameThreadHierarchicalTestExecutorService.invokeAll(SameThreadHierarchicalTestExecutorService.java:41)
	at org.junit.platform.engine.support.hierarchical.NodeTestTask.lambda$executeRecursively$6(NodeTestTask.java:155)
	at org.junit.platform.engine.support.hierarchical.ThrowableCollector.execute(ThrowableCollector.java:73)
	at org.junit.platform.engine.support.hierarchical.NodeTestTask.lambda$executeRecursively$8(NodeTestTask.java:141)
	at org.junit.platform.engine.support.hierarchical.Node.around(Node.java:137)
	at org.junit.platform.engine.support.hierarchical.NodeTestTask.lambda$executeRecursively$9(NodeTestTask.java:139)
	at org.junit.platform.engine.support.hierarchical.ThrowableCollector.execute(ThrowableCollector.java:73)
	at org.junit.platform.engine.support.hierarchical.NodeTestTask.executeRecursively(NodeTestTask.java:138)
	at org.junit.platform.engine.support.hierarchical.NodeTestTask.execute(NodeTestTask.java:95)
	at org.junit.platform.engine.support.hierarchical.SameThreadHierarchicalTestExecutorService.submit(SameThreadHierarchicalTestExecutorService.java:35)
	at org.junit.platform.engine.support.hierarchical.HierarchicalTestExecutor.execute(HierarchicalTestExecutor.java:57)
	at org.junit.platform.engine.support.hierarchical.HierarchicalTestEngine.execute(HierarchicalTestEngine.java:54)
	at org.junit.platform.launcher.core.EngineExecutionOrchestrator.execute(EngineExecutionOrchestrator.java:147)
	at org.junit.platform.launcher.core.EngineExecutionOrchestrator.execute(EngineExecutionOrchestrator.java:127)
	at org.junit.platform.launcher.core.EngineExecutionOrchestrator.execute(EngineExecutionOrchestrator.java:90)
	at org.junit.platform.launcher.core.EngineExecutionOrchestrator.lambda$execute$0(EngineExecutionOrchestrator.java:55)
	at org.junit.platform.launcher.core.EngineExecutionOrchestrator.withInterceptedStreams(EngineExecutionOrchestrator.java:102)
	at org.junit.platform.launcher.core.EngineExecutionOrchestrator.execute(EngineExecutionOrchestrator.java:54)
	at org.junit.platform.launcher.core.DefaultLauncher.execute(DefaultLauncher.java:114)
	at org.junit.platform.launcher.core.DefaultLauncher.execute(DefaultLauncher.java:86)
	at org.junit.platform.launcher.core.DefaultLauncherSession$DelegatingLauncher.execute(DefaultLauncherSession.java:86)
	at org.apache.maven.surefire.junitplatform.LazyLauncher.execute(LazyLauncher.java:50)
	at org.apache.maven.surefire.junitplatform.JUnitPlatformProvider.execute(JUnitPlatformProvider.java:184)
	at org.apache.maven.surefire.junitplatform.JUnitPlatformProvider.invokeAllTests(JUnitPlatformProvider.java:148)
	at org.apache.maven.surefire.junitplatform.JUnitPlatformProvider.invoke(JUnitPlatformProvider.java:122)
	at org.apache.maven.surefire.booter.ForkedBooter.runSuitesInProcess(ForkedBooter.java:385)
	at org.apache.maven.surefire.booter.ForkedBooter.execute(ForkedBooter.java:162)
	at org.apache.maven.surefire.booter.ForkedBooter.run(ForkedBooter.java:507)
	at org.apache.maven.surefire.booter.ForkedBooter.main(ForkedBooter.java:495)
	Suppressed: java.lang.NullPointerException: Cannot invoke "com.github.tomakehurst.wiremock.WireMockServer.stop()" because "this.wireMockServer" is null
		at com.healthcare.service.FhirServiceTest.tearDown(FhirServiceTest.java:36)
		at java.base/jdk.internal.reflect.NativeMethodAccessorImpl.invoke0(Native Method)
		at java.base/jdk.internal.reflect.NativeMethodAccessorImpl.invoke(NativeMethodAccessorImpl.java:77)
		at java.base/jdk.internal.reflect.DelegatingMethodAccessorImpl.invoke(DelegatingMethodAccessorImpl.java:43)
		at java.base/java.lang.reflect.Method.invoke(Method.java:568)
		at org.junit.platform.commons.util.ReflectionUtils.invokeMethod(ReflectionUtils.java:727)
		at org.junit.jupiter.engine.execution.MethodInvocation.proceed(MethodInvocation.java:60)
		at org.junit.jupiter.engine.execution.InvocationInterceptorChain$ValidatingInvocation.proceed(InvocationInterceptorChain.java:131)
		at org.junit.jupiter.engine.extension.TimeoutExtension.intercept(TimeoutExtension.java:156)
		at org.junit.jupiter.engine.extension.TimeoutExtension.interceptLifecycleMethod(TimeoutExtension.java:128)
		at org.junit.jupiter.engine.extension.TimeoutExtension.interceptAfterEachMethod(TimeoutExtension.java:110)
		at org.junit.jupiter.engine.execution.InterceptingExecutableInvoker$ReflectiveInterceptorCall.lambda$ofVoidMethod$0(InterceptingExecutableInvoker.java:103)
		at org.junit.jupiter.engine.execution.InterceptingExecutableInvoker.lambda$invoke$0(InterceptingExecutableInvoker.java:93)
		at org.junit.jupiter.engine.execution.InvocationInterceptorChain$InterceptedInvocation.proceed(InvocationInterceptorChain.java:106)
		at org.junit.jupiter.engine.execution.InvocationInterceptorChain.proceed(InvocationInterceptorChain.java:64)
		at org.junit.jupiter.engine.execution.InvocationInterceptorChain.chainAndInvoke(InvocationInterceptorChain.java:45)
		at org.junit.jupiter.engine.execution.InvocationInterceptorChain.invoke(InvocationInterceptorChain.java:37)
		at org.junit.jupiter.engine.execution.InterceptingExecutableInvoker.invoke(InterceptingExecutableInvoker.java:92)
		at org.junit.jupiter.engine.execution.InterceptingExecutableInvoker.invoke(InterceptingExecutableInvoker.java:86)
		at org.junit.jupiter.engine.descriptor.ClassBasedTestDescriptor.invokeMethodInExtensionContext(ClassBasedTestDescriptor.java:520)
		at org.junit.jupiter.engine.descriptor.ClassBasedTestDescriptor.lambda$synthesizeAfterEachMethodAdapter$24(ClassBasedTestDescriptor.java:510)
		at org.junit.jupiter.engine.descriptor.TestMethodTestDescriptor.lambda$invokeAfterEachMethods$10(TestMethodTestDescriptor.java:243)
		at org.junit.jupiter.engine.descriptor.TestMethodTestDescriptor.lambda$invokeAllAfterMethodsOrCallbacks$13(TestMethodTestDescriptor.java:276)
		at org.junit.platform.engine.support.hierarchical.ThrowableCollector.execute(ThrowableCollector.java:73)
		at org.junit.jupiter.engine.descriptor.TestMethodTestDescriptor.lambda$invokeAllAfterMethodsOrCallbacks$14(TestMethodTestDescriptor.java:276)
		at java.base/java.util.ArrayList.forEach(ArrayList.java:1511)
		at org.junit.jupiter.engine.descriptor.TestMethodTestDescriptor.invokeAllAfterMethodsOrCallbacks(TestMethodTestDescriptor.java:275)
		at org.junit.jupiter.engine.descriptor.TestMethodTestDescriptor.invokeAfterEachMethods(TestMethodTestDescriptor.java:241)
		at org.junit.jupiter.engine.descriptor.TestMethodTestDescriptor.execute(TestMethodTestDescriptor.java:142)
		... 49 more
Caused by: java.lang.ExceptionInInitializerError: Exception java.lang.NoClassDefFoundError: javax/servlet/DispatcherType [in thread "main"]
	at java.base/java.lang.Class.forName0(Native Method)
	at java.base/java.lang.Class.forName(Class.java:375)
	at com.github.tomakehurst.wiremock.jetty9.JettyHttpServerFactory.getServerConstructor(JettyHttpServerFactory.java:37)
	at com.github.tomakehurst.wiremock.jetty9.JettyHttpServerFactory.<clinit>(JettyHttpServerFactory.java:30)
	... 79 more
]]></error>
    <system-out><![CDATA[2025-08-08T11:44:42.033-04:00  INFO 4069 --- [           main] ca.uhn.fhir.context.FhirContext          : Creating new FHIR context for FHIR version [R4]
]]></system-out>
  </testcase>
  <testcase name="getPatientData_WithVitals_ShouldReturnObservations" classname="com.healthcare.service.FhirServiceTest" time="0.003">
    <error message="Could not initialize class com.github.tomakehurst.wiremock.jetty9.JettyHttpServerFactory" type="java.lang.NoClassDefFoundError"><![CDATA[java.lang.NoClassDefFoundError: Could not initialize class com.github.tomakehurst.wiremock.jetty9.JettyHttpServerFactory
	at com.github.tomakehurst.wiremock.core.WireMockConfiguration.<init>(WireMockConfiguration.java:94)
	at com.github.tomakehurst.wiremock.core.WireMockConfiguration.wireMockConfig(WireMockConfiguration.java:135)
	at com.github.tomakehurst.wiremock.WireMockServer.<init>(WireMockServer.java:117)
	at com.healthcare.service.FhirServiceTest.setUp(FhirServiceTest.java:27)
	at java.base/jdk.internal.reflect.NativeMethodAccessorImpl.invoke0(Native Method)
	at java.base/jdk.internal.reflect.NativeMethodAccessorImpl.invoke(NativeMethodAccessorImpl.java:77)
	at java.base/jdk.internal.reflect.DelegatingMethodAccessorImpl.invoke(DelegatingMethodAccessorImpl.java:43)
	at java.base/java.lang.reflect.Method.invoke(Method.java:568)
	at org.junit.platform.commons.util.ReflectionUtils.invokeMethod(ReflectionUtils.java:727)
	at org.junit.jupiter.engine.execution.MethodInvocation.proceed(MethodInvocation.java:60)
	at org.junit.jupiter.engine.execution.InvocationInterceptorChain$ValidatingInvocation.proceed(InvocationInterceptorChain.java:131)
	at org.junit.jupiter.engine.extension.TimeoutExtension.intercept(TimeoutExtension.java:156)
	at org.junit.jupiter.engine.extension.TimeoutExtension.interceptLifecycleMethod(TimeoutExtension.java:128)
	at org.junit.jupiter.engine.extension.TimeoutExtension.interceptBeforeEachMethod(TimeoutExtension.java:78)
	at org.junit.jupiter.engine.execution.InterceptingExecutableInvoker$ReflectiveInterceptorCall.lambda$ofVoidMethod$0(InterceptingExecutableInvoker.java:103)
	at org.junit.jupiter.engine.execution.InterceptingExecutableInvoker.lambda$invoke$0(InterceptingExecutableInvoker.java:93)
	at org.junit.jupiter.engine.execution.InvocationInterceptorChain$InterceptedInvocation.proceed(InvocationInterceptorChain.java:106)
	at org.junit.jupiter.engine.execution.InvocationInterceptorChain.proceed(InvocationInterceptorChain.java:64)
	at org.junit.jupiter.engine.execution.InvocationInterceptorChain.chainAndInvoke(InvocationInterceptorChain.java:45)
	at org.junit.jupiter.engine.execution.InvocationInterceptorChain.invoke(InvocationInterceptorChain.java:37)
	at org.junit.jupiter.engine.execution.InterceptingExecutableInvoker.invoke(InterceptingExecutableInvoker.java:92)
	at org.junit.jupiter.engine.execution.InterceptingExecutableInvoker.invoke(InterceptingExecutableInvoker.java:86)
	at org.junit.jupiter.engine.descriptor.ClassBasedTestDescriptor.invokeMethodInExtensionContext(ClassBasedTestDescriptor.java:520)
	at org.junit.jupiter.engine.descriptor.ClassBasedTestDescriptor.lambda$synthesizeBeforeEachMethodAdapter$23(ClassBasedTestDescriptor.java:505)
	at org.junit.jupiter.engine.descriptor.TestMethodTestDescriptor.lambda$invokeBeforeEachMethods$3(TestMethodTestDescriptor.java:174)
	at org.junit.jupiter.engine.descriptor.TestMethodTestDescriptor.lambda$invokeBeforeMethodsOrCallbacksUntilExceptionOccurs$6(TestMethodTestDescriptor.java:202)
	at org.junit.platform.engine.support.hierarchical.ThrowableCollector.execute(ThrowableCollector.java:73)
	at org.junit.jupiter.engine.descriptor.TestMethodTestDescriptor.invokeBeforeMethodsOrCallbacksUntilExceptionOccurs(TestMethodTestDescriptor.java:202)
	at org.junit.jupiter.engine.descriptor.TestMethodTestDescriptor.invokeBeforeEachMethods(TestMethodTestDescriptor.java:171)
	at org.junit.jupiter.engine.descriptor.TestMethodTestDescriptor.execute(TestMethodTestDescriptor.java:134)
	at org.junit.jupiter.engine.descriptor.TestMethodTestDescriptor.execute(TestMethodTestDescriptor.java:68)
	at org.junit.platform.engine.support.hierarchical.NodeTestTask.lambda$executeRecursively$6(NodeTestTask.java:151)
	at org.junit.platform.engine.support.hierarchical.ThrowableCollector.execute(ThrowableCollector.java:73)
	at org.junit.platform.engine.support.hierarchical.NodeTestTask.lambda$executeRecursively$8(NodeTestTask.java:141)
	at org.junit.platform.engine.support.hierarchical.Node.around(Node.java:137)
	at org.junit.platform.engine.support.hierarchical.NodeTestTask.lambda$executeRecursively$9(NodeTestTask.java:139)
	at org.junit.platform.engine.support.hierarchical.ThrowableCollector.execute(ThrowableCollector.java:73)
	at org.junit.platform.engine.support.hierarchical.NodeTestTask.executeRecursively(NodeTestTask.java:138)
	at org.junit.platform.engine.support.hierarchical.NodeTestTask.execute(NodeTestTask.java:95)
	at java.base/java.util.ArrayList.forEach(ArrayList.java:1511)
	at org.junit.platform.engine.support.hierarchical.SameThreadHierarchicalTestExecutorService.invokeAll(SameThreadHierarchicalTestExecutorService.java:41)
	at org.junit.platform.engine.support.hierarchical.NodeTestTask.lambda$executeRecursively$6(NodeTestTask.java:155)
	at org.junit.platform.engine.support.hierarchical.ThrowableCollector.execute(ThrowableCollector.java:73)
	at org.junit.platform.engine.support.hierarchical.NodeTestTask.lambda$executeRecursively$8(NodeTestTask.java:141)
	at org.junit.platform.engine.support.hierarchical.Node.around(Node.java:137)
	at org.junit.platform.engine.support.hierarchical.NodeTestTask.lambda$executeRecursively$9(NodeTestTask.java:139)
	at org.junit.platform.engine.support.hierarchical.ThrowableCollector.execute(ThrowableCollector.java:73)
	at org.junit.platform.engine.support.hierarchical.NodeTestTask.executeRecursively(NodeTestTask.java:138)
	at org.junit.platform.engine.support.hierarchical.NodeTestTask.execute(NodeTestTask.java:95)
	at java.base/java.util.ArrayList.forEach(ArrayList.java:1511)
	at org.junit.platform.engine.support.hierarchical.SameThreadHierarchicalTestExecutorService.invokeAll(SameThreadHierarchicalTestExecutorService.java:41)
	at org.junit.platform.engine.support.hierarchical.NodeTestTask.lambda$executeRecursively$6(NodeTestTask.java:155)
	at org.junit.platform.engine.support.hierarchical.ThrowableCollector.execute(ThrowableCollector.java:73)
	at org.junit.platform.engine.support.hierarchical.NodeTestTask.lambda$executeRecursively$8(NodeTestTask.java:141)
	at org.junit.platform.engine.support.hierarchical.Node.around(Node.java:137)
	at org.junit.platform.engine.support.hierarchical.NodeTestTask.lambda$executeRecursively$9(NodeTestTask.java:139)
	at org.junit.platform.engine.support.hierarchical.ThrowableCollector.execute(ThrowableCollector.java:73)
	at org.junit.platform.engine.support.hierarchical.NodeTestTask.executeRecursively(NodeTestTask.java:138)
	at org.junit.platform.engine.support.hierarchical.NodeTestTask.execute(NodeTestTask.java:95)
	at org.junit.platform.engine.support.hierarchical.SameThreadHierarchicalTestExecutorService.submit(SameThreadHierarchicalTestExecutorService.java:35)
	at org.junit.platform.engine.support.hierarchical.HierarchicalTestExecutor.execute(HierarchicalTestExecutor.java:57)
	at org.junit.platform.engine.support.hierarchical.HierarchicalTestEngine.execute(HierarchicalTestEngine.java:54)
	at org.junit.platform.launcher.core.EngineExecutionOrchestrator.execute(EngineExecutionOrchestrator.java:147)
	at org.junit.platform.launcher.core.EngineExecutionOrchestrator.execute(EngineExecutionOrchestrator.java:127)
	at org.junit.platform.launcher.core.EngineExecutionOrchestrator.execute(EngineExecutionOrchestrator.java:90)
	at org.junit.platform.launcher.core.EngineExecutionOrchestrator.lambda$execute$0(EngineExecutionOrchestrator.java:55)
	at org.junit.platform.launcher.core.EngineExecutionOrchestrator.withInterceptedStreams(EngineExecutionOrchestrator.java:102)
	at org.junit.platform.launcher.core.EngineExecutionOrchestrator.execute(EngineExecutionOrchestrator.java:54)
	at org.junit.platform.launcher.core.DefaultLauncher.execute(DefaultLauncher.java:114)
	at org.junit.platform.launcher.core.DefaultLauncher.execute(DefaultLauncher.java:86)
	at org.junit.platform.launcher.core.DefaultLauncherSession$DelegatingLauncher.execute(DefaultLauncherSession.java:86)
	at org.apache.maven.surefire.junitplatform.LazyLauncher.execute(LazyLauncher.java:50)
	at org.apache.maven.surefire.junitplatform.JUnitPlatformProvider.execute(JUnitPlatformProvider.java:184)
	at org.apache.maven.surefire.junitplatform.JUnitPlatformProvider.invokeAllTests(JUnitPlatformProvider.java:148)
	at org.apache.maven.surefire.junitplatform.JUnitPlatformProvider.invoke(JUnitPlatformProvider.java:122)
	at org.apache.maven.surefire.booter.ForkedBooter.runSuitesInProcess(ForkedBooter.java:385)
	at org.apache.maven.surefire.booter.ForkedBooter.execute(ForkedBooter.java:162)
	at org.apache.maven.surefire.booter.ForkedBooter.run(ForkedBooter.java:507)
	at org.apache.maven.surefire.booter.ForkedBooter.main(ForkedBooter.java:495)
	Suppressed: java.lang.NullPointerException: Cannot invoke "com.github.tomakehurst.wiremock.WireMockServer.stop()" because "this.wireMockServer" is null
		at com.healthcare.service.FhirServiceTest.tearDown(FhirServiceTest.java:36)
		at java.base/jdk.internal.reflect.NativeMethodAccessorImpl.invoke0(Native Method)
		at java.base/jdk.internal.reflect.NativeMethodAccessorImpl.invoke(NativeMethodAccessorImpl.java:77)
		at java.base/jdk.internal.reflect.DelegatingMethodAccessorImpl.invoke(DelegatingMethodAccessorImpl.java:43)
		at java.base/java.lang.reflect.Method.invoke(Method.java:568)
		at org.junit.platform.commons.util.ReflectionUtils.invokeMethod(ReflectionUtils.java:727)
		at org.junit.jupiter.engine.execution.MethodInvocation.proceed(MethodInvocation.java:60)
		at org.junit.jupiter.engine.execution.InvocationInterceptorChain$ValidatingInvocation.proceed(InvocationInterceptorChain.java:131)
		at org.junit.jupiter.engine.extension.TimeoutExtension.intercept(TimeoutExtension.java:156)
		at org.junit.jupiter.engine.extension.TimeoutExtension.interceptLifecycleMethod(TimeoutExtension.java:128)
		at org.junit.jupiter.engine.extension.TimeoutExtension.interceptAfterEachMethod(TimeoutExtension.java:110)
		at org.junit.jupiter.engine.execution.InterceptingExecutableInvoker$ReflectiveInterceptorCall.lambda$ofVoidMethod$0(InterceptingExecutableInvoker.java:103)
		at org.junit.jupiter.engine.execution.InterceptingExecutableInvoker.lambda$invoke$0(InterceptingExecutableInvoker.java:93)
		at org.junit.jupiter.engine.execution.InvocationInterceptorChain$InterceptedInvocation.proceed(InvocationInterceptorChain.java:106)
		at org.junit.jupiter.engine.execution.InvocationInterceptorChain.proceed(InvocationInterceptorChain.java:64)
		at org.junit.jupiter.engine.execution.InvocationInterceptorChain.chainAndInvoke(InvocationInterceptorChain.java:45)
		at org.junit.jupiter.engine.execution.InvocationInterceptorChain.invoke(InvocationInterceptorChain.java:37)
		at org.junit.jupiter.engine.execution.InterceptingExecutableInvoker.invoke(InterceptingExecutableInvoker.java:92)
		at org.junit.jupiter.engine.execution.InterceptingExecutableInvoker.invoke(InterceptingExecutableInvoker.java:86)
		at org.junit.jupiter.engine.descriptor.ClassBasedTestDescriptor.invokeMethodInExtensionContext(ClassBasedTestDescriptor.java:520)
		at org.junit.jupiter.engine.descriptor.ClassBasedTestDescriptor.lambda$synthesizeAfterEachMethodAdapter$24(ClassBasedTestDescriptor.java:510)
		at org.junit.jupiter.engine.descriptor.TestMethodTestDescriptor.lambda$invokeAfterEachMethods$10(TestMethodTestDescriptor.java:243)
		at org.junit.jupiter.engine.descriptor.TestMethodTestDescriptor.lambda$invokeAllAfterMethodsOrCallbacks$13(TestMethodTestDescriptor.java:276)
		at org.junit.platform.engine.support.hierarchical.ThrowableCollector.execute(ThrowableCollector.java:73)
		at org.junit.jupiter.engine.descriptor.TestMethodTestDescriptor.lambda$invokeAllAfterMethodsOrCallbacks$14(TestMethodTestDescriptor.java:276)
		at java.base/java.util.ArrayList.forEach(ArrayList.java:1511)
		at org.junit.jupiter.engine.descriptor.TestMethodTestDescriptor.invokeAllAfterMethodsOrCallbacks(TestMethodTestDescriptor.java:275)
		at org.junit.jupiter.engine.descriptor.TestMethodTestDescriptor.invokeAfterEachMethods(TestMethodTestDescriptor.java:241)
		at org.junit.jupiter.engine.descriptor.TestMethodTestDescriptor.execute(TestMethodTestDescriptor.java:142)
		... 49 more
Caused by: java.lang.ExceptionInInitializerError: Exception java.lang.NoClassDefFoundError: javax/servlet/DispatcherType [in thread "main"]
	at java.base/java.lang.Class.forName0(Native Method)
	at java.base/java.lang.Class.forName(Class.java:375)
	at com.github.tomakehurst.wiremock.jetty9.JettyHttpServerFactory.getServerConstructor(JettyHttpServerFactory.java:37)
	at com.github.tomakehurst.wiremock.jetty9.JettyHttpServerFactory.<clinit>(JettyHttpServerFactory.java:30)
	... 79 more
]]></error>
    <system-out><![CDATA[2025-08-08T11:44:42.039-04:00  INFO 4069 --- [           main] ca.uhn.fhir.context.FhirContext          : Creating new FHIR context for FHIR version [R4]
]]></system-out>
  </testcase>
</testsuite>