<?xml version="1.0" encoding="UTF-8"?>
<testsuite xmlns:xsi="http://www.w3.org/2001/XMLSchema-instance" xsi:noNamespaceSchemaLocation="https://maven.apache.org/surefire/maven-surefire-plugin/xsd/surefire-test-report-3.0.xsd" version="3.0" name="com.healthcare.repository.ConsentRepositoryTest" time="4.713" tests="2" errors="2" skipped="0" failures="0">
  <properties>
    <property name="java.specification.version" value="17"/>
    <property name="sun.jnu.encoding" value="UTF-8"/>
    <property name="java.class.path" value="/Users/pereozogu/healthcare-qr-sharing/target/test-classes:/Users/pereozogu/healthcare-qr-sharing/target/classes:/Users/pereozogu/.m2/repository/org/springframework/boot/spring-boot-starter-web/3.1.12/spring-boot-starter-web-3.1.12.jar:/Users/pereozogu/.m2/repository/org/springframework/boot/spring-boot-starter/3.1.12/spring-boot-starter-3.1.12.jar:/Users/pereozogu/.m2/repository/org/springframework/boot/spring-boot/3.1.12/spring-boot-3.1.12.jar:/Users/pereozogu/.m2/repository/org/springframework/boot/spring-boot-autoconfigure/3.1.12/spring-boot-autoconfigure-3.1.12.jar:/Users/pereozogu/.m2/repository/org/springframework/boot/spring-boot-starter-logging/3.1.12/spring-boot-starter-logging-3.1.12.jar:/Users/pereozogu/.m2/repository/org/apache/logging/log4j/log4j-to-slf4j/2.20.0/log4j-to-slf4j-2.20.0.jar:/Users/pereozogu/.m2/repository/org/apache/logging/log4j/log4j-api/2.20.0/log4j-api-2.20.0.jar:/Users/pereozogu/.m2/repository/org/slf4j/jul-to-slf4j/2.0.13/jul-to-slf4j-2.0.13.jar:/Users/pereozogu/.m2/repository/jakarta/annotation/jakarta.annotation-api/2.1.1/jakarta.annotation-api-2.1.1.jar:/Users/pereozogu/.m2/repository/org/yaml/snakeyaml/1.33/snakeyaml-1.33.jar:/Users/pereozogu/.m2/repository/org/springframework/boot/spring-boot-starter-json/3.1.12/spring-boot-starter-json-3.1.12.jar:/Users/pereozogu/.m2/repository/com/fasterxml/jackson/datatype/jackson-datatype-jdk8/2.15.4/jackson-datatype-jdk8-2.15.4.jar:/Users/pereozogu/.m2/repository/com/fasterxml/jackson/datatype/jackson-datatype-jsr310/2.15.4/jackson-datatype-jsr310-2.15.4.jar:/Users/pereozogu/.m2/repository/com/fasterxml/jackson/module/jackson-module-parameter-names/2.15.4/jackson-module-parameter-names-2.15.4.jar:/Users/pereozogu/.m2/repository/org/springframework/boot/spring-boot-starter-tomcat/3.1.12/spring-boot-starter-tomcat-3.1.12.jar:/Users/pereozogu/.m2/repository/org/apache/tomcat/embed/tomcat-embed-core/10.1.24/tomcat-embed-core-10.1.24.jar:/Users/pereozogu/.m2/repository/org/apache/tomcat/embed/tomcat-embed-websocket/10.1.24/tomcat-embed-websocket-10.1.24.jar:/Users/pereozogu/.m2/repository/org/springframework/spring-web/6.0.21/spring-web-6.0.21.jar:/Users/pereozogu/.m2/repository/org/springframework/spring-beans/6.0.21/spring-beans-6.0.21.jar:/Users/pereozogu/.m2/repository/io/micrometer/micrometer-observation/1.11.12/micrometer-observation-1.11.12.jar:/Users/pereozogu/.m2/repository/io/micrometer/micrometer-commons/1.11.12/micrometer-commons-1.11.12.jar:/Users/pereozogu/.m2/repository/org/springframework/spring-webmvc/6.0.21/spring-webmvc-6.0.21.jar:/Users/pereozogu/.m2/repository/org/springframework/spring-context/6.0.21/spring-context-6.0.21.jar:/Users/pereozogu/.m2/repository/org/springframework/spring-expression/6.0.21/spring-expression-6.0.21.jar:/Users/pereozogu/.m2/repository/org/springframework/boot/spring-boot-starter-data-jpa/3.1.12/spring-boot-starter-data-jpa-3.1.12.jar:/Users/pereozogu/.m2/repository/org/springframework/boot/spring-boot-starter-aop/3.1.12/spring-boot-starter-aop-3.1.12.jar:/Users/pereozogu/.m2/repository/org/aspectj/aspectjweaver/1.9.22/aspectjweaver-1.9.22.jar:/Users/pereozogu/.m2/repository/org/springframework/boot/spring-boot-starter-jdbc/3.1.12/spring-boot-starter-jdbc-3.1.12.jar:/Users/pereozogu/.m2/repository/com/zaxxer/HikariCP/5.0.1/HikariCP-5.0.1.jar:/Users/pereozogu/.m2/repository/org/springframework/spring-jdbc/6.0.21/spring-jdbc-6.0.21.jar:/Users/pereozogu/.m2/repository/org/hibernate/orm/hibernate-core/6.2.25.Final/hibernate-core-6.2.25.Final.jar:/Users/pereozogu/.m2/repository/jakarta/persistence/jakarta.persistence-api/3.1.0/jakarta.persistence-api-3.1.0.jar:/Users/pereozogu/.m2/repository/jakarta/transaction/jakarta.transaction-api/2.0.1/jakarta.transaction-api-2.0.1.jar:/Users/pereozogu/.m2/repository/org/jboss/logging/jboss-logging/3.5.3.Final/jboss-logging-3.5.3.Final.jar:/Users/pereozogu/.m2/repository/org/hibernate/common/hibernate-commons-annotations/6.0.6.Final/hibernate-commons-annotations-6.0.6.Final.jar:/Users/pereozogu/.m2/repository/io/smallrye/jandex/3.0.5/jandex-3.0.5.jar:/Users/pereozogu/.m2/repository/com/fasterxml/classmate/1.5.1/classmate-1.5.1.jar:/Users/pereozogu/.m2/repository/net/bytebuddy/byte-buddy/1.14.16/byte-buddy-1.14.16.jar:/Users/pereozogu/.m2/repository/org/glassfish/jaxb/jaxb-runtime/4.0.5/jaxb-runtime-4.0.5.jar:/Users/pereozogu/.m2/repository/org/glassfish/jaxb/jaxb-core/4.0.5/jaxb-core-4.0.5.jar:/Users/pereozogu/.m2/repository/org/eclipse/angus/angus-activation/2.0.2/angus-activation-2.0.2.jar:/Users/pereozogu/.m2/repository/org/glassfish/jaxb/txw2/4.0.5/txw2-4.0.5.jar:/Users/pereozogu/.m2/repository/com/sun/istack/istack-commons-runtime/4.1.2/istack-commons-runtime-4.1.2.jar:/Users/pereozogu/.m2/repository/jakarta/inject/jakarta.inject-api/2.0.1/jakarta.inject-api-2.0.1.jar:/Users/pereozogu/.m2/repository/org/antlr/antlr4-runtime/4.10.1/antlr4-runtime-4.10.1.jar:/Users/pereozogu/.m2/repository/org/springframework/data/spring-data-jpa/3.1.12/spring-data-jpa-3.1.12.jar:/Users/pereozogu/.m2/repository/org/springframework/data/spring-data-commons/3.1.12/spring-data-commons-3.1.12.jar:/Users/pereozogu/.m2/repository/org/springframework/spring-orm/6.0.21/spring-orm-6.0.21.jar:/Users/pereozogu/.m2/repository/org/springframework/spring-tx/6.0.21/spring-tx-6.0.21.jar:/Users/pereozogu/.m2/repository/org/springframework/spring-aspects/6.0.21/spring-aspects-6.0.21.jar:/Users/pereozogu/.m2/repository/org/springframework/boot/spring-boot-starter-security/3.1.12/spring-boot-starter-security-3.1.12.jar:/Users/pereozogu/.m2/repository/org/springframework/spring-aop/6.0.21/spring-aop-6.0.21.jar:/Users/pereozogu/.m2/repository/org/springframework/security/spring-security-config/6.1.9/spring-security-config-6.1.9.jar:/Users/pereozogu/.m2/repository/org/springframework/security/spring-security-web/6.1.9/spring-security-web-6.1.9.jar:/Users/pereozogu/.m2/repository/org/springframework/boot/spring-boot-starter-oauth2-resource-server/3.1.12/spring-boot-starter-oauth2-resource-server-3.1.12.jar:/Users/pereozogu/.m2/repository/org/springframework/security/spring-security-core/6.1.9/spring-security-core-6.1.9.jar:/Users/pereozogu/.m2/repository/org/springframework/security/spring-security-crypto/6.1.9/spring-security-crypto-6.1.9.jar:/Users/pereozogu/.m2/repository/org/springframework/security/spring-security-oauth2-resource-server/6.1.9/spring-security-oauth2-resource-server-6.1.9.jar:/Users/pereozogu/.m2/repository/org/springframework/security/spring-security-oauth2-core/6.1.9/spring-security-oauth2-core-6.1.9.jar:/Users/pereozogu/.m2/repository/org/springframework/security/spring-security-oauth2-jose/6.1.9/spring-security-oauth2-jose-6.1.9.jar:/Users/pereozogu/.m2/repository/com/nimbusds/nimbus-jose-jwt/9.24.4/nimbus-jose-jwt-9.24.4.jar:/Users/pereozogu/.m2/repository/com/github/stephenc/jcip/jcip-annotations/1.0-1/jcip-annotations-1.0-1.jar:/Users/pereozogu/.m2/repository/org/springframework/boot/spring-boot-starter-thymeleaf/3.1.12/spring-boot-starter-thymeleaf-3.1.12.jar:/Users/pereozogu/.m2/repository/org/thymeleaf/thymeleaf-spring6/3.1.2.RELEASE/thymeleaf-spring6-3.1.2.RELEASE.jar:/Users/pereozogu/.m2/repository/org/thymeleaf/thymeleaf/3.1.2.RELEASE/thymeleaf-3.1.2.RELEASE.jar:/Users/pereozogu/.m2/repository/org/attoparser/attoparser/2.0.7.RELEASE/attoparser-2.0.7.RELEASE.jar:/Users/pereozogu/.m2/repository/org/unbescape/unbescape/1.1.6.RELEASE/unbescape-1.1.6.RELEASE.jar:/Users/pereozogu/.m2/repository/org/springframework/boot/spring-boot-starter-validation/3.1.12/spring-boot-starter-validation-3.1.12.jar:/Users/pereozogu/.m2/repository/org/apache/tomcat/embed/tomcat-embed-el/10.1.24/tomcat-embed-el-10.1.24.jar:/Users/pereozogu/.m2/repository/org/hibernate/validator/hibernate-validator/8.0.1.Final/hibernate-validator-8.0.1.Final.jar:/Users/pereozogu/.m2/repository/jakarta/validation/jakarta.validation-api/3.0.2/jakarta.validation-api-3.0.2.jar:/Users/pereozogu/.m2/repository/ca/uhn/hapi/fhir/hapi-fhir-spring-boot-starter/6.6.0/hapi-fhir-spring-boot-starter-6.6.0.jar:/Users/pereozogu/.m2/repository/ca/uhn/hapi/fhir/hapi-fhir-spring-boot-autoconfigure/6.6.0/hapi-fhir-spring-boot-autoconfigure-6.6.0.jar:/Users/pereozogu/.m2/repository/ca/uhn/hapi/fhir/hapi-fhir-structures-r4/6.6.0/hapi-fhir-structures-r4-6.6.0.jar:/Users/pereozogu/.m2/repository/ca/uhn/hapi/fhir/hapi-fhir-base/6.6.0/hapi-fhir-base-6.6.0.jar:/Users/pereozogu/.m2/repository/org/apache/commons/commons-text/1.10.0/commons-text-1.10.0.jar:/Users/pereozogu/.m2/repository/commons-codec/commons-codec/1.15/commons-codec-1.15.jar:/Users/pereozogu/.m2/repository/org/slf4j/jcl-over-slf4j/2.0.13/jcl-over-slf4j-2.0.13.jar:/Users/pereozogu/.m2/repository/ca/uhn/hapi/fhir/org.hl7.fhir.utilities/6.0.1/org.hl7.fhir.utilities-6.0.1.jar:/Users/pereozogu/.m2/repository/com/ibm/icu/icu4j/72.1/icu4j-72.1.jar:/Users/pereozogu/.m2/repository/ca/uhn/hapi/fhir/org.hl7.fhir.r4/6.0.1/org.hl7.fhir.r4-6.0.1.jar:/Users/pereozogu/.m2/repository/ca/uhn/hapi/fhir/hapi-fhir-caching-api/6.6.0/hapi-fhir-caching-api-6.6.0.jar:/Users/pereozogu/.m2/repository/com/google/code/findbugs/jsr305/3.0.2/jsr305-3.0.2.jar:/Users/pereozogu/.m2/repository/ca/uhn/hapi/fhir/hapi-fhir-client/6.6.0/hapi-fhir-client-6.6.0.jar:/Users/pereozogu/.m2/repository/org/apache/httpcomponents/httpclient/4.5.13/httpclient-4.5.13.jar:/Users/pereozogu/.m2/repository/org/apache/httpcomponents/httpcore/4.4.16/httpcore-4.4.16.jar:/Users/pereozogu/.m2/repository/org/postgresql/postgresql/42.6.2/postgresql-42.6.2.jar:/Users/pereozogu/.m2/repository/org/checkerframework/checker-qual/3.31.0/checker-qual-3.31.0.jar:/Users/pereozogu/.m2/repository/com/h2database/h2/2.1.214/h2-2.1.214.jar:/Users/pereozogu/.m2/repository/org/bouncycastle/bcprov-jdk15on/1.70/bcprov-jdk15on-1.70.jar:/Users/pereozogu/.m2/repository/com/auth0/java-jwt/4.4.0/java-jwt-4.4.0.jar:/Users/pereozogu/.m2/repository/com/fasterxml/jackson/core/jackson-databind/2.15.4/jackson-databind-2.15.4.jar:/Users/pereozogu/.m2/repository/com/google/zxing/core/3.5.1/core-3.5.1.jar:/Users/pereozogu/.m2/repository/com/google/zxing/javase/3.5.1/javase-3.5.1.jar:/Users/pereozogu/.m2/repository/com/beust/jcommander/1.82/jcommander-1.82.jar:/Users/pereozogu/.m2/repository/com/github/jai-imageio/jai-imageio-core/1.4.0/jai-imageio-core-1.4.0.jar:/Users/pereozogu/.m2/repository/org/projectlombok/lombok/1.18.32/lombok-1.18.32.jar:/Users/pereozogu/.m2/repository/org/mapstruct/mapstruct/1.5.5.Final/mapstruct-1.5.5.Final.jar:/Users/pereozogu/.m2/repository/org/springframework/boot/spring-boot-starter-test/3.1.12/spring-boot-starter-test-3.1.12.jar:/Users/pereozogu/.m2/repository/org/springframework/boot/spring-boot-test/3.1.12/spring-boot-test-3.1.12.jar:/Users/pereozogu/.m2/repository/org/springframework/boot/spring-boot-test-autoconfigure/3.1.12/spring-boot-test-autoconfigure-3.1.12.jar:/Users/pereozogu/.m2/repository/com/jayway/jsonpath/json-path/2.9.0/json-path-2.9.0.jar:/Users/pereozogu/.m2/repository/jakarta/xml/bind/jakarta.xml.bind-api/4.0.2/jakarta.xml.bind-api-4.0.2.jar:/Users/pereozogu/.m2/repository/jakarta/activation/jakarta.activation-api/2.1.3/jakarta.activation-api-2.1.3.jar:/Users/pereozogu/.m2/repository/net/minidev/json-smart/2.4.11/json-smart-2.4.11.jar:/Users/pereozogu/.m2/repository/net/minidev/accessors-smart/2.4.11/accessors-smart-2.4.11.jar:/Users/pereozogu/.m2/repository/org/assertj/assertj-core/3.24.2/assertj-core-3.24.2.jar:/Users/pereozogu/.m2/repository/org/hamcrest/hamcrest/2.2/hamcrest-2.2.jar:/Users/pereozogu/.m2/repository/org/junit/jupiter/junit-jupiter/5.9.3/junit-jupiter-5.9.3.jar:/Users/pereozogu/.m2/repository/org/mockito/mockito-core/5.3.1/mockito-core-5.3.1.jar:/Users/pereozogu/.m2/repository/net/bytebuddy/byte-buddy-agent/1.14.16/byte-buddy-agent-1.14.16.jar:/Users/pereozogu/.m2/repository/org/objenesis/objenesis/3.3/objenesis-3.3.jar:/Users/pereozogu/.m2/repository/org/mockito/mockito-junit-jupiter/5.3.1/mockito-junit-jupiter-5.3.1.jar:/Users/pereozogu/.m2/repository/org/skyscreamer/jsonassert/1.5.1/jsonassert-1.5.1.jar:/Users/pereozogu/.m2/repository/com/vaadin/external/google/android-json/0.0.20131108.vaadin1/android-json-0.0.20131108.vaadin1.jar:/Users/pereozogu/.m2/repository/org/springframework/spring-core/6.0.21/spring-core-6.0.21.jar:/Users/pereozogu/.m2/repository/org/springframework/spring-jcl/6.0.21/spring-jcl-6.0.21.jar:/Users/pereozogu/.m2/repository/org/springframework/spring-test/6.0.21/spring-test-6.0.21.jar:/Users/pereozogu/.m2/repository/org/xmlunit/xmlunit-core/2.9.1/xmlunit-core-2.9.1.jar:/Users/pereozogu/.m2/repository/org/springframework/security/spring-security-test/6.1.9/spring-security-test-6.1.9.jar:/Users/pereozogu/.m2/repository/org/testcontainers/junit-jupiter/1.18.3/junit-jupiter-1.18.3.jar:/Users/pereozogu/.m2/repository/org/testcontainers/testcontainers/1.18.3/testcontainers-1.18.3.jar:/Users/pereozogu/.m2/repository/junit/junit/4.13.2/junit-4.13.2.jar:/Users/pereozogu/.m2/repository/org/apache/commons/commons-compress/1.23.0/commons-compress-1.23.0.jar:/Users/pereozogu/.m2/repository/org/rnorth/duct-tape/duct-tape/1.0.8/duct-tape-1.0.8.jar:/Users/pereozogu/.m2/repository/org/jetbrains/annotations/17.0.0/annotations-17.0.0.jar:/Users/pereozogu/.m2/repository/com/github/docker-java/docker-java-api/3.3.0/docker-java-api-3.3.0.jar:/Users/pereozogu/.m2/repository/com/github/docker-java/docker-java-transport-zerodep/3.3.0/docker-java-transport-zerodep-3.3.0.jar:/Users/pereozogu/.m2/repository/com/github/docker-java/docker-java-transport/3.3.0/docker-java-transport-3.3.0.jar:/Users/pereozogu/.m2/repository/net/java/dev/jna/jna/5.12.1/jna-5.12.1.jar:/Users/pereozogu/.m2/repository/org/testcontainers/postgresql/1.18.3/postgresql-1.18.3.jar:/Users/pereozogu/.m2/repository/org/testcontainers/jdbc/1.18.3/jdbc-1.18.3.jar:/Users/pereozogu/.m2/repository/org/testcontainers/database-commons/1.18.3/database-commons-1.18.3.jar:/Users/pereozogu/.m2/repository/ca/uhn/hapi/fhir/hapi-fhir-test-utilities/6.6.0/hapi-fhir-test-utilities-6.6.0.jar:/Users/pereozogu/.m2/repository/ca/uhn/hapi/fhir/hapi-fhir-server/6.6.0/hapi-fhir-server-6.6.0.jar:/Users/pereozogu/.m2/repository/com/googlecode/owasp-java-html-sanitizer/owasp-java-html-sanitizer/20211018.2/owasp-java-html-sanitizer-20211018.2.jar:/Users/pereozogu/.m2/repository/org/springframework/spring-messaging/6.0.21/spring-messaging-6.0.21.jar:/Users/pereozogu/.m2/repository/org/simplejavamail/simple-java-mail/6.6.1/simple-java-mail-6.6.1.jar:/Users/pereozogu/.m2/repository/org/simplejavamail/core-module/6.6.1/core-module-6.6.1.jar:/Users/pereozogu/.m2/repository/com/sun/mail/jakarta.mail/1.6.5/jakarta.mail-1.6.5.jar:/Users/pereozogu/.m2/repository/com/sun/activation/jakarta.activation/1.2.1/jakarta.activation-1.2.1.jar:/Users/pereozogu/.m2/repository/com/github/bbottema/emailaddress-rfc2822/2.2.0/emailaddress-rfc2822-2.2.0.jar:/Users/pereozogu/.m2/repository/com/github/bbottema/jetbrains-runtime-annotations/1.0.0/jetbrains-runtime-annotations-1.0.0.jar:/Users/pereozogu/.m2/repository/org/apache/commons/commons-collections4/4.4/commons-collections4-4.4.jar:/Users/pereozogu/.m2/repository/ca/uhn/hapi/fhir/org.hl7.fhir.dstu3/6.0.1/org.hl7.fhir.dstu3-6.0.1.jar:/Users/pereozogu/.m2/repository/org/slf4j/slf4j-api/2.0.13/slf4j-api-2.0.13.jar:/Users/pereozogu/.m2/repository/ch/qos/logback/logback-classic/1.4.14/logback-classic-1.4.14.jar:/Users/pereozogu/.m2/repository/ch/qos/logback/logback-core/1.4.14/logback-core-1.4.14.jar:/Users/pereozogu/.m2/repository/org/springframework/spring-websocket/6.0.21/spring-websocket-6.0.21.jar:/Users/pereozogu/.m2/repository/org/hibernate/hibernate-entitymanager/5.6.12.Final/hibernate-entitymanager-5.6.12.Final.jar:/Users/pereozogu/.m2/repository/org/hibernate/hibernate-core/5.6.12.Final/hibernate-core-5.6.12.Final.jar:/Users/pereozogu/.m2/repository/antlr/antlr/2.7.7/antlr-2.7.7.jar:/Users/pereozogu/.m2/repository/javax/activation/javax.activation-api/1.2.0/javax.activation-api-1.2.0.jar:/Users/pereozogu/.m2/repository/javax/xml/bind/jaxb-api/2.3.1/jaxb-api-2.3.1.jar:/Users/pereozogu/.m2/repository/javax/persistence/javax.persistence-api/2.2/javax.persistence-api-2.2.jar:/Users/pereozogu/.m2/repository/org/hibernate/search/hibernate-search-mapper-orm/6.1.6.Final/hibernate-search-mapper-orm-6.1.6.Final.jar:/Users/pereozogu/.m2/repository/org/hibernate/search/hibernate-search-engine/6.1.6.Final/hibernate-search-engine-6.1.6.Final.jar:/Users/pereozogu/.m2/repository/org/hibernate/search/hibernate-search-mapper-pojo-base/6.1.6.Final/hibernate-search-mapper-pojo-base-6.1.6.Final.jar:/Users/pereozogu/.m2/repository/org/hibernate/search/hibernate-search-util-common/6.1.6.Final/hibernate-search-util-common-6.1.6.Final.jar:/Users/pereozogu/.m2/repository/org/jboss/jandex/2.4.2.Final/jandex-2.4.2.Final.jar:/Users/pereozogu/.m2/repository/net/sourceforge/htmlunit/htmlunit/2.70.0/htmlunit-2.70.0.jar:/Users/pereozogu/.m2/repository/org/apache/httpcomponents/httpmime/4.5.14/httpmime-4.5.14.jar:/Users/pereozogu/.m2/repository/net/sourceforge/htmlunit/htmlunit-core-js/2.70.0/htmlunit-core-js-2.70.0.jar:/Users/pereozogu/.m2/repository/net/sourceforge/htmlunit/neko-htmlunit/2.70.0/neko-htmlunit-2.70.0.jar:/Users/pereozogu/.m2/repository/net/sourceforge/htmlunit/htmlunit-cssparser/1.14.0/htmlunit-cssparser-1.14.0.jar:/Users/pereozogu/.m2/repository/net/sourceforge/htmlunit/htmlunit-xpath/2.70.0/htmlunit-xpath-2.70.0.jar:/Users/pereozogu/.m2/repository/commons-net/commons-net/3.9.0/commons-net-3.9.0.jar:/Users/pereozogu/.m2/repository/org/brotli/dec/0.1.2/dec-0.1.2.jar:/Users/pereozogu/.m2/repository/com/shapesecurity/salvation2/3.0.1/salvation2-3.0.1.jar:/Users/pereozogu/.m2/repository/org/awaitility/awaitility/4.2.1/awaitility-4.2.1.jar:/Users/pereozogu/.m2/repository/org/eclipse/jetty/jetty-servlet/11.0.21/jetty-servlet-11.0.21.jar:/Users/pereozogu/.m2/repository/org/eclipse/jetty/jetty-security/11.0.21/jetty-security-11.0.21.jar:/Users/pereozogu/.m2/repository/org/eclipse/jetty/websocket/websocket-jetty-server/11.0.21/websocket-jetty-server-11.0.21.jar:/Users/pereozogu/.m2/repository/org/eclipse/jetty/toolchain/jetty-jakarta-servlet-api/5.0.2/jetty-jakarta-servlet-api-5.0.2.jar:/Users/pereozogu/.m2/repository/org/eclipse/jetty/websocket/websocket-jetty-api/11.0.21/websocket-jetty-api-11.0.21.jar:/Users/pereozogu/.m2/repository/org/eclipse/jetty/websocket/websocket-jetty-common/11.0.21/websocket-jetty-common-11.0.21.jar:/Users/pereozogu/.m2/repository/org/eclipse/jetty/websocket/websocket-core-common/11.0.21/websocket-core-common-11.0.21.jar:/Users/pereozogu/.m2/repository/org/eclipse/jetty/websocket/websocket-servlet/11.0.21/websocket-servlet-11.0.21.jar:/Users/pereozogu/.m2/repository/org/eclipse/jetty/websocket/websocket-core-server/11.0.21/websocket-core-server-11.0.21.jar:/Users/pereozogu/.m2/repository/com/google/guava/guava-testlib/31.0.1-jre/guava-testlib-31.0.1-jre.jar:/Users/pereozogu/.m2/repository/com/google/errorprone/error_prone_annotations/2.7.1/error_prone_annotations-2.7.1.jar:/Users/pereozogu/.m2/repository/com/google/j2objc/j2objc-annotations/1.3/j2objc-annotations-1.3.jar:/Users/pereozogu/.m2/repository/org/junit/jupiter/junit-jupiter-api/5.9.3/junit-jupiter-api-5.9.3.jar:/Users/pereozogu/.m2/repository/org/opentest4j/opentest4j/1.2.0/opentest4j-1.2.0.jar:/Users/pereozogu/.m2/repository/org/junit/platform/junit-platform-commons/1.9.3/junit-platform-commons-1.9.3.jar:/Users/pereozogu/.m2/repository/org/apiguardian/apiguardian-api/1.1.2/apiguardian-api-1.1.2.jar:/Users/pereozogu/.m2/repository/org/junit/jupiter/junit-jupiter-engine/5.9.3/junit-jupiter-engine-5.9.3.jar:/Users/pereozogu/.m2/repository/org/junit/platform/junit-platform-engine/1.9.3/junit-platform-engine-1.9.3.jar:/Users/pereozogu/.m2/repository/org/junit/jupiter/junit-jupiter-params/5.9.3/junit-jupiter-params-5.9.3.jar:/Users/pereozogu/.m2/repository/com/github/tomakehurst/wiremock-jre8/2.35.0/wiremock-jre8-2.35.0.jar:/Users/pereozogu/.m2/repository/org/eclipse/jetty/jetty-server/11.0.21/jetty-server-11.0.21.jar:/Users/pereozogu/.m2/repository/org/eclipse/jetty/jetty-http/11.0.21/jetty-http-11.0.21.jar:/Users/pereozogu/.m2/repository/org/eclipse/jetty/jetty-io/11.0.21/jetty-io-11.0.21.jar:/Users/pereozogu/.m2/repository/org/eclipse/jetty/jetty-servlets/11.0.21/jetty-servlets-11.0.21.jar:/Users/pereozogu/.m2/repository/org/eclipse/jetty/jetty-util/11.0.21/jetty-util-11.0.21.jar:/Users/pereozogu/.m2/repository/org/eclipse/jetty/jetty-webapp/11.0.21/jetty-webapp-11.0.21.jar:/Users/pereozogu/.m2/repository/org/eclipse/jetty/jetty-xml/11.0.21/jetty-xml-11.0.21.jar:/Users/pereozogu/.m2/repository/org/eclipse/jetty/jetty-proxy/11.0.21/jetty-proxy-11.0.21.jar:/Users/pereozogu/.m2/repository/org/eclipse/jetty/jetty-client/11.0.21/jetty-client-11.0.21.jar:/Users/pereozogu/.m2/repository/org/eclipse/jetty/http2/http2-server/11.0.21/http2-server-11.0.21.jar:/Users/pereozogu/.m2/repository/org/eclipse/jetty/http2/http2-common/11.0.21/http2-common-11.0.21.jar:/Users/pereozogu/.m2/repository/org/eclipse/jetty/http2/http2-hpack/11.0.21/http2-hpack-11.0.21.jar:/Users/pereozogu/.m2/repository/org/eclipse/jetty/jetty-alpn-server/11.0.21/jetty-alpn-server-11.0.21.jar:/Users/pereozogu/.m2/repository/org/eclipse/jetty/jetty-alpn-java-server/11.0.21/jetty-alpn-java-server-11.0.21.jar:/Users/pereozogu/.m2/repository/org/eclipse/jetty/jetty-alpn-openjdk8-server/9.4.49.v20220914/jetty-alpn-openjdk8-server-9.4.49.v20220914.jar:/Users/pereozogu/.m2/repository/org/eclipse/jetty/jetty-alpn-java-client/11.0.21/jetty-alpn-java-client-11.0.21.jar:/Users/pereozogu/.m2/repository/org/eclipse/jetty/jetty-alpn-client/11.0.21/jetty-alpn-client-11.0.21.jar:/Users/pereozogu/.m2/repository/org/eclipse/jetty/jetty-alpn-openjdk8-client/9.4.49.v20220914/jetty-alpn-openjdk8-client-9.4.49.v20220914.jar:/Users/pereozogu/.m2/repository/com/google/guava/guava/31.1-jre/guava-31.1-jre.jar:/Users/pereozogu/.m2/repository/com/google/guava/failureaccess/1.0.1/failureaccess-1.0.1.jar:/Users/pereozogu/.m2/repository/com/google/guava/listenablefuture/9999.0-empty-to-avoid-conflict-with-guava/listenablefuture-9999.0-empty-to-avoid-conflict-with-guava.jar:/Users/pereozogu/.m2/repository/com/fasterxml/jackson/core/jackson-core/2.15.4/jackson-core-2.15.4.jar:/Users/pereozogu/.m2/repository/com/fasterxml/jackson/core/jackson-annotations/2.15.4/jackson-annotations-2.15.4.jar:/Users/pereozogu/.m2/repository/org/apache/httpcomponents/client5/httpclient5/5.2.3/httpclient5-5.2.3.jar:/Users/pereozogu/.m2/repository/org/apache/httpcomponents/core5/httpcore5/5.2.4/httpcore5-5.2.4.jar:/Users/pereozogu/.m2/repository/org/apache/httpcomponents/core5/httpcore5-h2/5.2.4/httpcore5-h2-5.2.4.jar:/Users/pereozogu/.m2/repository/org/xmlunit/xmlunit-legacy/2.9.1/xmlunit-legacy-2.9.1.jar:/Users/pereozogu/.m2/repository/org/xmlunit/xmlunit-placeholders/2.9.1/xmlunit-placeholders-2.9.1.jar:/Users/pereozogu/.m2/repository/net/javacrumbs/json-unit/json-unit-core/2.36.0/json-unit-core-2.36.0.jar:/Users/pereozogu/.m2/repository/org/hamcrest/hamcrest-core/2.2/hamcrest-core-2.2.jar:/Users/pereozogu/.m2/repository/org/ow2/asm/asm/9.4/asm-9.4.jar:/Users/pereozogu/.m2/repository/net/sf/jopt-simple/jopt-simple/5.0.4/jopt-simple-5.0.4.jar:/Users/pereozogu/.m2/repository/org/apache/commons/commons-lang3/3.12.0/commons-lang3-3.12.0.jar:/Users/pereozogu/.m2/repository/com/github/jknack/handlebars/4.3.1/handlebars-4.3.1.jar:/Users/pereozogu/.m2/repository/com/github/jknack/handlebars-helpers/4.3.1/handlebars-helpers-4.3.1.jar:/Users/pereozogu/.m2/repository/commons-fileupload/commons-fileupload/1.4/commons-fileupload-1.4.jar:/Users/pereozogu/.m2/repository/commons-io/commons-io/2.11.0/commons-io-2.11.0.jar:"/>
    <property name="java.vm.vendor" value="Amazon.com Inc."/>
    <property name="sun.arch.data.model" value="64"/>
    <property name="java.vendor.url" value="https://aws.amazon.com/corretto/"/>
    <property name="user.timezone" value="America/New_York"/>
    <property name="org.jboss.logging.provider" value="slf4j"/>
    <property name="os.name" value="Mac OS X"/>
    <property name="java.vm.specification.version" value="17"/>
    <property name="sun.java.launcher" value="SUN_STANDARD"/>
    <property name="user.country" value="US"/>
    <property name="sun.boot.library.path" value="/Users/pereozogu/.sdkman/candidates/java/17.0.9-amzn/lib"/>
    <property name="sun.java.command" value="/Users/pereozogu/healthcare-qr-sharing/target/surefire/surefirebooter-20250808114430716_3.jar /Users/pereozogu/healthcare-qr-sharing/target/surefire 2025-08-08T11-44-30_531-jvmRun1 surefire-20250808114430716_1tmp surefire_0-20250808114430716_2tmp"/>
    <property name="http.nonProxyHosts" value="local|*.local|169.254/16|*.169.254/16"/>
    <property name="jdk.debug" value="release"/>
    <property name="surefire.test.class.path" value="/Users/pereozogu/healthcare-qr-sharing/target/test-classes:/Users/pereozogu/healthcare-qr-sharing/target/classes:/Users/pereozogu/.m2/repository/org/springframework/boot/spring-boot-starter-web/3.1.12/spring-boot-starter-web-3.1.12.jar:/Users/pereozogu/.m2/repository/org/springframework/boot/spring-boot-starter/3.1.12/spring-boot-starter-3.1.12.jar:/Users/pereozogu/.m2/repository/org/springframework/boot/spring-boot/3.1.12/spring-boot-3.1.12.jar:/Users/pereozogu/.m2/repository/org/springframework/boot/spring-boot-autoconfigure/3.1.12/spring-boot-autoconfigure-3.1.12.jar:/Users/pereozogu/.m2/repository/org/springframework/boot/spring-boot-starter-logging/3.1.12/spring-boot-starter-logging-3.1.12.jar:/Users/pereozogu/.m2/repository/org/apache/logging/log4j/log4j-to-slf4j/2.20.0/log4j-to-slf4j-2.20.0.jar:/Users/pereozogu/.m2/repository/org/apache/logging/log4j/log4j-api/2.20.0/log4j-api-2.20.0.jar:/Users/pereozogu/.m2/repository/org/slf4j/jul-to-slf4j/2.0.13/jul-to-slf4j-2.0.13.jar:/Users/pereozogu/.m2/repository/jakarta/annotation/jakarta.annotation-api/2.1.1/jakarta.annotation-api-2.1.1.jar:/Users/pereozogu/.m2/repository/org/yaml/snakeyaml/1.33/snakeyaml-1.33.jar:/Users/pereozogu/.m2/repository/org/springframework/boot/spring-boot-starter-json/3.1.12/spring-boot-starter-json-3.1.12.jar:/Users/pereozogu/.m2/repository/com/fasterxml/jackson/datatype/jackson-datatype-jdk8/2.15.4/jackson-datatype-jdk8-2.15.4.jar:/Users/pereozogu/.m2/repository/com/fasterxml/jackson/datatype/jackson-datatype-jsr310/2.15.4/jackson-datatype-jsr310-2.15.4.jar:/Users/pereozogu/.m2/repository/com/fasterxml/jackson/module/jackson-module-parameter-names/2.15.4/jackson-module-parameter-names-2.15.4.jar:/Users/pereozogu/.m2/repository/org/springframework/boot/spring-boot-starter-tomcat/3.1.12/spring-boot-starter-tomcat-3.1.12.jar:/Users/pereozogu/.m2/repository/org/apache/tomcat/embed/tomcat-embed-core/10.1.24/tomcat-embed-core-10.1.24.jar:/Users/pereozogu/.m2/repository/org/apache/tomcat/embed/tomcat-embed-websocket/10.1.24/tomcat-embed-websocket-10.1.24.jar:/Users/pereozogu/.m2/repository/org/springframework/spring-web/6.0.21/spring-web-6.0.21.jar:/Users/pereozogu/.m2/repository/org/springframework/spring-beans/6.0.21/spring-beans-6.0.21.jar:/Users/pereozogu/.m2/repository/io/micrometer/micrometer-observation/1.11.12/micrometer-observation-1.11.12.jar:/Users/pereozogu/.m2/repository/io/micrometer/micrometer-commons/1.11.12/micrometer-commons-1.11.12.jar:/Users/pereozogu/.m2/repository/org/springframework/spring-webmvc/6.0.21/spring-webmvc-6.0.21.jar:/Users/pereozogu/.m2/repository/org/springframework/spring-context/6.0.21/spring-context-6.0.21.jar:/Users/pereozogu/.m2/repository/org/springframework/spring-expression/6.0.21/spring-expression-6.0.21.jar:/Users/pereozogu/.m2/repository/org/springframework/boot/spring-boot-starter-data-jpa/3.1.12/spring-boot-starter-data-jpa-3.1.12.jar:/Users/pereozogu/.m2/repository/org/springframework/boot/spring-boot-starter-aop/3.1.12/spring-boot-starter-aop-3.1.12.jar:/Users/pereozogu/.m2/repository/org/aspectj/aspectjweaver/1.9.22/aspectjweaver-1.9.22.jar:/Users/pereozogu/.m2/repository/org/springframework/boot/spring-boot-starter-jdbc/3.1.12/spring-boot-starter-jdbc-3.1.12.jar:/Users/pereozogu/.m2/repository/com/zaxxer/HikariCP/5.0.1/HikariCP-5.0.1.jar:/Users/pereozogu/.m2/repository/org/springframework/spring-jdbc/6.0.21/spring-jdbc-6.0.21.jar:/Users/pereozogu/.m2/repository/org/hibernate/orm/hibernate-core/6.2.25.Final/hibernate-core-6.2.25.Final.jar:/Users/pereozogu/.m2/repository/jakarta/persistence/jakarta.persistence-api/3.1.0/jakarta.persistence-api-3.1.0.jar:/Users/pereozogu/.m2/repository/jakarta/transaction/jakarta.transaction-api/2.0.1/jakarta.transaction-api-2.0.1.jar:/Users/pereozogu/.m2/repository/org/jboss/logging/jboss-logging/3.5.3.Final/jboss-logging-3.5.3.Final.jar:/Users/pereozogu/.m2/repository/org/hibernate/common/hibernate-commons-annotations/6.0.6.Final/hibernate-commons-annotations-6.0.6.Final.jar:/Users/pereozogu/.m2/repository/io/smallrye/jandex/3.0.5/jandex-3.0.5.jar:/Users/pereozogu/.m2/repository/com/fasterxml/classmate/1.5.1/classmate-1.5.1.jar:/Users/pereozogu/.m2/repository/net/bytebuddy/byte-buddy/1.14.16/byte-buddy-1.14.16.jar:/Users/pereozogu/.m2/repository/org/glassfish/jaxb/jaxb-runtime/4.0.5/jaxb-runtime-4.0.5.jar:/Users/pereozogu/.m2/repository/org/glassfish/jaxb/jaxb-core/4.0.5/jaxb-core-4.0.5.jar:/Users/pereozogu/.m2/repository/org/eclipse/angus/angus-activation/2.0.2/angus-activation-2.0.2.jar:/Users/pereozogu/.m2/repository/org/glassfish/jaxb/txw2/4.0.5/txw2-4.0.5.jar:/Users/pereozogu/.m2/repository/com/sun/istack/istack-commons-runtime/4.1.2/istack-commons-runtime-4.1.2.jar:/Users/pereozogu/.m2/repository/jakarta/inject/jakarta.inject-api/2.0.1/jakarta.inject-api-2.0.1.jar:/Users/pereozogu/.m2/repository/org/antlr/antlr4-runtime/4.10.1/antlr4-runtime-4.10.1.jar:/Users/pereozogu/.m2/repository/org/springframework/data/spring-data-jpa/3.1.12/spring-data-jpa-3.1.12.jar:/Users/pereozogu/.m2/repository/org/springframework/data/spring-data-commons/3.1.12/spring-data-commons-3.1.12.jar:/Users/pereozogu/.m2/repository/org/springframework/spring-orm/6.0.21/spring-orm-6.0.21.jar:/Users/pereozogu/.m2/repository/org/springframework/spring-tx/6.0.21/spring-tx-6.0.21.jar:/Users/pereozogu/.m2/repository/org/springframework/spring-aspects/6.0.21/spring-aspects-6.0.21.jar:/Users/pereozogu/.m2/repository/org/springframework/boot/spring-boot-starter-security/3.1.12/spring-boot-starter-security-3.1.12.jar:/Users/pereozogu/.m2/repository/org/springframework/spring-aop/6.0.21/spring-aop-6.0.21.jar:/Users/pereozogu/.m2/repository/org/springframework/security/spring-security-config/6.1.9/spring-security-config-6.1.9.jar:/Users/pereozogu/.m2/repository/org/springframework/security/spring-security-web/6.1.9/spring-security-web-6.1.9.jar:/Users/pereozogu/.m2/repository/org/springframework/boot/spring-boot-starter-oauth2-resource-server/3.1.12/spring-boot-starter-oauth2-resource-server-3.1.12.jar:/Users/pereozogu/.m2/repository/org/springframework/security/spring-security-core/6.1.9/spring-security-core-6.1.9.jar:/Users/pereozogu/.m2/repository/org/springframework/security/spring-security-crypto/6.1.9/spring-security-crypto-6.1.9.jar:/Users/pereozogu/.m2/repository/org/springframework/security/spring-security-oauth2-resource-server/6.1.9/spring-security-oauth2-resource-server-6.1.9.jar:/Users/pereozogu/.m2/repository/org/springframework/security/spring-security-oauth2-core/6.1.9/spring-security-oauth2-core-6.1.9.jar:/Users/pereozogu/.m2/repository/org/springframework/security/spring-security-oauth2-jose/6.1.9/spring-security-oauth2-jose-6.1.9.jar:/Users/pereozogu/.m2/repository/com/nimbusds/nimbus-jose-jwt/9.24.4/nimbus-jose-jwt-9.24.4.jar:/Users/pereozogu/.m2/repository/com/github/stephenc/jcip/jcip-annotations/1.0-1/jcip-annotations-1.0-1.jar:/Users/pereozogu/.m2/repository/org/springframework/boot/spring-boot-starter-thymeleaf/3.1.12/spring-boot-starter-thymeleaf-3.1.12.jar:/Users/pereozogu/.m2/repository/org/thymeleaf/thymeleaf-spring6/3.1.2.RELEASE/thymeleaf-spring6-3.1.2.RELEASE.jar:/Users/pereozogu/.m2/repository/org/thymeleaf/thymeleaf/3.1.2.RELEASE/thymeleaf-3.1.2.RELEASE.jar:/Users/pereozogu/.m2/repository/org/attoparser/attoparser/2.0.7.RELEASE/attoparser-2.0.7.RELEASE.jar:/Users/pereozogu/.m2/repository/org/unbescape/unbescape/1.1.6.RELEASE/unbescape-1.1.6.RELEASE.jar:/Users/pereozogu/.m2/repository/org/springframework/boot/spring-boot-starter-validation/3.1.12/spring-boot-starter-validation-3.1.12.jar:/Users/pereozogu/.m2/repository/org/apache/tomcat/embed/tomcat-embed-el/10.1.24/tomcat-embed-el-10.1.24.jar:/Users/pereozogu/.m2/repository/org/hibernate/validator/hibernate-validator/8.0.1.Final/hibernate-validator-8.0.1.Final.jar:/Users/pereozogu/.m2/repository/jakarta/validation/jakarta.validation-api/3.0.2/jakarta.validation-api-3.0.2.jar:/Users/pereozogu/.m2/repository/ca/uhn/hapi/fhir/hapi-fhir-spring-boot-starter/6.6.0/hapi-fhir-spring-boot-starter-6.6.0.jar:/Users/pereozogu/.m2/repository/ca/uhn/hapi/fhir/hapi-fhir-spring-boot-autoconfigure/6.6.0/hapi-fhir-spring-boot-autoconfigure-6.6.0.jar:/Users/pereozogu/.m2/repository/ca/uhn/hapi/fhir/hapi-fhir-structures-r4/6.6.0/hapi-fhir-structures-r4-6.6.0.jar:/Users/pereozogu/.m2/repository/ca/uhn/hapi/fhir/hapi-fhir-base/6.6.0/hapi-fhir-base-6.6.0.jar:/Users/pereozogu/.m2/repository/org/apache/commons/commons-text/1.10.0/commons-text-1.10.0.jar:/Users/pereozogu/.m2/repository/commons-codec/commons-codec/1.15/commons-codec-1.15.jar:/Users/pereozogu/.m2/repository/org/slf4j/jcl-over-slf4j/2.0.13/jcl-over-slf4j-2.0.13.jar:/Users/pereozogu/.m2/repository/ca/uhn/hapi/fhir/org.hl7.fhir.utilities/6.0.1/org.hl7.fhir.utilities-6.0.1.jar:/Users/pereozogu/.m2/repository/com/ibm/icu/icu4j/72.1/icu4j-72.1.jar:/Users/pereozogu/.m2/repository/ca/uhn/hapi/fhir/org.hl7.fhir.r4/6.0.1/org.hl7.fhir.r4-6.0.1.jar:/Users/pereozogu/.m2/repository/ca/uhn/hapi/fhir/hapi-fhir-caching-api/6.6.0/hapi-fhir-caching-api-6.6.0.jar:/Users/pereozogu/.m2/repository/com/google/code/findbugs/jsr305/3.0.2/jsr305-3.0.2.jar:/Users/pereozogu/.m2/repository/ca/uhn/hapi/fhir/hapi-fhir-client/6.6.0/hapi-fhir-client-6.6.0.jar:/Users/pereozogu/.m2/repository/org/apache/httpcomponents/httpclient/4.5.13/httpclient-4.5.13.jar:/Users/pereozogu/.m2/repository/org/apache/httpcomponents/httpcore/4.4.16/httpcore-4.4.16.jar:/Users/pereozogu/.m2/repository/org/postgresql/postgresql/42.6.2/postgresql-42.6.2.jar:/Users/pereozogu/.m2/repository/org/checkerframework/checker-qual/3.31.0/checker-qual-3.31.0.jar:/Users/pereozogu/.m2/repository/com/h2database/h2/2.1.214/h2-2.1.214.jar:/Users/pereozogu/.m2/repository/org/bouncycastle/bcprov-jdk15on/1.70/bcprov-jdk15on-1.70.jar:/Users/pereozogu/.m2/repository/com/auth0/java-jwt/4.4.0/java-jwt-4.4.0.jar:/Users/pereozogu/.m2/repository/com/fasterxml/jackson/core/jackson-databind/2.15.4/jackson-databind-2.15.4.jar:/Users/pereozogu/.m2/repository/com/google/zxing/core/3.5.1/core-3.5.1.jar:/Users/pereozogu/.m2/repository/com/google/zxing/javase/3.5.1/javase-3.5.1.jar:/Users/pereozogu/.m2/repository/com/beust/jcommander/1.82/jcommander-1.82.jar:/Users/pereozogu/.m2/repository/com/github/jai-imageio/jai-imageio-core/1.4.0/jai-imageio-core-1.4.0.jar:/Users/pereozogu/.m2/repository/org/projectlombok/lombok/1.18.32/lombok-1.18.32.jar:/Users/pereozogu/.m2/repository/org/mapstruct/mapstruct/1.5.5.Final/mapstruct-1.5.5.Final.jar:/Users/pereozogu/.m2/repository/org/springframework/boot/spring-boot-starter-test/3.1.12/spring-boot-starter-test-3.1.12.jar:/Users/pereozogu/.m2/repository/org/springframework/boot/spring-boot-test/3.1.12/spring-boot-test-3.1.12.jar:/Users/pereozogu/.m2/repository/org/springframework/boot/spring-boot-test-autoconfigure/3.1.12/spring-boot-test-autoconfigure-3.1.12.jar:/Users/pereozogu/.m2/repository/com/jayway/jsonpath/json-path/2.9.0/json-path-2.9.0.jar:/Users/pereozogu/.m2/repository/jakarta/xml/bind/jakarta.xml.bind-api/4.0.2/jakarta.xml.bind-api-4.0.2.jar:/Users/pereozogu/.m2/repository/jakarta/activation/jakarta.activation-api/2.1.3/jakarta.activation-api-2.1.3.jar:/Users/pereozogu/.m2/repository/net/minidev/json-smart/2.4.11/json-smart-2.4.11.jar:/Users/pereozogu/.m2/repository/net/minidev/accessors-smart/2.4.11/accessors-smart-2.4.11.jar:/Users/pereozogu/.m2/repository/org/assertj/assertj-core/3.24.2/assertj-core-3.24.2.jar:/Users/pereozogu/.m2/repository/org/hamcrest/hamcrest/2.2/hamcrest-2.2.jar:/Users/pereozogu/.m2/repository/org/junit/jupiter/junit-jupiter/5.9.3/junit-jupiter-5.9.3.jar:/Users/pereozogu/.m2/repository/org/mockito/mockito-core/5.3.1/mockito-core-5.3.1.jar:/Users/pereozogu/.m2/repository/net/bytebuddy/byte-buddy-agent/1.14.16/byte-buddy-agent-1.14.16.jar:/Users/pereozogu/.m2/repository/org/objenesis/objenesis/3.3/objenesis-3.3.jar:/Users/pereozogu/.m2/repository/org/mockito/mockito-junit-jupiter/5.3.1/mockito-junit-jupiter-5.3.1.jar:/Users/pereozogu/.m2/repository/org/skyscreamer/jsonassert/1.5.1/jsonassert-1.5.1.jar:/Users/pereozogu/.m2/repository/com/vaadin/external/google/android-json/0.0.20131108.vaadin1/android-json-0.0.20131108.vaadin1.jar:/Users/pereozogu/.m2/repository/org/springframework/spring-core/6.0.21/spring-core-6.0.21.jar:/Users/pereozogu/.m2/repository/org/springframework/spring-jcl/6.0.21/spring-jcl-6.0.21.jar:/Users/pereozogu/.m2/repository/org/springframework/spring-test/6.0.21/spring-test-6.0.21.jar:/Users/pereozogu/.m2/repository/org/xmlunit/xmlunit-core/2.9.1/xmlunit-core-2.9.1.jar:/Users/pereozogu/.m2/repository/org/springframework/security/spring-security-test/6.1.9/spring-security-test-6.1.9.jar:/Users/pereozogu/.m2/repository/org/testcontainers/junit-jupiter/1.18.3/junit-jupiter-1.18.3.jar:/Users/pereozogu/.m2/repository/org/testcontainers/testcontainers/1.18.3/testcontainers-1.18.3.jar:/Users/pereozogu/.m2/repository/junit/junit/4.13.2/junit-4.13.2.jar:/Users/pereozogu/.m2/repository/org/apache/commons/commons-compress/1.23.0/commons-compress-1.23.0.jar:/Users/pereozogu/.m2/repository/org/rnorth/duct-tape/duct-tape/1.0.8/duct-tape-1.0.8.jar:/Users/pereozogu/.m2/repository/org/jetbrains/annotations/17.0.0/annotations-17.0.0.jar:/Users/pereozogu/.m2/repository/com/github/docker-java/docker-java-api/3.3.0/docker-java-api-3.3.0.jar:/Users/pereozogu/.m2/repository/com/github/docker-java/docker-java-transport-zerodep/3.3.0/docker-java-transport-zerodep-3.3.0.jar:/Users/pereozogu/.m2/repository/com/github/docker-java/docker-java-transport/3.3.0/docker-java-transport-3.3.0.jar:/Users/pereozogu/.m2/repository/net/java/dev/jna/jna/5.12.1/jna-5.12.1.jar:/Users/pereozogu/.m2/repository/org/testcontainers/postgresql/1.18.3/postgresql-1.18.3.jar:/Users/pereozogu/.m2/repository/org/testcontainers/jdbc/1.18.3/jdbc-1.18.3.jar:/Users/pereozogu/.m2/repository/org/testcontainers/database-commons/1.18.3/database-commons-1.18.3.jar:/Users/pereozogu/.m2/repository/ca/uhn/hapi/fhir/hapi-fhir-test-utilities/6.6.0/hapi-fhir-test-utilities-6.6.0.jar:/Users/pereozogu/.m2/repository/ca/uhn/hapi/fhir/hapi-fhir-server/6.6.0/hapi-fhir-server-6.6.0.jar:/Users/pereozogu/.m2/repository/com/googlecode/owasp-java-html-sanitizer/owasp-java-html-sanitizer/20211018.2/owasp-java-html-sanitizer-20211018.2.jar:/Users/pereozogu/.m2/repository/org/springframework/spring-messaging/6.0.21/spring-messaging-6.0.21.jar:/Users/pereozogu/.m2/repository/org/simplejavamail/simple-java-mail/6.6.1/simple-java-mail-6.6.1.jar:/Users/pereozogu/.m2/repository/org/simplejavamail/core-module/6.6.1/core-module-6.6.1.jar:/Users/pereozogu/.m2/repository/com/sun/mail/jakarta.mail/1.6.5/jakarta.mail-1.6.5.jar:/Users/pereozogu/.m2/repository/com/sun/activation/jakarta.activation/1.2.1/jakarta.activation-1.2.1.jar:/Users/pereozogu/.m2/repository/com/github/bbottema/emailaddress-rfc2822/2.2.0/emailaddress-rfc2822-2.2.0.jar:/Users/pereozogu/.m2/repository/com/github/bbottema/jetbrains-runtime-annotations/1.0.0/jetbrains-runtime-annotations-1.0.0.jar:/Users/pereozogu/.m2/repository/org/apache/commons/commons-collections4/4.4/commons-collections4-4.4.jar:/Users/pereozogu/.m2/repository/ca/uhn/hapi/fhir/org.hl7.fhir.dstu3/6.0.1/org.hl7.fhir.dstu3-6.0.1.jar:/Users/pereozogu/.m2/repository/org/slf4j/slf4j-api/2.0.13/slf4j-api-2.0.13.jar:/Users/pereozogu/.m2/repository/ch/qos/logback/logback-classic/1.4.14/logback-classic-1.4.14.jar:/Users/pereozogu/.m2/repository/ch/qos/logback/logback-core/1.4.14/logback-core-1.4.14.jar:/Users/pereozogu/.m2/repository/org/springframework/spring-websocket/6.0.21/spring-websocket-6.0.21.jar:/Users/pereozogu/.m2/repository/org/hibernate/hibernate-entitymanager/5.6.12.Final/hibernate-entitymanager-5.6.12.Final.jar:/Users/pereozogu/.m2/repository/org/hibernate/hibernate-core/5.6.12.Final/hibernate-core-5.6.12.Final.jar:/Users/pereozogu/.m2/repository/antlr/antlr/2.7.7/antlr-2.7.7.jar:/Users/pereozogu/.m2/repository/javax/activation/javax.activation-api/1.2.0/javax.activation-api-1.2.0.jar:/Users/pereozogu/.m2/repository/javax/xml/bind/jaxb-api/2.3.1/jaxb-api-2.3.1.jar:/Users/pereozogu/.m2/repository/javax/persistence/javax.persistence-api/2.2/javax.persistence-api-2.2.jar:/Users/pereozogu/.m2/repository/org/hibernate/search/hibernate-search-mapper-orm/6.1.6.Final/hibernate-search-mapper-orm-6.1.6.Final.jar:/Users/pereozogu/.m2/repository/org/hibernate/search/hibernate-search-engine/6.1.6.Final/hibernate-search-engine-6.1.6.Final.jar:/Users/pereozogu/.m2/repository/org/hibernate/search/hibernate-search-mapper-pojo-base/6.1.6.Final/hibernate-search-mapper-pojo-base-6.1.6.Final.jar:/Users/pereozogu/.m2/repository/org/hibernate/search/hibernate-search-util-common/6.1.6.Final/hibernate-search-util-common-6.1.6.Final.jar:/Users/pereozogu/.m2/repository/org/jboss/jandex/2.4.2.Final/jandex-2.4.2.Final.jar:/Users/pereozogu/.m2/repository/net/sourceforge/htmlunit/htmlunit/2.70.0/htmlunit-2.70.0.jar:/Users/pereozogu/.m2/repository/org/apache/httpcomponents/httpmime/4.5.14/httpmime-4.5.14.jar:/Users/pereozogu/.m2/repository/net/sourceforge/htmlunit/htmlunit-core-js/2.70.0/htmlunit-core-js-2.70.0.jar:/Users/pereozogu/.m2/repository/net/sourceforge/htmlunit/neko-htmlunit/2.70.0/neko-htmlunit-2.70.0.jar:/Users/pereozogu/.m2/repository/net/sourceforge/htmlunit/htmlunit-cssparser/1.14.0/htmlunit-cssparser-1.14.0.jar:/Users/pereozogu/.m2/repository/net/sourceforge/htmlunit/htmlunit-xpath/2.70.0/htmlunit-xpath-2.70.0.jar:/Users/pereozogu/.m2/repository/commons-net/commons-net/3.9.0/commons-net-3.9.0.jar:/Users/pereozogu/.m2/repository/org/brotli/dec/0.1.2/dec-0.1.2.jar:/Users/pereozogu/.m2/repository/com/shapesecurity/salvation2/3.0.1/salvation2-3.0.1.jar:/Users/pereozogu/.m2/repository/org/awaitility/awaitility/4.2.1/awaitility-4.2.1.jar:/Users/pereozogu/.m2/repository/org/eclipse/jetty/jetty-servlet/11.0.21/jetty-servlet-11.0.21.jar:/Users/pereozogu/.m2/repository/org/eclipse/jetty/jetty-security/11.0.21/jetty-security-11.0.21.jar:/Users/pereozogu/.m2/repository/org/eclipse/jetty/websocket/websocket-jetty-server/11.0.21/websocket-jetty-server-11.0.21.jar:/Users/pereozogu/.m2/repository/org/eclipse/jetty/toolchain/jetty-jakarta-servlet-api/5.0.2/jetty-jakarta-servlet-api-5.0.2.jar:/Users/pereozogu/.m2/repository/org/eclipse/jetty/websocket/websocket-jetty-api/11.0.21/websocket-jetty-api-11.0.21.jar:/Users/pereozogu/.m2/repository/org/eclipse/jetty/websocket/websocket-jetty-common/11.0.21/websocket-jetty-common-11.0.21.jar:/Users/pereozogu/.m2/repository/org/eclipse/jetty/websocket/websocket-core-common/11.0.21/websocket-core-common-11.0.21.jar:/Users/pereozogu/.m2/repository/org/eclipse/jetty/websocket/websocket-servlet/11.0.21/websocket-servlet-11.0.21.jar:/Users/pereozogu/.m2/repository/org/eclipse/jetty/websocket/websocket-core-server/11.0.21/websocket-core-server-11.0.21.jar:/Users/pereozogu/.m2/repository/com/google/guava/guava-testlib/31.0.1-jre/guava-testlib-31.0.1-jre.jar:/Users/pereozogu/.m2/repository/com/google/errorprone/error_prone_annotations/2.7.1/error_prone_annotations-2.7.1.jar:/Users/pereozogu/.m2/repository/com/google/j2objc/j2objc-annotations/1.3/j2objc-annotations-1.3.jar:/Users/pereozogu/.m2/repository/org/junit/jupiter/junit-jupiter-api/5.9.3/junit-jupiter-api-5.9.3.jar:/Users/pereozogu/.m2/repository/org/opentest4j/opentest4j/1.2.0/opentest4j-1.2.0.jar:/Users/pereozogu/.m2/repository/org/junit/platform/junit-platform-commons/1.9.3/junit-platform-commons-1.9.3.jar:/Users/pereozogu/.m2/repository/org/apiguardian/apiguardian-api/1.1.2/apiguardian-api-1.1.2.jar:/Users/pereozogu/.m2/repository/org/junit/jupiter/junit-jupiter-engine/5.9.3/junit-jupiter-engine-5.9.3.jar:/Users/pereozogu/.m2/repository/org/junit/platform/junit-platform-engine/1.9.3/junit-platform-engine-1.9.3.jar:/Users/pereozogu/.m2/repository/org/junit/jupiter/junit-jupiter-params/5.9.3/junit-jupiter-params-5.9.3.jar:/Users/pereozogu/.m2/repository/com/github/tomakehurst/wiremock-jre8/2.35.0/wiremock-jre8-2.35.0.jar:/Users/pereozogu/.m2/repository/org/eclipse/jetty/jetty-server/11.0.21/jetty-server-11.0.21.jar:/Users/pereozogu/.m2/repository/org/eclipse/jetty/jetty-http/11.0.21/jetty-http-11.0.21.jar:/Users/pereozogu/.m2/repository/org/eclipse/jetty/jetty-io/11.0.21/jetty-io-11.0.21.jar:/Users/pereozogu/.m2/repository/org/eclipse/jetty/jetty-servlets/11.0.21/jetty-servlets-11.0.21.jar:/Users/pereozogu/.m2/repository/org/eclipse/jetty/jetty-util/11.0.21/jetty-util-11.0.21.jar:/Users/pereozogu/.m2/repository/org/eclipse/jetty/jetty-webapp/11.0.21/jetty-webapp-11.0.21.jar:/Users/pereozogu/.m2/repository/org/eclipse/jetty/jetty-xml/11.0.21/jetty-xml-11.0.21.jar:/Users/pereozogu/.m2/repository/org/eclipse/jetty/jetty-proxy/11.0.21/jetty-proxy-11.0.21.jar:/Users/pereozogu/.m2/repository/org/eclipse/jetty/jetty-client/11.0.21/jetty-client-11.0.21.jar:/Users/pereozogu/.m2/repository/org/eclipse/jetty/http2/http2-server/11.0.21/http2-server-11.0.21.jar:/Users/pereozogu/.m2/repository/org/eclipse/jetty/http2/http2-common/11.0.21/http2-common-11.0.21.jar:/Users/pereozogu/.m2/repository/org/eclipse/jetty/http2/http2-hpack/11.0.21/http2-hpack-11.0.21.jar:/Users/pereozogu/.m2/repository/org/eclipse/jetty/jetty-alpn-server/11.0.21/jetty-alpn-server-11.0.21.jar:/Users/pereozogu/.m2/repository/org/eclipse/jetty/jetty-alpn-java-server/11.0.21/jetty-alpn-java-server-11.0.21.jar:/Users/pereozogu/.m2/repository/org/eclipse/jetty/jetty-alpn-openjdk8-server/9.4.49.v20220914/jetty-alpn-openjdk8-server-9.4.49.v20220914.jar:/Users/pereozogu/.m2/repository/org/eclipse/jetty/jetty-alpn-java-client/11.0.21/jetty-alpn-java-client-11.0.21.jar:/Users/pereozogu/.m2/repository/org/eclipse/jetty/jetty-alpn-client/11.0.21/jetty-alpn-client-11.0.21.jar:/Users/pereozogu/.m2/repository/org/eclipse/jetty/jetty-alpn-openjdk8-client/9.4.49.v20220914/jetty-alpn-openjdk8-client-9.4.49.v20220914.jar:/Users/pereozogu/.m2/repository/com/google/guava/guava/31.1-jre/guava-31.1-jre.jar:/Users/pereozogu/.m2/repository/com/google/guava/failureaccess/1.0.1/failureaccess-1.0.1.jar:/Users/pereozogu/.m2/repository/com/google/guava/listenablefuture/9999.0-empty-to-avoid-conflict-with-guava/listenablefuture-9999.0-empty-to-avoid-conflict-with-guava.jar:/Users/pereozogu/.m2/repository/com/fasterxml/jackson/core/jackson-core/2.15.4/jackson-core-2.15.4.jar:/Users/pereozogu/.m2/repository/com/fasterxml/jackson/core/jackson-annotations/2.15.4/jackson-annotations-2.15.4.jar:/Users/pereozogu/.m2/repository/org/apache/httpcomponents/client5/httpclient5/5.2.3/httpclient5-5.2.3.jar:/Users/pereozogu/.m2/repository/org/apache/httpcomponents/core5/httpcore5/5.2.4/httpcore5-5.2.4.jar:/Users/pereozogu/.m2/repository/org/apache/httpcomponents/core5/httpcore5-h2/5.2.4/httpcore5-h2-5.2.4.jar:/Users/pereozogu/.m2/repository/org/xmlunit/xmlunit-legacy/2.9.1/xmlunit-legacy-2.9.1.jar:/Users/pereozogu/.m2/repository/org/xmlunit/xmlunit-placeholders/2.9.1/xmlunit-placeholders-2.9.1.jar:/Users/pereozogu/.m2/repository/net/javacrumbs/json-unit/json-unit-core/2.36.0/json-unit-core-2.36.0.jar:/Users/pereozogu/.m2/repository/org/hamcrest/hamcrest-core/2.2/hamcrest-core-2.2.jar:/Users/pereozogu/.m2/repository/org/ow2/asm/asm/9.4/asm-9.4.jar:/Users/pereozogu/.m2/repository/net/sf/jopt-simple/jopt-simple/5.0.4/jopt-simple-5.0.4.jar:/Users/pereozogu/.m2/repository/org/apache/commons/commons-lang3/3.12.0/commons-lang3-3.12.0.jar:/Users/pereozogu/.m2/repository/com/github/jknack/handlebars/4.3.1/handlebars-4.3.1.jar:/Users/pereozogu/.m2/repository/com/github/jknack/handlebars-helpers/4.3.1/handlebars-helpers-4.3.1.jar:/Users/pereozogu/.m2/repository/commons-fileupload/commons-fileupload/1.4/commons-fileupload-1.4.jar:/Users/pereozogu/.m2/repository/commons-io/commons-io/2.11.0/commons-io-2.11.0.jar:"/>
    <property name="sun.cpu.endian" value="little"/>
    <property name="user.home" value="/Users/pereozogu"/>
    <property name="user.language" value="en"/>
    <property name="java.specification.vendor" value="Oracle Corporation"/>
    <property name="java.version.date" value="2023-10-17"/>
    <property name="java.home" value="/Users/pereozogu/.sdkman/candidates/java/17.0.9-amzn"/>
    <property name="file.separator" value="/"/>
    <property name="basedir" value="/Users/pereozogu/healthcare-qr-sharing"/>
    <property name="java.vm.compressedOopsMode" value="Zero based"/>
    <property name="line.separator" value="&#10;"/>
    <property name="java.vm.specification.vendor" value="Oracle Corporation"/>
    <property name="java.specification.name" value="Java Platform API Specification"/>
    <property name="FILE_LOG_CHARSET" value="UTF-8"/>
    <property name="java.awt.headless" value="true"/>
    <property name="surefire.real.class.path" value="/Users/pereozogu/healthcare-qr-sharing/target/surefire/surefirebooter-20250808114430716_3.jar"/>
    <property name="sun.management.compiler" value="HotSpot 64-Bit Tiered Compilers"/>
    <property name="ftp.nonProxyHosts" value="local|*.local|169.254/16|*.169.254/16"/>
    <property name="java.runtime.version" value="17.0.9+8-LTS"/>
    <property name="user.name" value="pereozogu"/>
    <property name="path.separator" value=":"/>
    <property name="os.version" value="15.6"/>
    <property name="java.runtime.name" value="OpenJDK Runtime Environment"/>
    <property name="file.encoding" value="UTF-8"/>
    <property name="java.vm.name" value="OpenJDK 64-Bit Server VM"/>
    <property name="java.vendor.version" value="Corretto-17.0.9.8.1"/>
    <property name="localRepository" value="/Users/pereozogu/.m2/repository"/>
    <property name="java.vendor.url.bug" value="https://github.com/corretto/corretto-17/issues/"/>
    <property name="java.io.tmpdir" value="/var/folders/b8/cm3xb44j3fb_klbr7yylz2vh0000gp/T/"/>
    <property name="java.version" value="17.0.9"/>
    <property name="user.dir" value="/Users/pereozogu/healthcare-qr-sharing"/>
    <property name="os.arch" value="x86_64"/>
    <property name="java.vm.specification.name" value="Java Virtual Machine Specification"/>
    <property name="PID" value="4069"/>
    <property name="CONSOLE_LOG_CHARSET" value="UTF-8"/>
    <property name="native.encoding" value="UTF-8"/>
    <property name="java.library.path" value="/Users/pereozogu/Library/Java/Extensions:/Library/Java/Extensions:/Network/Library/Java/Extensions:/System/Library/Java/Extensions:/usr/lib/java:."/>
    <property name="java.vm.info" value="mixed mode, sharing"/>
    <property name="java.vendor" value="Amazon.com Inc."/>
    <property name="java.vm.version" value="17.0.9+8-LTS"/>
    <property name="sun.io.unicode.encoding" value="UnicodeBig"/>
    <property name="socksNonProxyHosts" value="local|*.local|169.254/16|*.169.254/16"/>
    <property name="java.class.version" value="61.0"/>
  </properties>
  <testcase name="findActiveConsentsByPatientAndGrantee_ShouldReturnMatchingConsents" classname="com.healthcare.repository.ConsentRepositoryTest" time="0.006">
    <error message="Failed to load ApplicationContext for [MergedContextConfiguration@5e777b0 testClass = com.healthcare.repository.ConsentRepositoryTest, locations = [], classes = [com.healthcare.HealthcareQRSharingApplication], contextInitializerClasses = [], activeProfiles = [&quot;test&quot;], propertySourceLocations = [], propertySourceProperties = [&quot;org.springframework.boot.test.autoconfigure.orm.jpa.DataJpaTestContextBootstrapper=true&quot;], contextCustomizers = [[ImportsContextCustomizer@3c74d846 key = [org.springframework.boot.autoconfigure.transaction.TransactionAutoConfiguration, org.springframework.boot.autoconfigure.data.jpa.JpaRepositoriesAutoConfiguration, org.springframework.boot.autoconfigure.jdbc.DataSourceAutoConfiguration, org.springframework.boot.test.autoconfigure.orm.jpa.TestEntityManagerAutoConfiguration, org.springframework.boot.autoconfigure.cache.CacheAutoConfiguration, org.springframework.boot.autoconfigure.orm.jpa.HibernateJpaAutoConfiguration, org.springframework.boot.autoconfigure.sql.init.SqlInitializationAutoConfiguration, org.springframework.boot.autoconfigure.jdbc.JdbcTemplateAutoConfiguration, org.springframework.boot.test.autoconfigure.jdbc.TestDatabaseAutoConfiguration, org.springframework.boot.autoconfigure.flyway.FlywayAutoConfiguration, org.springframework.boot.autoconfigure.jdbc.DataSourceTransactionManagerAutoConfiguration, org.springframework.boot.autoconfigure.liquibase.LiquibaseAutoConfiguration]], org.springframework.boot.test.context.filter.ExcludeFilterContextCustomizer@5b3f61ff, org.springframework.boot.test.json.DuplicateJsonObjectContextCustomizerFactory$DuplicateJsonObjectContextCustomizer@7cb502c, org.springframework.boot.test.mock.mockito.MockitoContextCustomizer@0, org.springframework.boot.test.autoconfigure.OverrideAutoConfigurationContextCustomizerFactory$DisableAutoConfigurationContextCustomizer@55cf0d14, org.springframework.boot.test.autoconfigure.actuate.observability.ObservabilityContextCustomizerFactory$DisableObservabilityContextCustomizer@1f, org.springframework.boot.test.autoconfigure.filter.TypeExcludeFiltersContextCustomizer@351584c0, org.springframework.boot.test.autoconfigure.properties.PropertyMappingContextCustomizer@db985919, org.springframework.boot.test.autoconfigure.web.servlet.WebDriverContextCustomizer@418c5a9c, org.springframework.boot.test.context.SpringBootTestAnnotation@b2b43f9b], contextLoader = org.springframework.boot.test.context.SpringBootContextLoader, parent = null]" type="java.lang.IllegalStateException"><![CDATA[java.lang.IllegalStateException: Failed to load ApplicationContext for [MergedContextConfiguration@5e777b0 testClass = com.healthcare.repository.ConsentRepositoryTest, locations = [], classes = [com.healthcare.HealthcareQRSharingApplication], contextInitializerClasses = [], activeProfiles = ["test"], propertySourceLocations = [], propertySourceProperties = ["org.springframework.boot.test.autoconfigure.orm.jpa.DataJpaTestContextBootstrapper=true"], contextCustomizers = [[ImportsContextCustomizer@3c74d846 key = [org.springframework.boot.autoconfigure.transaction.TransactionAutoConfiguration, org.springframework.boot.autoconfigure.data.jpa.JpaRepositoriesAutoConfiguration, org.springframework.boot.autoconfigure.jdbc.DataSourceAutoConfiguration, org.springframework.boot.test.autoconfigure.orm.jpa.TestEntityManagerAutoConfiguration, org.springframework.boot.autoconfigure.cache.CacheAutoConfiguration, org.springframework.boot.autoconfigure.orm.jpa.HibernateJpaAutoConfiguration, org.springframework.boot.autoconfigure.sql.init.SqlInitializationAutoConfiguration, org.springframework.boot.autoconfigure.jdbc.JdbcTemplateAutoConfiguration, org.springframework.boot.test.autoconfigure.jdbc.TestDatabaseAutoConfiguration, org.springframework.boot.autoconfigure.flyway.FlywayAutoConfiguration, org.springframework.boot.autoconfigure.jdbc.DataSourceTransactionManagerAutoConfiguration, org.springframework.boot.autoconfigure.liquibase.LiquibaseAutoConfiguration]], org.springframework.boot.test.context.filter.ExcludeFilterContextCustomizer@5b3f61ff, org.springframework.boot.test.json.DuplicateJsonObjectContextCustomizerFactory$DuplicateJsonObjectContextCustomizer@7cb502c, org.springframework.boot.test.mock.mockito.MockitoContextCustomizer@0, org.springframework.boot.test.autoconfigure.OverrideAutoConfigurationContextCustomizerFactory$DisableAutoConfigurationContextCustomizer@55cf0d14, org.springframework.boot.test.autoconfigure.actuate.observability.ObservabilityContextCustomizerFactory$DisableObservabilityContextCustomizer@1f, org.springframework.boot.test.autoconfigure.filter.TypeExcludeFiltersContextCustomizer@351584c0, org.springframework.boot.test.autoconfigure.properties.PropertyMappingContextCustomizer@db985919, org.springframework.boot.test.autoconfigure.web.servlet.WebDriverContextCustomizer@418c5a9c, org.springframework.boot.test.context.SpringBootTestAnnotation@b2b43f9b], contextLoader = org.springframework.boot.test.context.SpringBootContextLoader, parent = null]
	at org.springframework.test.context.cache.DefaultCacheAwareContextLoaderDelegate.loadContext(DefaultCacheAwareContextLoaderDelegate.java:143)
	at org.springframework.test.context.support.DefaultTestContext.getApplicationContext(DefaultTestContext.java:127)
	at org.springframework.test.context.support.DependencyInjectionTestExecutionListener.injectDependencies(DependencyInjectionTestExecutionListener.java:141)
	at org.springframework.test.context.support.DependencyInjectionTestExecutionListener.prepareTestInstance(DependencyInjectionTestExecutionListener.java:97)
	at org.springframework.test.context.TestContextManager.prepareTestInstance(TestContextManager.java:241)
	at org.springframework.test.context.junit.jupiter.SpringExtension.postProcessTestInstance(SpringExtension.java:138)
	at org.junit.jupiter.engine.descriptor.ClassBasedTestDescriptor.lambda$invokeTestInstancePostProcessors$10(ClassBasedTestDescriptor.java:377)
	at org.junit.jupiter.engine.descriptor.ClassBasedTestDescriptor.executeAndMaskThrowable(ClassBasedTestDescriptor.java:382)
	at org.junit.jupiter.engine.descriptor.ClassBasedTestDescriptor.lambda$invokeTestInstancePostProcessors$11(ClassBasedTestDescriptor.java:377)
	at java.base/java.util.stream.ReferencePipeline$3$1.accept(ReferencePipeline.java:197)
	at java.base/java.util.stream.ReferencePipeline$2$1.accept(ReferencePipeline.java:179)
	at java.base/java.util.ArrayList$ArrayListSpliterator.forEachRemaining(ArrayList.java:1625)
	at java.base/java.util.stream.AbstractPipeline.copyInto(AbstractPipeline.java:509)
	at java.base/java.util.stream.AbstractPipeline.wrapAndCopyInto(AbstractPipeline.java:499)
	at java.base/java.util.stream.StreamSpliterators$WrappingSpliterator.forEachRemaining(StreamSpliterators.java:310)
	at java.base/java.util.stream.Streams$ConcatSpliterator.forEachRemaining(Streams.java:735)
	at java.base/java.util.stream.Streams$ConcatSpliterator.forEachRemaining(Streams.java:734)
	at java.base/java.util.stream.ReferencePipeline$Head.forEach(ReferencePipeline.java:762)
	at org.junit.jupiter.engine.descriptor.ClassBasedTestDescriptor.invokeTestInstancePostProcessors(ClassBasedTestDescriptor.java:376)
	at org.junit.jupiter.engine.descriptor.ClassBasedTestDescriptor.lambda$instantiateAndPostProcessTestInstance$6(ClassBasedTestDescriptor.java:289)
	at org.junit.platform.engine.support.hierarchical.ThrowableCollector.execute(ThrowableCollector.java:73)
	at org.junit.jupiter.engine.descriptor.ClassBasedTestDescriptor.instantiateAndPostProcessTestInstance(ClassBasedTestDescriptor.java:288)
	at org.junit.jupiter.engine.descriptor.ClassBasedTestDescriptor.lambda$testInstancesProvider$4(ClassBasedTestDescriptor.java:278)
	at java.base/java.util.Optional.orElseGet(Optional.java:364)
	at org.junit.jupiter.engine.descriptor.ClassBasedTestDescriptor.lambda$testInstancesProvider$5(ClassBasedTestDescriptor.java:277)
	at org.junit.jupiter.engine.execution.TestInstancesProvider.getTestInstances(TestInstancesProvider.java:31)
	at org.junit.jupiter.engine.descriptor.TestMethodTestDescriptor.lambda$prepare$0(TestMethodTestDescriptor.java:105)
	at org.junit.platform.engine.support.hierarchical.ThrowableCollector.execute(ThrowableCollector.java:73)
	at org.junit.jupiter.engine.descriptor.TestMethodTestDescriptor.prepare(TestMethodTestDescriptor.java:104)
	at org.junit.jupiter.engine.descriptor.TestMethodTestDescriptor.prepare(TestMethodTestDescriptor.java:68)
	at org.junit.platform.engine.support.hierarchical.NodeTestTask.lambda$prepare$2(NodeTestTask.java:123)
	at org.junit.platform.engine.support.hierarchical.ThrowableCollector.execute(ThrowableCollector.java:73)
	at org.junit.platform.engine.support.hierarchical.NodeTestTask.prepare(NodeTestTask.java:123)
	at org.junit.platform.engine.support.hierarchical.NodeTestTask.execute(NodeTestTask.java:90)
	at java.base/java.util.ArrayList.forEach(ArrayList.java:1511)
	at org.junit.platform.engine.support.hierarchical.SameThreadHierarchicalTestExecutorService.invokeAll(SameThreadHierarchicalTestExecutorService.java:41)
	at org.junit.platform.engine.support.hierarchical.NodeTestTask.lambda$executeRecursively$6(NodeTestTask.java:155)
	at org.junit.platform.engine.support.hierarchical.ThrowableCollector.execute(ThrowableCollector.java:73)
	at org.junit.platform.engine.support.hierarchical.NodeTestTask.lambda$executeRecursively$8(NodeTestTask.java:141)
	at org.junit.platform.engine.support.hierarchical.Node.around(Node.java:137)
	at org.junit.platform.engine.support.hierarchical.NodeTestTask.lambda$executeRecursively$9(NodeTestTask.java:139)
	at org.junit.platform.engine.support.hierarchical.ThrowableCollector.execute(ThrowableCollector.java:73)
	at org.junit.platform.engine.support.hierarchical.NodeTestTask.executeRecursively(NodeTestTask.java:138)
	at org.junit.platform.engine.support.hierarchical.NodeTestTask.execute(NodeTestTask.java:95)
	at java.base/java.util.ArrayList.forEach(ArrayList.java:1511)
	at org.junit.platform.engine.support.hierarchical.SameThreadHierarchicalTestExecutorService.invokeAll(SameThreadHierarchicalTestExecutorService.java:41)
	at org.junit.platform.engine.support.hierarchical.NodeTestTask.lambda$executeRecursively$6(NodeTestTask.java:155)
	at org.junit.platform.engine.support.hierarchical.ThrowableCollector.execute(ThrowableCollector.java:73)
	at org.junit.platform.engine.support.hierarchical.NodeTestTask.lambda$executeRecursively$8(NodeTestTask.java:141)
	at org.junit.platform.engine.support.hierarchical.Node.around(Node.java:137)
	at org.junit.platform.engine.support.hierarchical.NodeTestTask.lambda$executeRecursively$9(NodeTestTask.java:139)
	at org.junit.platform.engine.support.hierarchical.ThrowableCollector.execute(ThrowableCollector.java:73)
	at org.junit.platform.engine.support.hierarchical.NodeTestTask.executeRecursively(NodeTestTask.java:138)
	at org.junit.platform.engine.support.hierarchical.NodeTestTask.execute(NodeTestTask.java:95)
	at org.junit.platform.engine.support.hierarchical.SameThreadHierarchicalTestExecutorService.submit(SameThreadHierarchicalTestExecutorService.java:35)
	at org.junit.platform.engine.support.hierarchical.HierarchicalTestExecutor.execute(HierarchicalTestExecutor.java:57)
	at org.junit.platform.engine.support.hierarchical.HierarchicalTestEngine.execute(HierarchicalTestEngine.java:54)
	at org.junit.platform.launcher.core.EngineExecutionOrchestrator.execute(EngineExecutionOrchestrator.java:147)
	at org.junit.platform.launcher.core.EngineExecutionOrchestrator.execute(EngineExecutionOrchestrator.java:127)
	at org.junit.platform.launcher.core.EngineExecutionOrchestrator.execute(EngineExecutionOrchestrator.java:90)
	at org.junit.platform.launcher.core.EngineExecutionOrchestrator.lambda$execute$0(EngineExecutionOrchestrator.java:55)
	at org.junit.platform.launcher.core.EngineExecutionOrchestrator.withInterceptedStreams(EngineExecutionOrchestrator.java:102)
	at org.junit.platform.launcher.core.EngineExecutionOrchestrator.execute(EngineExecutionOrchestrator.java:54)
	at org.junit.platform.launcher.core.DefaultLauncher.execute(DefaultLauncher.java:114)
	at org.junit.platform.launcher.core.DefaultLauncher.execute(DefaultLauncher.java:86)
	at org.junit.platform.launcher.core.DefaultLauncherSession$DelegatingLauncher.execute(DefaultLauncherSession.java:86)
	at org.apache.maven.surefire.junitplatform.LazyLauncher.execute(LazyLauncher.java:50)
	at org.apache.maven.surefire.junitplatform.JUnitPlatformProvider.execute(JUnitPlatformProvider.java:184)
	at org.apache.maven.surefire.junitplatform.JUnitPlatformProvider.invokeAllTests(JUnitPlatformProvider.java:148)
	at org.apache.maven.surefire.junitplatform.JUnitPlatformProvider.invoke(JUnitPlatformProvider.java:122)
	at org.apache.maven.surefire.booter.ForkedBooter.runSuitesInProcess(ForkedBooter.java:385)
	at org.apache.maven.surefire.booter.ForkedBooter.execute(ForkedBooter.java:162)
	at org.apache.maven.surefire.booter.ForkedBooter.run(ForkedBooter.java:507)
	at org.apache.maven.surefire.booter.ForkedBooter.main(ForkedBooter.java:495)
Caused by: org.springframework.beans.factory.BeanCreationException: Error creating bean with name 'entityManagerFactory' defined in class path resource [org/springframework/boot/autoconfigure/orm/jpa/HibernateJpaConfiguration.class]: javax/transaction/Synchronization
	at org.springframework.beans.factory.support.AbstractAutowireCapableBeanFactory.initializeBean(AbstractAutowireCapableBeanFactory.java:1768)
	at org.springframework.beans.factory.support.AbstractAutowireCapableBeanFactory.doCreateBean(AbstractAutowireCapableBeanFactory.java:596)
	at org.springframework.beans.factory.support.AbstractAutowireCapableBeanFactory.createBean(AbstractAutowireCapableBeanFactory.java:518)
	at org.springframework.beans.factory.support.AbstractBeanFactory.lambda$doGetBean$0(AbstractBeanFactory.java:326)
	at org.springframework.beans.factory.support.DefaultSingletonBeanRegistry.getSingleton(DefaultSingletonBeanRegistry.java:234)
	at org.springframework.beans.factory.support.AbstractBeanFactory.doGetBean(AbstractBeanFactory.java:324)
	at org.springframework.beans.factory.support.AbstractBeanFactory.getBean(AbstractBeanFactory.java:200)
	at org.springframework.context.support.AbstractApplicationContext.getBean(AbstractApplicationContext.java:1168)
	at org.springframework.context.support.AbstractApplicationContext.finishBeanFactoryInitialization(AbstractApplicationContext.java:942)
	at org.springframework.context.support.AbstractApplicationContext.refresh(AbstractApplicationContext.java:615)
	at org.springframework.boot.SpringApplication.refresh(SpringApplication.java:739)
	at org.springframework.boot.SpringApplication.refreshContext(SpringApplication.java:441)
	at org.springframework.boot.SpringApplication.run(SpringApplication.java:325)
	at org.springframework.boot.test.context.SpringBootContextLoader.lambda$loadContext$3(SpringBootContextLoader.java:137)
	at org.springframework.util.function.ThrowingSupplier.get(ThrowingSupplier.java:58)
	at org.springframework.util.function.ThrowingSupplier.get(ThrowingSupplier.java:46)
	at org.springframework.boot.SpringApplication.withHook(SpringApplication.java:1427)
	at org.springframework.boot.test.context.SpringBootContextLoader$ContextLoaderHook.run(SpringBootContextLoader.java:546)
	at org.springframework.boot.test.context.SpringBootContextLoader.loadContext(SpringBootContextLoader.java:137)
	at org.springframework.boot.test.context.SpringBootContextLoader.loadContext(SpringBootContextLoader.java:108)
	at org.springframework.test.context.cache.DefaultCacheAwareContextLoaderDelegate.loadContextInternal(DefaultCacheAwareContextLoaderDelegate.java:187)
	at org.springframework.test.context.cache.DefaultCacheAwareContextLoaderDelegate.loadContext(DefaultCacheAwareContextLoaderDelegate.java:119)
	... 73 more
Caused by: java.lang.NoClassDefFoundError: javax/transaction/Synchronization
	at org.hibernate.search.mapper.orm.coordination.impl.CoordinationConfigurationContextImpl.createAutomaticIndexingStrategy(CoordinationConfigurationContextImpl.java:89)
	at org.hibernate.search.mapper.orm.mapping.impl.HibernateOrmMappingInitiator.configure(HibernateOrmMappingInitiator.java:122)
	at org.hibernate.search.engine.common.impl.SearchIntegrationBuilder$MappingBuildingState.collect(SearchIntegrationBuilder.java:269)
	at org.hibernate.search.engine.common.impl.SearchIntegrationBuilder.prepareBuild(SearchIntegrationBuilder.java:147)
	at org.hibernate.search.mapper.orm.bootstrap.impl.HibernateSearchPreIntegrationService$NotBooted.doBootFirstPhase(HibernateSearchPreIntegrationService.java:246)
	at org.hibernate.search.mapper.orm.bootstrap.impl.HibernateOrmIntegrationBooterImpl.bootNow(HibernateOrmIntegrationBooterImpl.java:173)
	at java.base/java.util.concurrent.CompletableFuture$UniApply.tryFire(CompletableFuture.java:646)
	at java.base/java.util.concurrent.CompletableFuture.postComplete(CompletableFuture.java:510)
	at java.base/java.util.concurrent.CompletableFuture.complete(CompletableFuture.java:2147)
	at org.hibernate.search.mapper.orm.bootstrap.impl.HibernateSearchSessionFactoryObserver.sessionFactoryCreated(HibernateSearchSessionFactoryObserver.java:41)
	at org.hibernate.internal.SessionFactoryObserverChain.sessionFactoryCreated(SessionFactoryObserverChain.java:35)
	at org.hibernate.internal.SessionFactoryImpl.<init>(SessionFactoryImpl.java:293)
	at org.hibernate.boot.internal.SessionFactoryBuilderImpl.build(SessionFactoryBuilderImpl.java:444)
	at org.hibernate.jpa.boot.internal.EntityManagerFactoryBuilderImpl.build(EntityManagerFactoryBuilderImpl.java:1458)
	at org.springframework.orm.jpa.vendor.SpringHibernateJpaPersistenceProvider.createContainerEntityManagerFactory(SpringHibernateJpaPersistenceProvider.java:75)
	at org.springframework.orm.jpa.LocalContainerEntityManagerFactoryBean.createNativeEntityManagerFactory(LocalContainerEntityManagerFactoryBean.java:378)
	at org.springframework.orm.jpa.AbstractEntityManagerFactoryBean.buildNativeEntityManagerFactory(AbstractEntityManagerFactoryBean.java:409)
	at org.springframework.orm.jpa.AbstractEntityManagerFactoryBean.afterPropertiesSet(AbstractEntityManagerFactoryBean.java:396)
	at org.springframework.orm.jpa.LocalContainerEntityManagerFactoryBean.afterPropertiesSet(LocalContainerEntityManagerFactoryBean.java:354)
	at org.springframework.beans.factory.support.AbstractAutowireCapableBeanFactory.invokeInitMethods(AbstractAutowireCapableBeanFactory.java:1815)
	at org.springframework.beans.factory.support.AbstractAutowireCapableBeanFactory.initializeBean(AbstractAutowireCapableBeanFactory.java:1764)
	... 94 more
Caused by: java.lang.ClassNotFoundException: javax.transaction.Synchronization
	at java.base/jdk.internal.loader.BuiltinClassLoader.loadClass(BuiltinClassLoader.java:641)
	at java.base/jdk.internal.loader.ClassLoaders$AppClassLoader.loadClass(ClassLoaders.java:188)
	at java.base/java.lang.ClassLoader.loadClass(ClassLoader.java:525)
	... 115 more
]]></error>
    <system-out><![CDATA[11:44:32.069 [main] INFO org.springframework.test.context.support.AnnotationConfigContextLoaderUtils -- Could not detect default configuration classes for test class [com.healthcare.repository.ConsentRepositoryTest]: ConsentRepositoryTest does not declare any static, non-private, non-final, nested classes annotated with @Configuration.
11:44:32.265 [main] INFO org.springframework.boot.test.context.SpringBootTestContextBootstrapper -- Found @SpringBootConfiguration com.healthcare.HealthcareQRSharingApplication for test class com.healthcare.repository.ConsentRepositoryTest

  .   ____          _            __ _ _
 /\\ / ___'_ __ _ _(_)_ __  __ _ \ \ \ \
( ( )\___ | '_ | '_| | '_ \/ _` | \ \ \ \
 \\/  ___)| |_)| | | | | || (_| |  ) ) ) )
  '  |____| .__|_| |_|_| |_\__, | / / / /
 =========|_|==============|___/=/_/_/_/
 :: Spring Boot ::               (v3.1.12)

2025-08-08T11:44:32.801-04:00  INFO 4069 --- [           main] c.h.repository.ConsentRepositoryTest     : Starting ConsentRepositoryTest using Java 17.0.9 with PID 4069 (started by pereozogu in /Users/pereozogu/healthcare-qr-sharing)
2025-08-08T11:44:32.802-04:00 DEBUG 4069 --- [           main] c.h.repository.ConsentRepositoryTest     : Running with Spring Boot v3.1.12, Spring v6.0.21
2025-08-08T11:44:32.802-04:00  INFO 4069 --- [           main] c.h.repository.ConsentRepositoryTest     : The following 1 profile is active: "test"
2025-08-08T11:44:33.419-04:00  INFO 4069 --- [           main] .s.d.r.c.RepositoryConfigurationDelegate : Bootstrapping Spring Data JPA repositories in DEFAULT mode.
2025-08-08T11:44:33.504-04:00  INFO 4069 --- [           main] .s.d.r.c.RepositoryConfigurationDelegate : Finished Spring Data repository scanning in 80 ms. Found 3 JPA repository interfaces.
2025-08-08T11:44:33.662-04:00  INFO 4069 --- [           main] beddedDataSourceBeanFactoryPostProcessor : Replacing 'dataSource' DataSource bean with embedded version
2025-08-08T11:44:33.953-04:00  INFO 4069 --- [           main] o.s.j.d.e.EmbeddedDatabaseFactory        : Starting embedded database: url='jdbc:h2:mem:55c02d23-60dd-4816-b329-88ad06ae4cfc;DB_CLOSE_DELAY=-1;DB_CLOSE_ON_EXIT=false', username='sa'
2025-08-08T11:44:34.250-04:00  INFO 4069 --- [           main] o.hibernate.jpa.internal.util.LogHelper  : HHH000204: Processing PersistenceUnitInfo [name: default]
2025-08-08T11:44:34.292-04:00  INFO 4069 --- [           main] org.hibernate.Version                    : HHH000412: Hibernate ORM core version 6.2.25.Final
2025-08-08T11:44:34.294-04:00  INFO 4069 --- [           main] org.hibernate.cfg.Environment            : HHH000406: Using bytecode reflection optimizer
2025-08-08T11:44:34.565-04:00  INFO 4069 --- [           main] o.s.o.j.p.SpringPersistenceUnitInfo      : No LoadTimeWeaver setup: ignoring JPA class transformer
2025-08-08T11:44:34.835-04:00  INFO 4069 --- [           main] b.i.HibernateSearchPreIntegrationService : HSEARCH000034: Hibernate Search version 6.1.6.Final
2025-08-08T11:44:35.542-04:00  INFO 4069 --- [           main] o.h.e.t.j.p.i.JtaPlatformInitiator       : HHH000489: No JTA platform available (set 'hibernate.transaction.jta.platform' to enable JTA platform integration)
Hibernate: drop table if exists consent_records cascade 
Hibernate: drop table if exists consent_record_allowed_data_types cascade 
Hibernate: drop table if exists patients cascade 
Hibernate: drop table if exists qr_share_sessions cascade 
Hibernate: drop table if exists qrshare_session_shared_data_types cascade 
Hibernate: create table consent_records (expires_at timestamp(6), granted_at timestamp(6) not null, revoked_at timestamp(6), purpose varchar(1000), grantee_id varchar(255) not null, id varchar(255) not null, patient_id varchar(255) not null, status varchar(255) check (status in ('ACTIVE','EXPIRED','REVOKED','PENDING')), digital_signature clob, primary key (id))
Hibernate: create table consent_record_allowed_data_types (allowed_data_types varchar(255) check (allowed_data_types in ('DEMOGRAPHICS','VITALS','MEDICATIONS','ALLERGIES','CONDITIONS','LAB_RESULTS','IMMUNIZATIONS','PROCEDURES','DOCUMENTS')), consent_record_id varchar(255) not null)
Hibernate: create table patients (created_at timestamp(6), updated_at timestamp(6), date_of_birth varchar(255), email varchar(255) not null unique, fhir_id varchar(255) not null unique, first_name varchar(255) not null, id varchar(255) not null, last_name varchar(255) not null, ssn varchar(255), primary key (id))
Hibernate: create table qr_share_sessions (accessed_at timestamp(6), created_at timestamp(6) not null, expires_at timestamp(6) not null, accessed_by varchar(255), id varchar(255) not null, patient_id varchar(255) not null, session_token varchar(255) not null unique, status varchar(255) check (status in ('ACTIVE','EXPIRED','USED','CANCELLED')), qr_code_data clob, primary key (id))
Hibernate: create table qrshare_session_shared_data_types (qrshare_session_id varchar(255) not null, shared_data_types varchar(255) check (shared_data_types in ('DEMOGRAPHICS','VITALS','MEDICATIONS','ALLERGIES','CONDITIONS','LAB_RESULTS','IMMUNIZATIONS','PROCEDURES','DOCUMENTS')))
Hibernate: alter table if exists consent_records add constraint FKpbfgmh0fofalq41fuonxcqdeg foreign key (patient_id) references patients
Hibernate: alter table if exists consent_record_allowed_data_types add constraint FK4xaecqnpwpfbh0jx5t25q6jtl foreign key (consent_record_id) references consent_records
Hibernate: alter table if exists qr_share_sessions add constraint FKe8sn6y8xvqkgktuxcnydi30s4 foreign key (patient_id) references patients
Hibernate: alter table if exists qrshare_session_shared_data_types add constraint FKp7k9rhcc5tgqghja19l7uhm43 foreign key (qrshare_session_id) references qr_share_sessions
2025-08-08T11:44:35.645-04:00  WARN 4069 --- [           main] s.c.a.AnnotationConfigApplicationContext : Exception encountered during context initialization - cancelling refresh attempt: org.springframework.beans.factory.BeanCreationException: Error creating bean with name 'entityManagerFactory' defined in class path resource [org/springframework/boot/autoconfigure/orm/jpa/HibernateJpaConfiguration.class]: javax/transaction/Synchronization
2025-08-08T11:44:35.660-04:00  INFO 4069 --- [           main] .s.b.a.l.ConditionEvaluationReportLogger : 

Error starting ApplicationContext. To display the condition evaluation report re-run your application with 'debug' enabled.
2025-08-08T11:44:35.677-04:00 ERROR 4069 --- [           main] o.s.boot.SpringApplication               : Application run failed

org.springframework.beans.factory.BeanCreationException: Error creating bean with name 'entityManagerFactory' defined in class path resource [org/springframework/boot/autoconfigure/orm/jpa/HibernateJpaConfiguration.class]: javax/transaction/Synchronization
	at org.springframework.beans.factory.support.AbstractAutowireCapableBeanFactory.initializeBean(AbstractAutowireCapableBeanFactory.java:1768) ~[spring-beans-6.0.21.jar:6.0.21]
	at org.springframework.beans.factory.support.AbstractAutowireCapableBeanFactory.doCreateBean(AbstractAutowireCapableBeanFactory.java:596) ~[spring-beans-6.0.21.jar:6.0.21]
	at org.springframework.beans.factory.support.AbstractAutowireCapableBeanFactory.createBean(AbstractAutowireCapableBeanFactory.java:518) ~[spring-beans-6.0.21.jar:6.0.21]
	at org.springframework.beans.factory.support.AbstractBeanFactory.lambda$doGetBean$0(AbstractBeanFactory.java:326) ~[spring-beans-6.0.21.jar:6.0.21]
	at org.springframework.beans.factory.support.DefaultSingletonBeanRegistry.getSingleton(DefaultSingletonBeanRegistry.java:234) ~[spring-beans-6.0.21.jar:6.0.21]
	at org.springframework.beans.factory.support.AbstractBeanFactory.doGetBean(AbstractBeanFactory.java:324) ~[spring-beans-6.0.21.jar:6.0.21]
	at org.springframework.beans.factory.support.AbstractBeanFactory.getBean(AbstractBeanFactory.java:200) ~[spring-beans-6.0.21.jar:6.0.21]
	at org.springframework.context.support.AbstractApplicationContext.getBean(AbstractApplicationContext.java:1168) ~[spring-context-6.0.21.jar:6.0.21]
	at org.springframework.context.support.AbstractApplicationContext.finishBeanFactoryInitialization(AbstractApplicationContext.java:942) ~[spring-context-6.0.21.jar:6.0.21]
	at org.springframework.context.support.AbstractApplicationContext.refresh(AbstractApplicationContext.java:615) ~[spring-context-6.0.21.jar:6.0.21]
	at org.springframework.boot.SpringApplication.refresh(SpringApplication.java:739) ~[spring-boot-3.1.12.jar:3.1.12]
	at org.springframework.boot.SpringApplication.refreshContext(SpringApplication.java:441) ~[spring-boot-3.1.12.jar:3.1.12]
	at org.springframework.boot.SpringApplication.run(SpringApplication.java:325) ~[spring-boot-3.1.12.jar:3.1.12]
	at org.springframework.boot.test.context.SpringBootContextLoader.lambda$loadContext$3(SpringBootContextLoader.java:137) ~[spring-boot-test-3.1.12.jar:3.1.12]
	at org.springframework.util.function.ThrowingSupplier.get(ThrowingSupplier.java:58) ~[spring-core-6.0.21.jar:6.0.21]
	at org.springframework.util.function.ThrowingSupplier.get(ThrowingSupplier.java:46) ~[spring-core-6.0.21.jar:6.0.21]
	at org.springframework.boot.SpringApplication.withHook(SpringApplication.java:1427) ~[spring-boot-3.1.12.jar:3.1.12]
	at org.springframework.boot.test.context.SpringBootContextLoader$ContextLoaderHook.run(SpringBootContextLoader.java:546) ~[spring-boot-test-3.1.12.jar:3.1.12]
	at org.springframework.boot.test.context.SpringBootContextLoader.loadContext(SpringBootContextLoader.java:137) ~[spring-boot-test-3.1.12.jar:3.1.12]
	at org.springframework.boot.test.context.SpringBootContextLoader.loadContext(SpringBootContextLoader.java:108) ~[spring-boot-test-3.1.12.jar:3.1.12]
	at org.springframework.test.context.cache.DefaultCacheAwareContextLoaderDelegate.loadContextInternal(DefaultCacheAwareContextLoaderDelegate.java:187) ~[spring-test-6.0.21.jar:6.0.21]
	at org.springframework.test.context.cache.DefaultCacheAwareContextLoaderDelegate.loadContext(DefaultCacheAwareContextLoaderDelegate.java:119) ~[spring-test-6.0.21.jar:6.0.21]
	at org.springframework.test.context.support.DefaultTestContext.getApplicationContext(DefaultTestContext.java:127) ~[spring-test-6.0.21.jar:6.0.21]
	at org.springframework.test.context.support.DependencyInjectionTestExecutionListener.injectDependencies(DependencyInjectionTestExecutionListener.java:141) ~[spring-test-6.0.21.jar:6.0.21]
	at org.springframework.test.context.support.DependencyInjectionTestExecutionListener.prepareTestInstance(DependencyInjectionTestExecutionListener.java:97) ~[spring-test-6.0.21.jar:6.0.21]
	at org.springframework.test.context.TestContextManager.prepareTestInstance(TestContextManager.java:241) ~[spring-test-6.0.21.jar:6.0.21]
	at org.springframework.test.context.junit.jupiter.SpringExtension.postProcessTestInstance(SpringExtension.java:138) ~[spring-test-6.0.21.jar:6.0.21]
	at org.junit.jupiter.engine.descriptor.ClassBasedTestDescriptor.lambda$invokeTestInstancePostProcessors$10(ClassBasedTestDescriptor.java:377) ~[junit-jupiter-engine-5.9.3.jar:5.9.3]
	at org.junit.jupiter.engine.descriptor.ClassBasedTestDescriptor.executeAndMaskThrowable(ClassBasedTestDescriptor.java:382) ~[junit-jupiter-engine-5.9.3.jar:5.9.3]
	at org.junit.jupiter.engine.descriptor.ClassBasedTestDescriptor.lambda$invokeTestInstancePostProcessors$11(ClassBasedTestDescriptor.java:377) ~[junit-jupiter-engine-5.9.3.jar:5.9.3]
	at java.base/java.util.stream.ReferencePipeline$3$1.accept(ReferencePipeline.java:197) ~[na:na]
	at java.base/java.util.stream.ReferencePipeline$2$1.accept(ReferencePipeline.java:179) ~[na:na]
	at java.base/java.util.ArrayList$ArrayListSpliterator.forEachRemaining(ArrayList.java:1625) ~[na:na]
	at java.base/java.util.stream.AbstractPipeline.copyInto(AbstractPipeline.java:509) ~[na:na]
	at java.base/java.util.stream.AbstractPipeline.wrapAndCopyInto(AbstractPipeline.java:499) ~[na:na]
	at java.base/java.util.stream.StreamSpliterators$WrappingSpliterator.forEachRemaining(StreamSpliterators.java:310) ~[na:na]
	at java.base/java.util.stream.Streams$ConcatSpliterator.forEachRemaining(Streams.java:735) ~[na:na]
	at java.base/java.util.stream.Streams$ConcatSpliterator.forEachRemaining(Streams.java:734) ~[na:na]
	at java.base/java.util.stream.ReferencePipeline$Head.forEach(ReferencePipeline.java:762) ~[na:na]
	at org.junit.jupiter.engine.descriptor.ClassBasedTestDescriptor.invokeTestInstancePostProcessors(ClassBasedTestDescriptor.java:376) ~[junit-jupiter-engine-5.9.3.jar:5.9.3]
	at org.junit.jupiter.engine.descriptor.ClassBasedTestDescriptor.lambda$instantiateAndPostProcessTestInstance$6(ClassBasedTestDescriptor.java:289) ~[junit-jupiter-engine-5.9.3.jar:5.9.3]
	at org.junit.platform.engine.support.hierarchical.ThrowableCollector.execute(ThrowableCollector.java:73) ~[junit-platform-engine-1.9.3.jar:1.9.3]
	at org.junit.jupiter.engine.descriptor.ClassBasedTestDescriptor.instantiateAndPostProcessTestInstance(ClassBasedTestDescriptor.java:288) ~[junit-jupiter-engine-5.9.3.jar:5.9.3]
	at org.junit.jupiter.engine.descriptor.ClassBasedTestDescriptor.lambda$testInstancesProvider$4(ClassBasedTestDescriptor.java:278) ~[junit-jupiter-engine-5.9.3.jar:5.9.3]
	at java.base/java.util.Optional.orElseGet(Optional.java:364) ~[na:na]
	at org.junit.jupiter.engine.descriptor.ClassBasedTestDescriptor.lambda$testInstancesProvider$5(ClassBasedTestDescriptor.java:277) ~[junit-jupiter-engine-5.9.3.jar:5.9.3]
	at org.junit.jupiter.engine.execution.TestInstancesProvider.getTestInstances(TestInstancesProvider.java:31) ~[junit-jupiter-engine-5.9.3.jar:5.9.3]
	at org.junit.jupiter.engine.descriptor.TestMethodTestDescriptor.lambda$prepare$0(TestMethodTestDescriptor.java:105) ~[junit-jupiter-engine-5.9.3.jar:5.9.3]
	at org.junit.platform.engine.support.hierarchical.ThrowableCollector.execute(ThrowableCollector.java:73) ~[junit-platform-engine-1.9.3.jar:1.9.3]
	at org.junit.jupiter.engine.descriptor.TestMethodTestDescriptor.prepare(TestMethodTestDescriptor.java:104) ~[junit-jupiter-engine-5.9.3.jar:5.9.3]
	at org.junit.jupiter.engine.descriptor.TestMethodTestDescriptor.prepare(TestMethodTestDescriptor.java:68) ~[junit-jupiter-engine-5.9.3.jar:5.9.3]
	at org.junit.platform.engine.support.hierarchical.NodeTestTask.lambda$prepare$2(NodeTestTask.java:123) ~[junit-platform-engine-1.9.3.jar:1.9.3]
	at org.junit.platform.engine.support.hierarchical.ThrowableCollector.execute(ThrowableCollector.java:73) ~[junit-platform-engine-1.9.3.jar:1.9.3]
	at org.junit.platform.engine.support.hierarchical.NodeTestTask.prepare(NodeTestTask.java:123) ~[junit-platform-engine-1.9.3.jar:1.9.3]
	at org.junit.platform.engine.support.hierarchical.NodeTestTask.execute(NodeTestTask.java:90) ~[junit-platform-engine-1.9.3.jar:1.9.3]
	at java.base/java.util.ArrayList.forEach(ArrayList.java:1511) ~[na:na]
	at org.junit.platform.engine.support.hierarchical.SameThreadHierarchicalTestExecutorService.invokeAll(SameThreadHierarchicalTestExecutorService.java:41) ~[junit-platform-engine-1.9.3.jar:1.9.3]
	at org.junit.platform.engine.support.hierarchical.NodeTestTask.lambda$executeRecursively$6(NodeTestTask.java:155) ~[junit-platform-engine-1.9.3.jar:1.9.3]
	at org.junit.platform.engine.support.hierarchical.ThrowableCollector.execute(ThrowableCollector.java:73) ~[junit-platform-engine-1.9.3.jar:1.9.3]
	at org.junit.platform.engine.support.hierarchical.NodeTestTask.lambda$executeRecursively$8(NodeTestTask.java:141) ~[junit-platform-engine-1.9.3.jar:1.9.3]
	at org.junit.platform.engine.support.hierarchical.Node.around(Node.java:137) ~[junit-platform-engine-1.9.3.jar:1.9.3]
	at org.junit.platform.engine.support.hierarchical.NodeTestTask.lambda$executeRecursively$9(NodeTestTask.java:139) ~[junit-platform-engine-1.9.3.jar:1.9.3]
	at org.junit.platform.engine.support.hierarchical.ThrowableCollector.execute(ThrowableCollector.java:73) ~[junit-platform-engine-1.9.3.jar:1.9.3]
	at org.junit.platform.engine.support.hierarchical.NodeTestTask.executeRecursively(NodeTestTask.java:138) ~[junit-platform-engine-1.9.3.jar:1.9.3]
	at org.junit.platform.engine.support.hierarchical.NodeTestTask.execute(NodeTestTask.java:95) ~[junit-platform-engine-1.9.3.jar:1.9.3]
	at java.base/java.util.ArrayList.forEach(ArrayList.java:1511) ~[na:na]
	at org.junit.platform.engine.support.hierarchical.SameThreadHierarchicalTestExecutorService.invokeAll(SameThreadHierarchicalTestExecutorService.java:41) ~[junit-platform-engine-1.9.3.jar:1.9.3]
	at org.junit.platform.engine.support.hierarchical.NodeTestTask.lambda$executeRecursively$6(NodeTestTask.java:155) ~[junit-platform-engine-1.9.3.jar:1.9.3]
	at org.junit.platform.engine.support.hierarchical.ThrowableCollector.execute(ThrowableCollector.java:73) ~[junit-platform-engine-1.9.3.jar:1.9.3]
	at org.junit.platform.engine.support.hierarchical.NodeTestTask.lambda$executeRecursively$8(NodeTestTask.java:141) ~[junit-platform-engine-1.9.3.jar:1.9.3]
	at org.junit.platform.engine.support.hierarchical.Node.around(Node.java:137) ~[junit-platform-engine-1.9.3.jar:1.9.3]
	at org.junit.platform.engine.support.hierarchical.NodeTestTask.lambda$executeRecursively$9(NodeTestTask.java:139) ~[junit-platform-engine-1.9.3.jar:1.9.3]
	at org.junit.platform.engine.support.hierarchical.ThrowableCollector.execute(ThrowableCollector.java:73) ~[junit-platform-engine-1.9.3.jar:1.9.3]
	at org.junit.platform.engine.support.hierarchical.NodeTestTask.executeRecursively(NodeTestTask.java:138) ~[junit-platform-engine-1.9.3.jar:1.9.3]
	at org.junit.platform.engine.support.hierarchical.NodeTestTask.execute(NodeTestTask.java:95) ~[junit-platform-engine-1.9.3.jar:1.9.3]
	at org.junit.platform.engine.support.hierarchical.SameThreadHierarchicalTestExecutorService.submit(SameThreadHierarchicalTestExecutorService.java:35) ~[junit-platform-engine-1.9.3.jar:1.9.3]
	at org.junit.platform.engine.support.hierarchical.HierarchicalTestExecutor.execute(HierarchicalTestExecutor.java:57) ~[junit-platform-engine-1.9.3.jar:1.9.3]
	at org.junit.platform.engine.support.hierarchical.HierarchicalTestEngine.execute(HierarchicalTestEngine.java:54) ~[junit-platform-engine-1.9.3.jar:1.9.3]
	at org.junit.platform.launcher.core.EngineExecutionOrchestrator.execute(EngineExecutionOrchestrator.java:147) ~[junit-platform-launcher-1.9.3.jar:1.9.3]
	at org.junit.platform.launcher.core.EngineExecutionOrchestrator.execute(EngineExecutionOrchestrator.java:127) ~[junit-platform-launcher-1.9.3.jar:1.9.3]
	at org.junit.platform.launcher.core.EngineExecutionOrchestrator.execute(EngineExecutionOrchestrator.java:90) ~[junit-platform-launcher-1.9.3.jar:1.9.3]
	at org.junit.platform.launcher.core.EngineExecutionOrchestrator.lambda$execute$0(EngineExecutionOrchestrator.java:55) ~[junit-platform-launcher-1.9.3.jar:1.9.3]
	at org.junit.platform.launcher.core.EngineExecutionOrchestrator.withInterceptedStreams(EngineExecutionOrchestrator.java:102) ~[junit-platform-launcher-1.9.3.jar:1.9.3]
	at org.junit.platform.launcher.core.EngineExecutionOrchestrator.execute(EngineExecutionOrchestrator.java:54) ~[junit-platform-launcher-1.9.3.jar:1.9.3]
	at org.junit.platform.launcher.core.DefaultLauncher.execute(DefaultLauncher.java:114) ~[junit-platform-launcher-1.9.3.jar:1.9.3]
	at org.junit.platform.launcher.core.DefaultLauncher.execute(DefaultLauncher.java:86) ~[junit-platform-launcher-1.9.3.jar:1.9.3]
	at org.junit.platform.launcher.core.DefaultLauncherSession$DelegatingLauncher.execute(DefaultLauncherSession.java:86) ~[junit-platform-launcher-1.9.3.jar:1.9.3]
	at org.apache.maven.surefire.junitplatform.LazyLauncher.execute(LazyLauncher.java:50) ~[surefire-junit-platform-3.0.0.jar:3.0.0]
	at org.apache.maven.surefire.junitplatform.JUnitPlatformProvider.execute(JUnitPlatformProvider.java:184) ~[surefire-junit-platform-3.0.0.jar:3.0.0]
	at org.apache.maven.surefire.junitplatform.JUnitPlatformProvider.invokeAllTests(JUnitPlatformProvider.java:148) ~[surefire-junit-platform-3.0.0.jar:3.0.0]
	at org.apache.maven.surefire.junitplatform.JUnitPlatformProvider.invoke(JUnitPlatformProvider.java:122) ~[surefire-junit-platform-3.0.0.jar:3.0.0]
	at org.apache.maven.surefire.booter.ForkedBooter.runSuitesInProcess(ForkedBooter.java:385) ~[surefire-booter-3.0.0.jar:3.0.0]
	at org.apache.maven.surefire.booter.ForkedBooter.execute(ForkedBooter.java:162) ~[surefire-booter-3.0.0.jar:3.0.0]
	at org.apache.maven.surefire.booter.ForkedBooter.run(ForkedBooter.java:507) ~[surefire-booter-3.0.0.jar:3.0.0]
	at org.apache.maven.surefire.booter.ForkedBooter.main(ForkedBooter.java:495) ~[surefire-booter-3.0.0.jar:3.0.0]
Caused by: java.lang.NoClassDefFoundError: javax/transaction/Synchronization
	at org.hibernate.search.mapper.orm.coordination.impl.CoordinationConfigurationContextImpl.createAutomaticIndexingStrategy(CoordinationConfigurationContextImpl.java:89) ~[hibernate-search-mapper-orm-6.1.6.Final.jar:6.1.6.Final]
	at org.hibernate.search.mapper.orm.mapping.impl.HibernateOrmMappingInitiator.configure(HibernateOrmMappingInitiator.java:122) ~[hibernate-search-mapper-orm-6.1.6.Final.jar:6.1.6.Final]
	at org.hibernate.search.engine.common.impl.SearchIntegrationBuilder$MappingBuildingState.collect(SearchIntegrationBuilder.java:269) ~[hibernate-search-engine-6.1.6.Final.jar:6.1.6.Final]
	at org.hibernate.search.engine.common.impl.SearchIntegrationBuilder.prepareBuild(SearchIntegrationBuilder.java:147) ~[hibernate-search-engine-6.1.6.Final.jar:6.1.6.Final]
	at org.hibernate.search.mapper.orm.bootstrap.impl.HibernateSearchPreIntegrationService$NotBooted.doBootFirstPhase(HibernateSearchPreIntegrationService.java:246) ~[hibernate-search-mapper-orm-6.1.6.Final.jar:6.1.6.Final]
	at org.hibernate.search.mapper.orm.bootstrap.impl.HibernateOrmIntegrationBooterImpl.bootNow(HibernateOrmIntegrationBooterImpl.java:173) ~[hibernate-search-mapper-orm-6.1.6.Final.jar:6.1.6.Final]
	at java.base/java.util.concurrent.CompletableFuture$UniApply.tryFire(CompletableFuture.java:646) ~[na:na]
	at java.base/java.util.concurrent.CompletableFuture.postComplete(CompletableFuture.java:510) ~[na:na]
	at java.base/java.util.concurrent.CompletableFuture.complete(CompletableFuture.java:2147) ~[na:na]
	at org.hibernate.search.mapper.orm.bootstrap.impl.HibernateSearchSessionFactoryObserver.sessionFactoryCreated(HibernateSearchSessionFactoryObserver.java:41) ~[hibernate-search-mapper-orm-6.1.6.Final.jar:6.1.6.Final]
	at org.hibernate.internal.SessionFactoryObserverChain.sessionFactoryCreated(SessionFactoryObserverChain.java:35) ~[hibernate-core-6.2.25.Final.jar:6.2.25.Final]
	at org.hibernate.internal.SessionFactoryImpl.<init>(SessionFactoryImpl.java:293) ~[hibernate-core-6.2.25.Final.jar:6.2.25.Final]
	at org.hibernate.boot.internal.SessionFactoryBuilderImpl.build(SessionFactoryBuilderImpl.java:444) ~[hibernate-core-6.2.25.Final.jar:6.2.25.Final]
	at org.hibernate.jpa.boot.internal.EntityManagerFactoryBuilderImpl.build(EntityManagerFactoryBuilderImpl.java:1458) ~[hibernate-core-6.2.25.Final.jar:6.2.25.Final]
	at org.springframework.orm.jpa.vendor.SpringHibernateJpaPersistenceProvider.createContainerEntityManagerFactory(SpringHibernateJpaPersistenceProvider.java:75) ~[spring-orm-6.0.21.jar:6.0.21]
	at org.springframework.orm.jpa.LocalContainerEntityManagerFactoryBean.createNativeEntityManagerFactory(LocalContainerEntityManagerFactoryBean.java:378) ~[spring-orm-6.0.21.jar:6.0.21]
	at org.springframework.orm.jpa.AbstractEntityManagerFactoryBean.buildNativeEntityManagerFactory(AbstractEntityManagerFactoryBean.java:409) ~[spring-orm-6.0.21.jar:6.0.21]
	at org.springframework.orm.jpa.AbstractEntityManagerFactoryBean.afterPropertiesSet(AbstractEntityManagerFactoryBean.java:396) ~[spring-orm-6.0.21.jar:6.0.21]
	at org.springframework.orm.jpa.LocalContainerEntityManagerFactoryBean.afterPropertiesSet(LocalContainerEntityManagerFactoryBean.java:354) ~[spring-orm-6.0.21.jar:6.0.21]
	at org.springframework.beans.factory.support.AbstractAutowireCapableBeanFactory.invokeInitMethods(AbstractAutowireCapableBeanFactory.java:1815) ~[spring-beans-6.0.21.jar:6.0.21]
	at org.springframework.beans.factory.support.AbstractAutowireCapableBeanFactory.initializeBean(AbstractAutowireCapableBeanFactory.java:1764) ~[spring-beans-6.0.21.jar:6.0.21]
	... 94 common frames omitted
Caused by: java.lang.ClassNotFoundException: javax.transaction.Synchronization
	at java.base/jdk.internal.loader.BuiltinClassLoader.loadClass(BuiltinClassLoader.java:641) ~[na:na]
	at java.base/jdk.internal.loader.ClassLoaders$AppClassLoader.loadClass(ClassLoaders.java:188) ~[na:na]
	at java.base/java.lang.ClassLoader.loadClass(ClassLoader.java:525) ~[na:na]
	... 115 common frames omitted

2025-08-08T11:44:35.689-04:00 ERROR 4069 --- [           main] o.s.test.context.TestContextManager      : Caught exception while allowing TestExecutionListener [org.springframework.test.context.support.DependencyInjectionTestExecutionListener] to prepare test instance [com.healthcare.repository.ConsentRepositoryTest@17fa14a3]

java.lang.IllegalStateException: Failed to load ApplicationContext for [MergedContextConfiguration@5e777b0 testClass = com.healthcare.repository.ConsentRepositoryTest, locations = [], classes = [com.healthcare.HealthcareQRSharingApplication], contextInitializerClasses = [], activeProfiles = ["test"], propertySourceLocations = [], propertySourceProperties = ["org.springframework.boot.test.autoconfigure.orm.jpa.DataJpaTestContextBootstrapper=true"], contextCustomizers = [[ImportsContextCustomizer@3c74d846 key = [org.springframework.boot.autoconfigure.transaction.TransactionAutoConfiguration, org.springframework.boot.autoconfigure.data.jpa.JpaRepositoriesAutoConfiguration, org.springframework.boot.autoconfigure.jdbc.DataSourceAutoConfiguration, org.springframework.boot.test.autoconfigure.orm.jpa.TestEntityManagerAutoConfiguration, org.springframework.boot.autoconfigure.cache.CacheAutoConfiguration, org.springframework.boot.autoconfigure.orm.jpa.HibernateJpaAutoConfiguration, org.springframework.boot.autoconfigure.sql.init.SqlInitializationAutoConfiguration, org.springframework.boot.autoconfigure.jdbc.JdbcTemplateAutoConfiguration, org.springframework.boot.test.autoconfigure.jdbc.TestDatabaseAutoConfiguration, org.springframework.boot.autoconfigure.flyway.FlywayAutoConfiguration, org.springframework.boot.autoconfigure.jdbc.DataSourceTransactionManagerAutoConfiguration, org.springframework.boot.autoconfigure.liquibase.LiquibaseAutoConfiguration]], org.springframework.boot.test.context.filter.ExcludeFilterContextCustomizer@5b3f61ff, org.springframework.boot.test.json.DuplicateJsonObjectContextCustomizerFactory$DuplicateJsonObjectContextCustomizer@7cb502c, org.springframework.boot.test.mock.mockito.MockitoContextCustomizer@0, org.springframework.boot.test.autoconfigure.OverrideAutoConfigurationContextCustomizerFactory$DisableAutoConfigurationContextCustomizer@55cf0d14, org.springframework.boot.test.autoconfigure.actuate.observability.ObservabilityContextCustomizerFactory$DisableObservabilityContextCustomizer@1f, org.springframework.boot.test.autoconfigure.filter.TypeExcludeFiltersContextCustomizer@351584c0, org.springframework.boot.test.autoconfigure.properties.PropertyMappingContextCustomizer@db985919, org.springframework.boot.test.autoconfigure.web.servlet.WebDriverContextCustomizer@418c5a9c, org.springframework.boot.test.context.SpringBootTestAnnotation@b2b43f9b], contextLoader = org.springframework.boot.test.context.SpringBootContextLoader, parent = null]
	at org.springframework.test.context.cache.DefaultCacheAwareContextLoaderDelegate.loadContext(DefaultCacheAwareContextLoaderDelegate.java:143) ~[spring-test-6.0.21.jar:6.0.21]
	at org.springframework.test.context.support.DefaultTestContext.getApplicationContext(DefaultTestContext.java:127) ~[spring-test-6.0.21.jar:6.0.21]
	at org.springframework.test.context.support.DependencyInjectionTestExecutionListener.injectDependencies(DependencyInjectionTestExecutionListener.java:141) ~[spring-test-6.0.21.jar:6.0.21]
	at org.springframework.test.context.support.DependencyInjectionTestExecutionListener.prepareTestInstance(DependencyInjectionTestExecutionListener.java:97) ~[spring-test-6.0.21.jar:6.0.21]
	at org.springframework.test.context.TestContextManager.prepareTestInstance(TestContextManager.java:241) ~[spring-test-6.0.21.jar:6.0.21]
	at org.springframework.test.context.junit.jupiter.SpringExtension.postProcessTestInstance(SpringExtension.java:138) ~[spring-test-6.0.21.jar:6.0.21]
	at org.junit.jupiter.engine.descriptor.ClassBasedTestDescriptor.lambda$invokeTestInstancePostProcessors$10(ClassBasedTestDescriptor.java:377) ~[junit-jupiter-engine-5.9.3.jar:5.9.3]
	at org.junit.jupiter.engine.descriptor.ClassBasedTestDescriptor.executeAndMaskThrowable(ClassBasedTestDescriptor.java:382) ~[junit-jupiter-engine-5.9.3.jar:5.9.3]
	at org.junit.jupiter.engine.descriptor.ClassBasedTestDescriptor.lambda$invokeTestInstancePostProcessors$11(ClassBasedTestDescriptor.java:377) ~[junit-jupiter-engine-5.9.3.jar:5.9.3]
	at java.base/java.util.stream.ReferencePipeline$3$1.accept(ReferencePipeline.java:197) ~[na:na]
	at java.base/java.util.stream.ReferencePipeline$2$1.accept(ReferencePipeline.java:179) ~[na:na]
	at java.base/java.util.ArrayList$ArrayListSpliterator.forEachRemaining(ArrayList.java:1625) ~[na:na]
	at java.base/java.util.stream.AbstractPipeline.copyInto(AbstractPipeline.java:509) ~[na:na]
	at java.base/java.util.stream.AbstractPipeline.wrapAndCopyInto(AbstractPipeline.java:499) ~[na:na]
	at java.base/java.util.stream.StreamSpliterators$WrappingSpliterator.forEachRemaining(StreamSpliterators.java:310) ~[na:na]
	at java.base/java.util.stream.Streams$ConcatSpliterator.forEachRemaining(Streams.java:735) ~[na:na]
	at java.base/java.util.stream.Streams$ConcatSpliterator.forEachRemaining(Streams.java:734) ~[na:na]
	at java.base/java.util.stream.ReferencePipeline$Head.forEach(ReferencePipeline.java:762) ~[na:na]
	at org.junit.jupiter.engine.descriptor.ClassBasedTestDescriptor.invokeTestInstancePostProcessors(ClassBasedTestDescriptor.java:376) ~[junit-jupiter-engine-5.9.3.jar:5.9.3]
	at org.junit.jupiter.engine.descriptor.ClassBasedTestDescriptor.lambda$instantiateAndPostProcessTestInstance$6(ClassBasedTestDescriptor.java:289) ~[junit-jupiter-engine-5.9.3.jar:5.9.3]
	at org.junit.platform.engine.support.hierarchical.ThrowableCollector.execute(ThrowableCollector.java:73) ~[junit-platform-engine-1.9.3.jar:1.9.3]
	at org.junit.jupiter.engine.descriptor.ClassBasedTestDescriptor.instantiateAndPostProcessTestInstance(ClassBasedTestDescriptor.java:288) ~[junit-jupiter-engine-5.9.3.jar:5.9.3]
	at org.junit.jupiter.engine.descriptor.ClassBasedTestDescriptor.lambda$testInstancesProvider$4(ClassBasedTestDescriptor.java:278) ~[junit-jupiter-engine-5.9.3.jar:5.9.3]
	at java.base/java.util.Optional.orElseGet(Optional.java:364) ~[na:na]
	at org.junit.jupiter.engine.descriptor.ClassBasedTestDescriptor.lambda$testInstancesProvider$5(ClassBasedTestDescriptor.java:277) ~[junit-jupiter-engine-5.9.3.jar:5.9.3]
	at org.junit.jupiter.engine.execution.TestInstancesProvider.getTestInstances(TestInstancesProvider.java:31) ~[junit-jupiter-engine-5.9.3.jar:5.9.3]
	at org.junit.jupiter.engine.descriptor.TestMethodTestDescriptor.lambda$prepare$0(TestMethodTestDescriptor.java:105) ~[junit-jupiter-engine-5.9.3.jar:5.9.3]
	at org.junit.platform.engine.support.hierarchical.ThrowableCollector.execute(ThrowableCollector.java:73) ~[junit-platform-engine-1.9.3.jar:1.9.3]
	at org.junit.jupiter.engine.descriptor.TestMethodTestDescriptor.prepare(TestMethodTestDescriptor.java:104) ~[junit-jupiter-engine-5.9.3.jar:5.9.3]
	at org.junit.jupiter.engine.descriptor.TestMethodTestDescriptor.prepare(TestMethodTestDescriptor.java:68) ~[junit-jupiter-engine-5.9.3.jar:5.9.3]
	at org.junit.platform.engine.support.hierarchical.NodeTestTask.lambda$prepare$2(NodeTestTask.java:123) ~[junit-platform-engine-1.9.3.jar:1.9.3]
	at org.junit.platform.engine.support.hierarchical.ThrowableCollector.execute(ThrowableCollector.java:73) ~[junit-platform-engine-1.9.3.jar:1.9.3]
	at org.junit.platform.engine.support.hierarchical.NodeTestTask.prepare(NodeTestTask.java:123) ~[junit-platform-engine-1.9.3.jar:1.9.3]
	at org.junit.platform.engine.support.hierarchical.NodeTestTask.execute(NodeTestTask.java:90) ~[junit-platform-engine-1.9.3.jar:1.9.3]
	at java.base/java.util.ArrayList.forEach(ArrayList.java:1511) ~[na:na]
	at org.junit.platform.engine.support.hierarchical.SameThreadHierarchicalTestExecutorService.invokeAll(SameThreadHierarchicalTestExecutorService.java:41) ~[junit-platform-engine-1.9.3.jar:1.9.3]
	at org.junit.platform.engine.support.hierarchical.NodeTestTask.lambda$executeRecursively$6(NodeTestTask.java:155) ~[junit-platform-engine-1.9.3.jar:1.9.3]
	at org.junit.platform.engine.support.hierarchical.ThrowableCollector.execute(ThrowableCollector.java:73) ~[junit-platform-engine-1.9.3.jar:1.9.3]
	at org.junit.platform.engine.support.hierarchical.NodeTestTask.lambda$executeRecursively$8(NodeTestTask.java:141) ~[junit-platform-engine-1.9.3.jar:1.9.3]
	at org.junit.platform.engine.support.hierarchical.Node.around(Node.java:137) ~[junit-platform-engine-1.9.3.jar:1.9.3]
	at org.junit.platform.engine.support.hierarchical.NodeTestTask.lambda$executeRecursively$9(NodeTestTask.java:139) ~[junit-platform-engine-1.9.3.jar:1.9.3]
	at org.junit.platform.engine.support.hierarchical.ThrowableCollector.execute(ThrowableCollector.java:73) ~[junit-platform-engine-1.9.3.jar:1.9.3]
	at org.junit.platform.engine.support.hierarchical.NodeTestTask.executeRecursively(NodeTestTask.java:138) ~[junit-platform-engine-1.9.3.jar:1.9.3]
	at org.junit.platform.engine.support.hierarchical.NodeTestTask.execute(NodeTestTask.java:95) ~[junit-platform-engine-1.9.3.jar:1.9.3]
	at java.base/java.util.ArrayList.forEach(ArrayList.java:1511) ~[na:na]
	at org.junit.platform.engine.support.hierarchical.SameThreadHierarchicalTestExecutorService.invokeAll(SameThreadHierarchicalTestExecutorService.java:41) ~[junit-platform-engine-1.9.3.jar:1.9.3]
	at org.junit.platform.engine.support.hierarchical.NodeTestTask.lambda$executeRecursively$6(NodeTestTask.java:155) ~[junit-platform-engine-1.9.3.jar:1.9.3]
	at org.junit.platform.engine.support.hierarchical.ThrowableCollector.execute(ThrowableCollector.java:73) ~[junit-platform-engine-1.9.3.jar:1.9.3]
	at org.junit.platform.engine.support.hierarchical.NodeTestTask.lambda$executeRecursively$8(NodeTestTask.java:141) ~[junit-platform-engine-1.9.3.jar:1.9.3]
	at org.junit.platform.engine.support.hierarchical.Node.around(Node.java:137) ~[junit-platform-engine-1.9.3.jar:1.9.3]
	at org.junit.platform.engine.support.hierarchical.NodeTestTask.lambda$executeRecursively$9(NodeTestTask.java:139) ~[junit-platform-engine-1.9.3.jar:1.9.3]
	at org.junit.platform.engine.support.hierarchical.ThrowableCollector.execute(ThrowableCollector.java:73) ~[junit-platform-engine-1.9.3.jar:1.9.3]
	at org.junit.platform.engine.support.hierarchical.NodeTestTask.executeRecursively(NodeTestTask.java:138) ~[junit-platform-engine-1.9.3.jar:1.9.3]
	at org.junit.platform.engine.support.hierarchical.NodeTestTask.execute(NodeTestTask.java:95) ~[junit-platform-engine-1.9.3.jar:1.9.3]
	at org.junit.platform.engine.support.hierarchical.SameThreadHierarchicalTestExecutorService.submit(SameThreadHierarchicalTestExecutorService.java:35) ~[junit-platform-engine-1.9.3.jar:1.9.3]
	at org.junit.platform.engine.support.hierarchical.HierarchicalTestExecutor.execute(HierarchicalTestExecutor.java:57) ~[junit-platform-engine-1.9.3.jar:1.9.3]
	at org.junit.platform.engine.support.hierarchical.HierarchicalTestEngine.execute(HierarchicalTestEngine.java:54) ~[junit-platform-engine-1.9.3.jar:1.9.3]
	at org.junit.platform.launcher.core.EngineExecutionOrchestrator.execute(EngineExecutionOrchestrator.java:147) ~[junit-platform-launcher-1.9.3.jar:1.9.3]
	at org.junit.platform.launcher.core.EngineExecutionOrchestrator.execute(EngineExecutionOrchestrator.java:127) ~[junit-platform-launcher-1.9.3.jar:1.9.3]
	at org.junit.platform.launcher.core.EngineExecutionOrchestrator.execute(EngineExecutionOrchestrator.java:90) ~[junit-platform-launcher-1.9.3.jar:1.9.3]
	at org.junit.platform.launcher.core.EngineExecutionOrchestrator.lambda$execute$0(EngineExecutionOrchestrator.java:55) ~[junit-platform-launcher-1.9.3.jar:1.9.3]
	at org.junit.platform.launcher.core.EngineExecutionOrchestrator.withInterceptedStreams(EngineExecutionOrchestrator.java:102) ~[junit-platform-launcher-1.9.3.jar:1.9.3]
	at org.junit.platform.launcher.core.EngineExecutionOrchestrator.execute(EngineExecutionOrchestrator.java:54) ~[junit-platform-launcher-1.9.3.jar:1.9.3]
	at org.junit.platform.launcher.core.DefaultLauncher.execute(DefaultLauncher.java:114) ~[junit-platform-launcher-1.9.3.jar:1.9.3]
	at org.junit.platform.launcher.core.DefaultLauncher.execute(DefaultLauncher.java:86) ~[junit-platform-launcher-1.9.3.jar:1.9.3]
	at org.junit.platform.launcher.core.DefaultLauncherSession$DelegatingLauncher.execute(DefaultLauncherSession.java:86) ~[junit-platform-launcher-1.9.3.jar:1.9.3]
	at org.apache.maven.surefire.junitplatform.LazyLauncher.execute(LazyLauncher.java:50) ~[surefire-junit-platform-3.0.0.jar:3.0.0]
	at org.apache.maven.surefire.junitplatform.JUnitPlatformProvider.execute(JUnitPlatformProvider.java:184) ~[surefire-junit-platform-3.0.0.jar:3.0.0]
	at org.apache.maven.surefire.junitplatform.JUnitPlatformProvider.invokeAllTests(JUnitPlatformProvider.java:148) ~[surefire-junit-platform-3.0.0.jar:3.0.0]
	at org.apache.maven.surefire.junitplatform.JUnitPlatformProvider.invoke(JUnitPlatformProvider.java:122) ~[surefire-junit-platform-3.0.0.jar:3.0.0]
	at org.apache.maven.surefire.booter.ForkedBooter.runSuitesInProcess(ForkedBooter.java:385) ~[surefire-booter-3.0.0.jar:3.0.0]
	at org.apache.maven.surefire.booter.ForkedBooter.execute(ForkedBooter.java:162) ~[surefire-booter-3.0.0.jar:3.0.0]
	at org.apache.maven.surefire.booter.ForkedBooter.run(ForkedBooter.java:507) ~[surefire-booter-3.0.0.jar:3.0.0]
	at org.apache.maven.surefire.booter.ForkedBooter.main(ForkedBooter.java:495) ~[surefire-booter-3.0.0.jar:3.0.0]
Caused by: org.springframework.beans.factory.BeanCreationException: Error creating bean with name 'entityManagerFactory' defined in class path resource [org/springframework/boot/autoconfigure/orm/jpa/HibernateJpaConfiguration.class]: javax/transaction/Synchronization
	at org.springframework.beans.factory.support.AbstractAutowireCapableBeanFactory.initializeBean(AbstractAutowireCapableBeanFactory.java:1768) ~[spring-beans-6.0.21.jar:6.0.21]
	at org.springframework.beans.factory.support.AbstractAutowireCapableBeanFactory.doCreateBean(AbstractAutowireCapableBeanFactory.java:596) ~[spring-beans-6.0.21.jar:6.0.21]
	at org.springframework.beans.factory.support.AbstractAutowireCapableBeanFactory.createBean(AbstractAutowireCapableBeanFactory.java:518) ~[spring-beans-6.0.21.jar:6.0.21]
	at org.springframework.beans.factory.support.AbstractBeanFactory.lambda$doGetBean$0(AbstractBeanFactory.java:326) ~[spring-beans-6.0.21.jar:6.0.21]
	at org.springframework.beans.factory.support.DefaultSingletonBeanRegistry.getSingleton(DefaultSingletonBeanRegistry.java:234) ~[spring-beans-6.0.21.jar:6.0.21]
	at org.springframework.beans.factory.support.AbstractBeanFactory.doGetBean(AbstractBeanFactory.java:324) ~[spring-beans-6.0.21.jar:6.0.21]
	at org.springframework.beans.factory.support.AbstractBeanFactory.getBean(AbstractBeanFactory.java:200) ~[spring-beans-6.0.21.jar:6.0.21]
	at org.springframework.context.support.AbstractApplicationContext.getBean(AbstractApplicationContext.java:1168) ~[spring-context-6.0.21.jar:6.0.21]
	at org.springframework.context.support.AbstractApplicationContext.finishBeanFactoryInitialization(AbstractApplicationContext.java:942) ~[spring-context-6.0.21.jar:6.0.21]
	at org.springframework.context.support.AbstractApplicationContext.refresh(AbstractApplicationContext.java:615) ~[spring-context-6.0.21.jar:6.0.21]
	at org.springframework.boot.SpringApplication.refresh(SpringApplication.java:739) ~[spring-boot-3.1.12.jar:3.1.12]
	at org.springframework.boot.SpringApplication.refreshContext(SpringApplication.java:441) ~[spring-boot-3.1.12.jar:3.1.12]
	at org.springframework.boot.SpringApplication.run(SpringApplication.java:325) ~[spring-boot-3.1.12.jar:3.1.12]
	at org.springframework.boot.test.context.SpringBootContextLoader.lambda$loadContext$3(SpringBootContextLoader.java:137) ~[spring-boot-test-3.1.12.jar:3.1.12]
	at org.springframework.util.function.ThrowingSupplier.get(ThrowingSupplier.java:58) ~[spring-core-6.0.21.jar:6.0.21]
	at org.springframework.util.function.ThrowingSupplier.get(ThrowingSupplier.java:46) ~[spring-core-6.0.21.jar:6.0.21]
	at org.springframework.boot.SpringApplication.withHook(SpringApplication.java:1427) ~[spring-boot-3.1.12.jar:3.1.12]
	at org.springframework.boot.test.context.SpringBootContextLoader$ContextLoaderHook.run(SpringBootContextLoader.java:546) ~[spring-boot-test-3.1.12.jar:3.1.12]
	at org.springframework.boot.test.context.SpringBootContextLoader.loadContext(SpringBootContextLoader.java:137) ~[spring-boot-test-3.1.12.jar:3.1.12]
	at org.springframework.boot.test.context.SpringBootContextLoader.loadContext(SpringBootContextLoader.java:108) ~[spring-boot-test-3.1.12.jar:3.1.12]
	at org.springframework.test.context.cache.DefaultCacheAwareContextLoaderDelegate.loadContextInternal(DefaultCacheAwareContextLoaderDelegate.java:187) ~[spring-test-6.0.21.jar:6.0.21]
	at org.springframework.test.context.cache.DefaultCacheAwareContextLoaderDelegate.loadContext(DefaultCacheAwareContextLoaderDelegate.java:119) ~[spring-test-6.0.21.jar:6.0.21]
	... 73 common frames omitted
Caused by: java.lang.NoClassDefFoundError: javax/transaction/Synchronization
	at org.hibernate.search.mapper.orm.coordination.impl.CoordinationConfigurationContextImpl.createAutomaticIndexingStrategy(CoordinationConfigurationContextImpl.java:89) ~[hibernate-search-mapper-orm-6.1.6.Final.jar:6.1.6.Final]
	at org.hibernate.search.mapper.orm.mapping.impl.HibernateOrmMappingInitiator.configure(HibernateOrmMappingInitiator.java:122) ~[hibernate-search-mapper-orm-6.1.6.Final.jar:6.1.6.Final]
	at org.hibernate.search.engine.common.impl.SearchIntegrationBuilder$MappingBuildingState.collect(SearchIntegrationBuilder.java:269) ~[hibernate-search-engine-6.1.6.Final.jar:6.1.6.Final]
	at org.hibernate.search.engine.common.impl.SearchIntegrationBuilder.prepareBuild(SearchIntegrationBuilder.java:147) ~[hibernate-search-engine-6.1.6.Final.jar:6.1.6.Final]
	at org.hibernate.search.mapper.orm.bootstrap.impl.HibernateSearchPreIntegrationService$NotBooted.doBootFirstPhase(HibernateSearchPreIntegrationService.java:246) ~[hibernate-search-mapper-orm-6.1.6.Final.jar:6.1.6.Final]
	at org.hibernate.search.mapper.orm.bootstrap.impl.HibernateOrmIntegrationBooterImpl.bootNow(HibernateOrmIntegrationBooterImpl.java:173) ~[hibernate-search-mapper-orm-6.1.6.Final.jar:6.1.6.Final]
	at java.base/java.util.concurrent.CompletableFuture$UniApply.tryFire(CompletableFuture.java:646) ~[na:na]
	at java.base/java.util.concurrent.CompletableFuture.postComplete(CompletableFuture.java:510) ~[na:na]
	at java.base/java.util.concurrent.CompletableFuture.complete(CompletableFuture.java:2147) ~[na:na]
	at org.hibernate.search.mapper.orm.bootstrap.impl.HibernateSearchSessionFactoryObserver.sessionFactoryCreated(HibernateSearchSessionFactoryObserver.java:41) ~[hibernate-search-mapper-orm-6.1.6.Final.jar:6.1.6.Final]
	at org.hibernate.internal.SessionFactoryObserverChain.sessionFactoryCreated(SessionFactoryObserverChain.java:35) ~[hibernate-core-6.2.25.Final.jar:6.2.25.Final]
	at org.hibernate.internal.SessionFactoryImpl.<init>(SessionFactoryImpl.java:293) ~[hibernate-core-6.2.25.Final.jar:6.2.25.Final]
	at org.hibernate.boot.internal.SessionFactoryBuilderImpl.build(SessionFactoryBuilderImpl.java:444) ~[hibernate-core-6.2.25.Final.jar:6.2.25.Final]
	at org.hibernate.jpa.boot.internal.EntityManagerFactoryBuilderImpl.build(EntityManagerFactoryBuilderImpl.java:1458) ~[hibernate-core-6.2.25.Final.jar:6.2.25.Final]
	at org.springframework.orm.jpa.vendor.SpringHibernateJpaPersistenceProvider.createContainerEntityManagerFactory(SpringHibernateJpaPersistenceProvider.java:75) ~[spring-orm-6.0.21.jar:6.0.21]
	at org.springframework.orm.jpa.LocalContainerEntityManagerFactoryBean.createNativeEntityManagerFactory(LocalContainerEntityManagerFactoryBean.java:378) ~[spring-orm-6.0.21.jar:6.0.21]
	at org.springframework.orm.jpa.AbstractEntityManagerFactoryBean.buildNativeEntityManagerFactory(AbstractEntityManagerFactoryBean.java:409) ~[spring-orm-6.0.21.jar:6.0.21]
	at org.springframework.orm.jpa.AbstractEntityManagerFactoryBean.afterPropertiesSet(AbstractEntityManagerFactoryBean.java:396) ~[spring-orm-6.0.21.jar:6.0.21]
	at org.springframework.orm.jpa.LocalContainerEntityManagerFactoryBean.afterPropertiesSet(LocalContainerEntityManagerFactoryBean.java:354) ~[spring-orm-6.0.21.jar:6.0.21]
	at org.springframework.beans.factory.support.AbstractAutowireCapableBeanFactory.invokeInitMethods(AbstractAutowireCapableBeanFactory.java:1815) ~[spring-beans-6.0.21.jar:6.0.21]
	at org.springframework.beans.factory.support.AbstractAutowireCapableBeanFactory.initializeBean(AbstractAutowireCapableBeanFactory.java:1764) ~[spring-beans-6.0.21.jar:6.0.21]
	... 94 common frames omitted
Caused by: java.lang.ClassNotFoundException: javax.transaction.Synchronization
	at java.base/jdk.internal.loader.BuiltinClassLoader.loadClass(BuiltinClassLoader.java:641) ~[na:na]
	at java.base/jdk.internal.loader.ClassLoaders$AppClassLoader.loadClass(ClassLoaders.java:188) ~[na:na]
	at java.base/java.lang.ClassLoader.loadClass(ClassLoader.java:525) ~[na:na]
	... 115 common frames omitted

]]></system-out>
    <system-err><![CDATA[


============================
CONDITIONS EVALUATION REPORT
============================


Positive matches:
-----------------

    None


Negative matches:
-----------------

    None


Exclusions:
-----------

    None


Unconditional classes:
----------------------

    None



]]></system-err>
  </testcase>
  <testcase name="findActiveConsentsByPatientId_WithActiveConsents_ShouldReturnConsents" classname="com.healthcare.repository.ConsentRepositoryTest" time="0">
    <error message="Failed to load ApplicationContext for [MergedContextConfiguration@5e777b0 testClass = com.healthcare.repository.ConsentRepositoryTest, locations = [], classes = [com.healthcare.HealthcareQRSharingApplication], contextInitializerClasses = [], activeProfiles = [&quot;test&quot;], propertySourceLocations = [], propertySourceProperties = [&quot;org.springframework.boot.test.autoconfigure.orm.jpa.DataJpaTestContextBootstrapper=true&quot;], contextCustomizers = [[ImportsContextCustomizer@3c74d846 key = [org.springframework.boot.autoconfigure.transaction.TransactionAutoConfiguration, org.springframework.boot.autoconfigure.data.jpa.JpaRepositoriesAutoConfiguration, org.springframework.boot.autoconfigure.jdbc.DataSourceAutoConfiguration, org.springframework.boot.test.autoconfigure.orm.jpa.TestEntityManagerAutoConfiguration, org.springframework.boot.autoconfigure.cache.CacheAutoConfiguration, org.springframework.boot.autoconfigure.orm.jpa.HibernateJpaAutoConfiguration, org.springframework.boot.autoconfigure.sql.init.SqlInitializationAutoConfiguration, org.springframework.boot.autoconfigure.jdbc.JdbcTemplateAutoConfiguration, org.springframework.boot.test.autoconfigure.jdbc.TestDatabaseAutoConfiguration, org.springframework.boot.autoconfigure.flyway.FlywayAutoConfiguration, org.springframework.boot.autoconfigure.jdbc.DataSourceTransactionManagerAutoConfiguration, org.springframework.boot.autoconfigure.liquibase.LiquibaseAutoConfiguration]], org.springframework.boot.test.context.filter.ExcludeFilterContextCustomizer@5b3f61ff, org.springframework.boot.test.json.DuplicateJsonObjectContextCustomizerFactory$DuplicateJsonObjectContextCustomizer@7cb502c, org.springframework.boot.test.mock.mockito.MockitoContextCustomizer@0, org.springframework.boot.test.autoconfigure.OverrideAutoConfigurationContextCustomizerFactory$DisableAutoConfigurationContextCustomizer@55cf0d14, org.springframework.boot.test.autoconfigure.actuate.observability.ObservabilityContextCustomizerFactory$DisableObservabilityContextCustomizer@1f, org.springframework.boot.test.autoconfigure.filter.TypeExcludeFiltersContextCustomizer@351584c0, org.springframework.boot.test.autoconfigure.properties.PropertyMappingContextCustomizer@db985919, org.springframework.boot.test.autoconfigure.web.servlet.WebDriverContextCustomizer@418c5a9c, org.springframework.boot.test.context.SpringBootTestAnnotation@b2b43f9b], contextLoader = org.springframework.boot.test.context.SpringBootContextLoader, parent = null]" type="java.lang.IllegalStateException"><![CDATA[java.lang.IllegalStateException: Failed to load ApplicationContext for [MergedContextConfiguration@5e777b0 testClass = com.healthcare.repository.ConsentRepositoryTest, locations = [], classes = [com.healthcare.HealthcareQRSharingApplication], contextInitializerClasses = [], activeProfiles = ["test"], propertySourceLocations = [], propertySourceProperties = ["org.springframework.boot.test.autoconfigure.orm.jpa.DataJpaTestContextBootstrapper=true"], contextCustomizers = [[ImportsContextCustomizer@3c74d846 key = [org.springframework.boot.autoconfigure.transaction.TransactionAutoConfiguration, org.springframework.boot.autoconfigure.data.jpa.JpaRepositoriesAutoConfiguration, org.springframework.boot.autoconfigure.jdbc.DataSourceAutoConfiguration, org.springframework.boot.test.autoconfigure.orm.jpa.TestEntityManagerAutoConfiguration, org.springframework.boot.autoconfigure.cache.CacheAutoConfiguration, org.springframework.boot.autoconfigure.orm.jpa.HibernateJpaAutoConfiguration, org.springframework.boot.autoconfigure.sql.init.SqlInitializationAutoConfiguration, org.springframework.boot.autoconfigure.jdbc.JdbcTemplateAutoConfiguration, org.springframework.boot.test.autoconfigure.jdbc.TestDatabaseAutoConfiguration, org.springframework.boot.autoconfigure.flyway.FlywayAutoConfiguration, org.springframework.boot.autoconfigure.jdbc.DataSourceTransactionManagerAutoConfiguration, org.springframework.boot.autoconfigure.liquibase.LiquibaseAutoConfiguration]], org.springframework.boot.test.context.filter.ExcludeFilterContextCustomizer@5b3f61ff, org.springframework.boot.test.json.DuplicateJsonObjectContextCustomizerFactory$DuplicateJsonObjectContextCustomizer@7cb502c, org.springframework.boot.test.mock.mockito.MockitoContextCustomizer@0, org.springframework.boot.test.autoconfigure.OverrideAutoConfigurationContextCustomizerFactory$DisableAutoConfigurationContextCustomizer@55cf0d14, org.springframework.boot.test.autoconfigure.actuate.observability.ObservabilityContextCustomizerFactory$DisableObservabilityContextCustomizer@1f, org.springframework.boot.test.autoconfigure.filter.TypeExcludeFiltersContextCustomizer@351584c0, org.springframework.boot.test.autoconfigure.properties.PropertyMappingContextCustomizer@db985919, org.springframework.boot.test.autoconfigure.web.servlet.WebDriverContextCustomizer@418c5a9c, org.springframework.boot.test.context.SpringBootTestAnnotation@b2b43f9b], contextLoader = org.springframework.boot.test.context.SpringBootContextLoader, parent = null]
	at org.springframework.test.context.cache.DefaultCacheAwareContextLoaderDelegate.loadContext(DefaultCacheAwareContextLoaderDelegate.java:143)
	at org.springframework.test.context.support.DefaultTestContext.getApplicationContext(DefaultTestContext.java:127)
	at org.springframework.test.context.support.DependencyInjectionTestExecutionListener.injectDependencies(DependencyInjectionTestExecutionListener.java:141)
	at org.springframework.test.context.support.DependencyInjectionTestExecutionListener.prepareTestInstance(DependencyInjectionTestExecutionListener.java:97)
	at org.springframework.test.context.TestContextManager.prepareTestInstance(TestContextManager.java:241)
	at org.springframework.test.context.junit.jupiter.SpringExtension.postProcessTestInstance(SpringExtension.java:138)
	at org.junit.jupiter.engine.descriptor.ClassBasedTestDescriptor.lambda$invokeTestInstancePostProcessors$10(ClassBasedTestDescriptor.java:377)
	at org.junit.jupiter.engine.descriptor.ClassBasedTestDescriptor.executeAndMaskThrowable(ClassBasedTestDescriptor.java:382)
	at org.junit.jupiter.engine.descriptor.ClassBasedTestDescriptor.lambda$invokeTestInstancePostProcessors$11(ClassBasedTestDescriptor.java:377)
	at java.base/java.util.stream.ReferencePipeline$3$1.accept(ReferencePipeline.java:197)
	at java.base/java.util.stream.ReferencePipeline$2$1.accept(ReferencePipeline.java:179)
	at java.base/java.util.ArrayList$ArrayListSpliterator.forEachRemaining(ArrayList.java:1625)
	at java.base/java.util.stream.AbstractPipeline.copyInto(AbstractPipeline.java:509)
	at java.base/java.util.stream.AbstractPipeline.wrapAndCopyInto(AbstractPipeline.java:499)
	at java.base/java.util.stream.StreamSpliterators$WrappingSpliterator.forEachRemaining(StreamSpliterators.java:310)
	at java.base/java.util.stream.Streams$ConcatSpliterator.forEachRemaining(Streams.java:735)
	at java.base/java.util.stream.Streams$ConcatSpliterator.forEachRemaining(Streams.java:734)
	at java.base/java.util.stream.ReferencePipeline$Head.forEach(ReferencePipeline.java:762)
	at org.junit.jupiter.engine.descriptor.ClassBasedTestDescriptor.invokeTestInstancePostProcessors(ClassBasedTestDescriptor.java:376)
	at org.junit.jupiter.engine.descriptor.ClassBasedTestDescriptor.lambda$instantiateAndPostProcessTestInstance$6(ClassBasedTestDescriptor.java:289)
	at org.junit.platform.engine.support.hierarchical.ThrowableCollector.execute(ThrowableCollector.java:73)
	at org.junit.jupiter.engine.descriptor.ClassBasedTestDescriptor.instantiateAndPostProcessTestInstance(ClassBasedTestDescriptor.java:288)
	at org.junit.jupiter.engine.descriptor.ClassBasedTestDescriptor.lambda$testInstancesProvider$4(ClassBasedTestDescriptor.java:278)
	at java.base/java.util.Optional.orElseGet(Optional.java:364)
	at org.junit.jupiter.engine.descriptor.ClassBasedTestDescriptor.lambda$testInstancesProvider$5(ClassBasedTestDescriptor.java:277)
	at org.junit.jupiter.engine.execution.TestInstancesProvider.getTestInstances(TestInstancesProvider.java:31)
	at org.junit.jupiter.engine.descriptor.TestMethodTestDescriptor.lambda$prepare$0(TestMethodTestDescriptor.java:105)
	at org.junit.platform.engine.support.hierarchical.ThrowableCollector.execute(ThrowableCollector.java:73)
	at org.junit.jupiter.engine.descriptor.TestMethodTestDescriptor.prepare(TestMethodTestDescriptor.java:104)
	at org.junit.jupiter.engine.descriptor.TestMethodTestDescriptor.prepare(TestMethodTestDescriptor.java:68)
	at org.junit.platform.engine.support.hierarchical.NodeTestTask.lambda$prepare$2(NodeTestTask.java:123)
	at org.junit.platform.engine.support.hierarchical.ThrowableCollector.execute(ThrowableCollector.java:73)
	at org.junit.platform.engine.support.hierarchical.NodeTestTask.prepare(NodeTestTask.java:123)
	at org.junit.platform.engine.support.hierarchical.NodeTestTask.execute(NodeTestTask.java:90)
	at java.base/java.util.ArrayList.forEach(ArrayList.java:1511)
	at org.junit.platform.engine.support.hierarchical.SameThreadHierarchicalTestExecutorService.invokeAll(SameThreadHierarchicalTestExecutorService.java:41)
	at org.junit.platform.engine.support.hierarchical.NodeTestTask.lambda$executeRecursively$6(NodeTestTask.java:155)
	at org.junit.platform.engine.support.hierarchical.ThrowableCollector.execute(ThrowableCollector.java:73)
	at org.junit.platform.engine.support.hierarchical.NodeTestTask.lambda$executeRecursively$8(NodeTestTask.java:141)
	at org.junit.platform.engine.support.hierarchical.Node.around(Node.java:137)
	at org.junit.platform.engine.support.hierarchical.NodeTestTask.lambda$executeRecursively$9(NodeTestTask.java:139)
	at org.junit.platform.engine.support.hierarchical.ThrowableCollector.execute(ThrowableCollector.java:73)
	at org.junit.platform.engine.support.hierarchical.NodeTestTask.executeRecursively(NodeTestTask.java:138)
	at org.junit.platform.engine.support.hierarchical.NodeTestTask.execute(NodeTestTask.java:95)
	at java.base/java.util.ArrayList.forEach(ArrayList.java:1511)
	at org.junit.platform.engine.support.hierarchical.SameThreadHierarchicalTestExecutorService.invokeAll(SameThreadHierarchicalTestExecutorService.java:41)
	at org.junit.platform.engine.support.hierarchical.NodeTestTask.lambda$executeRecursively$6(NodeTestTask.java:155)
	at org.junit.platform.engine.support.hierarchical.ThrowableCollector.execute(ThrowableCollector.java:73)
	at org.junit.platform.engine.support.hierarchical.NodeTestTask.lambda$executeRecursively$8(NodeTestTask.java:141)
	at org.junit.platform.engine.support.hierarchical.Node.around(Node.java:137)
	at org.junit.platform.engine.support.hierarchical.NodeTestTask.lambda$executeRecursively$9(NodeTestTask.java:139)
	at org.junit.platform.engine.support.hierarchical.ThrowableCollector.execute(ThrowableCollector.java:73)
	at org.junit.platform.engine.support.hierarchical.NodeTestTask.executeRecursively(NodeTestTask.java:138)
	at org.junit.platform.engine.support.hierarchical.NodeTestTask.execute(NodeTestTask.java:95)
	at org.junit.platform.engine.support.hierarchical.SameThreadHierarchicalTestExecutorService.submit(SameThreadHierarchicalTestExecutorService.java:35)
	at org.junit.platform.engine.support.hierarchical.HierarchicalTestExecutor.execute(HierarchicalTestExecutor.java:57)
	at org.junit.platform.engine.support.hierarchical.HierarchicalTestEngine.execute(HierarchicalTestEngine.java:54)
	at org.junit.platform.launcher.core.EngineExecutionOrchestrator.execute(EngineExecutionOrchestrator.java:147)
	at org.junit.platform.launcher.core.EngineExecutionOrchestrator.execute(EngineExecutionOrchestrator.java:127)
	at org.junit.platform.launcher.core.EngineExecutionOrchestrator.execute(EngineExecutionOrchestrator.java:90)
	at org.junit.platform.launcher.core.EngineExecutionOrchestrator.lambda$execute$0(EngineExecutionOrchestrator.java:55)
	at org.junit.platform.launcher.core.EngineExecutionOrchestrator.withInterceptedStreams(EngineExecutionOrchestrator.java:102)
	at org.junit.platform.launcher.core.EngineExecutionOrchestrator.execute(EngineExecutionOrchestrator.java:54)
	at org.junit.platform.launcher.core.DefaultLauncher.execute(DefaultLauncher.java:114)
	at org.junit.platform.launcher.core.DefaultLauncher.execute(DefaultLauncher.java:86)
	at org.junit.platform.launcher.core.DefaultLauncherSession$DelegatingLauncher.execute(DefaultLauncherSession.java:86)
	at org.apache.maven.surefire.junitplatform.LazyLauncher.execute(LazyLauncher.java:50)
	at org.apache.maven.surefire.junitplatform.JUnitPlatformProvider.execute(JUnitPlatformProvider.java:184)
	at org.apache.maven.surefire.junitplatform.JUnitPlatformProvider.invokeAllTests(JUnitPlatformProvider.java:148)
	at org.apache.maven.surefire.junitplatform.JUnitPlatformProvider.invoke(JUnitPlatformProvider.java:122)
	at org.apache.maven.surefire.booter.ForkedBooter.runSuitesInProcess(ForkedBooter.java:385)
	at org.apache.maven.surefire.booter.ForkedBooter.execute(ForkedBooter.java:162)
	at org.apache.maven.surefire.booter.ForkedBooter.run(ForkedBooter.java:507)
	at org.apache.maven.surefire.booter.ForkedBooter.main(ForkedBooter.java:495)
Caused by: org.springframework.beans.factory.BeanCreationException: Error creating bean with name 'entityManagerFactory' defined in class path resource [org/springframework/boot/autoconfigure/orm/jpa/HibernateJpaConfiguration.class]: javax/transaction/Synchronization
	at org.springframework.beans.factory.support.AbstractAutowireCapableBeanFactory.initializeBean(AbstractAutowireCapableBeanFactory.java:1768)
	at org.springframework.beans.factory.support.AbstractAutowireCapableBeanFactory.doCreateBean(AbstractAutowireCapableBeanFactory.java:596)
	at org.springframework.beans.factory.support.AbstractAutowireCapableBeanFactory.createBean(AbstractAutowireCapableBeanFactory.java:518)
	at org.springframework.beans.factory.support.AbstractBeanFactory.lambda$doGetBean$0(AbstractBeanFactory.java:326)
	at org.springframework.beans.factory.support.DefaultSingletonBeanRegistry.getSingleton(DefaultSingletonBeanRegistry.java:234)
	at org.springframework.beans.factory.support.AbstractBeanFactory.doGetBean(AbstractBeanFactory.java:324)
	at org.springframework.beans.factory.support.AbstractBeanFactory.getBean(AbstractBeanFactory.java:200)
	at org.springframework.context.support.AbstractApplicationContext.getBean(AbstractApplicationContext.java:1168)
	at org.springframework.context.support.AbstractApplicationContext.finishBeanFactoryInitialization(AbstractApplicationContext.java:942)
	at org.springframework.context.support.AbstractApplicationContext.refresh(AbstractApplicationContext.java:615)
	at org.springframework.boot.SpringApplication.refresh(SpringApplication.java:739)
	at org.springframework.boot.SpringApplication.refreshContext(SpringApplication.java:441)
	at org.springframework.boot.SpringApplication.run(SpringApplication.java:325)
	at org.springframework.boot.test.context.SpringBootContextLoader.lambda$loadContext$3(SpringBootContextLoader.java:137)
	at org.springframework.util.function.ThrowingSupplier.get(ThrowingSupplier.java:58)
	at org.springframework.util.function.ThrowingSupplier.get(ThrowingSupplier.java:46)
	at org.springframework.boot.SpringApplication.withHook(SpringApplication.java:1427)
	at org.springframework.boot.test.context.SpringBootContextLoader$ContextLoaderHook.run(SpringBootContextLoader.java:546)
	at org.springframework.boot.test.context.SpringBootContextLoader.loadContext(SpringBootContextLoader.java:137)
	at org.springframework.boot.test.context.SpringBootContextLoader.loadContext(SpringBootContextLoader.java:108)
	at org.springframework.test.context.cache.DefaultCacheAwareContextLoaderDelegate.loadContextInternal(DefaultCacheAwareContextLoaderDelegate.java:187)
	at org.springframework.test.context.cache.DefaultCacheAwareContextLoaderDelegate.loadContext(DefaultCacheAwareContextLoaderDelegate.java:119)
	... 73 more
Caused by: java.lang.NoClassDefFoundError: javax/transaction/Synchronization
	at org.hibernate.search.mapper.orm.coordination.impl.CoordinationConfigurationContextImpl.createAutomaticIndexingStrategy(CoordinationConfigurationContextImpl.java:89)
	at org.hibernate.search.mapper.orm.mapping.impl.HibernateOrmMappingInitiator.configure(HibernateOrmMappingInitiator.java:122)
	at org.hibernate.search.engine.common.impl.SearchIntegrationBuilder$MappingBuildingState.collect(SearchIntegrationBuilder.java:269)
	at org.hibernate.search.engine.common.impl.SearchIntegrationBuilder.prepareBuild(SearchIntegrationBuilder.java:147)
	at org.hibernate.search.mapper.orm.bootstrap.impl.HibernateSearchPreIntegrationService$NotBooted.doBootFirstPhase(HibernateSearchPreIntegrationService.java:246)
	at org.hibernate.search.mapper.orm.bootstrap.impl.HibernateOrmIntegrationBooterImpl.bootNow(HibernateOrmIntegrationBooterImpl.java:173)
	at java.base/java.util.concurrent.CompletableFuture$UniApply.tryFire(CompletableFuture.java:646)
	at java.base/java.util.concurrent.CompletableFuture.postComplete(CompletableFuture.java:510)
	at java.base/java.util.concurrent.CompletableFuture.complete(CompletableFuture.java:2147)
	at org.hibernate.search.mapper.orm.bootstrap.impl.HibernateSearchSessionFactoryObserver.sessionFactoryCreated(HibernateSearchSessionFactoryObserver.java:41)
	at org.hibernate.internal.SessionFactoryObserverChain.sessionFactoryCreated(SessionFactoryObserverChain.java:35)
	at org.hibernate.internal.SessionFactoryImpl.<init>(SessionFactoryImpl.java:293)
	at org.hibernate.boot.internal.SessionFactoryBuilderImpl.build(SessionFactoryBuilderImpl.java:444)
	at org.hibernate.jpa.boot.internal.EntityManagerFactoryBuilderImpl.build(EntityManagerFactoryBuilderImpl.java:1458)
	at org.springframework.orm.jpa.vendor.SpringHibernateJpaPersistenceProvider.createContainerEntityManagerFactory(SpringHibernateJpaPersistenceProvider.java:75)
	at org.springframework.orm.jpa.LocalContainerEntityManagerFactoryBean.createNativeEntityManagerFactory(LocalContainerEntityManagerFactoryBean.java:378)
	at org.springframework.orm.jpa.AbstractEntityManagerFactoryBean.buildNativeEntityManagerFactory(AbstractEntityManagerFactoryBean.java:409)
	at org.springframework.orm.jpa.AbstractEntityManagerFactoryBean.afterPropertiesSet(AbstractEntityManagerFactoryBean.java:396)
	at org.springframework.orm.jpa.LocalContainerEntityManagerFactoryBean.afterPropertiesSet(LocalContainerEntityManagerFactoryBean.java:354)
	at org.springframework.beans.factory.support.AbstractAutowireCapableBeanFactory.invokeInitMethods(AbstractAutowireCapableBeanFactory.java:1815)
	at org.springframework.beans.factory.support.AbstractAutowireCapableBeanFactory.initializeBean(AbstractAutowireCapableBeanFactory.java:1764)
	... 94 more
Caused by: java.lang.ClassNotFoundException: javax.transaction.Synchronization
	at java.base/jdk.internal.loader.BuiltinClassLoader.loadClass(BuiltinClassLoader.java:641)
	at java.base/jdk.internal.loader.ClassLoaders$AppClassLoader.loadClass(ClassLoaders.java:188)
	at java.base/java.lang.ClassLoader.loadClass(ClassLoader.java:525)
	... 115 more
]]></error>
    <system-out><![CDATA[
  .   ____          _            __ _ _
 /\\ / ___'_ __ _ _(_)_ __  __ _ \ \ \ \
( ( )\___ | '_ | '_| | '_ \/ _` | \ \ \ \
 \\/  ___)| |_)| | | | | || (_| |  ) ) ) )
  '  |____| .__|_| |_|_| |_\__, | / / / /
 =========|_|==============|___/=/_/_/_/
 :: Spring Boot ::               (v3.1.12)

2025-08-08T11:44:35.822-04:00  INFO 4069 --- [           main] c.h.repository.ConsentRepositoryTest     : Starting ConsentRepositoryTest using Java 17.0.9 with PID 4069 (started by pereozogu in /Users/pereozogu/healthcare-qr-sharing)
2025-08-08T11:44:35.822-04:00 DEBUG 4069 --- [           main] c.h.repository.ConsentRepositoryTest     : Running with Spring Boot v3.1.12, Spring v6.0.21
2025-08-08T11:44:35.822-04:00  INFO 4069 --- [           main] c.h.repository.ConsentRepositoryTest     : The following 1 profile is active: "test"
2025-08-08T11:44:36.015-04:00  INFO 4069 --- [           main] .s.d.r.c.RepositoryConfigurationDelegate : Bootstrapping Spring Data JPA repositories in DEFAULT mode.
2025-08-08T11:44:36.048-04:00  INFO 4069 --- [           main] .s.d.r.c.RepositoryConfigurationDelegate : Finished Spring Data repository scanning in 31 ms. Found 3 JPA repository interfaces.
2025-08-08T11:44:36.114-04:00  INFO 4069 --- [           main] beddedDataSourceBeanFactoryPostProcessor : Replacing 'dataSource' DataSource bean with embedded version
2025-08-08T11:44:36.160-04:00  INFO 4069 --- [           main] o.s.j.d.e.EmbeddedDatabaseFactory        : Starting embedded database: url='jdbc:h2:mem:61f41caa-a865-4f13-a27f-e91ec5f64528;DB_CLOSE_DELAY=-1;DB_CLOSE_ON_EXIT=false', username='sa'
2025-08-08T11:44:36.220-04:00  INFO 4069 --- [           main] o.hibernate.jpa.internal.util.LogHelper  : HHH000204: Processing PersistenceUnitInfo [name: default]
2025-08-08T11:44:36.237-04:00  INFO 4069 --- [           main] o.s.o.j.p.SpringPersistenceUnitInfo      : No LoadTimeWeaver setup: ignoring JPA class transformer
2025-08-08T11:44:36.276-04:00  INFO 4069 --- [           main] b.i.HibernateSearchPreIntegrationService : HSEARCH000034: Hibernate Search version 6.1.6.Final
2025-08-08T11:44:36.448-04:00  INFO 4069 --- [           main] o.h.e.t.j.p.i.JtaPlatformInitiator       : HHH000489: No JTA platform available (set 'hibernate.transaction.jta.platform' to enable JTA platform integration)
Hibernate: drop table if exists consent_records cascade 
Hibernate: drop table if exists consent_record_allowed_data_types cascade 
Hibernate: drop table if exists patients cascade 
Hibernate: drop table if exists qr_share_sessions cascade 
Hibernate: drop table if exists qrshare_session_shared_data_types cascade 
Hibernate: create table consent_records (expires_at timestamp(6), granted_at timestamp(6) not null, revoked_at timestamp(6), purpose varchar(1000), grantee_id varchar(255) not null, id varchar(255) not null, patient_id varchar(255) not null, status varchar(255) check (status in ('ACTIVE','EXPIRED','REVOKED','PENDING')), digital_signature clob, primary key (id))
Hibernate: create table consent_record_allowed_data_types (allowed_data_types varchar(255) check (allowed_data_types in ('DEMOGRAPHICS','VITALS','MEDICATIONS','ALLERGIES','CONDITIONS','LAB_RESULTS','IMMUNIZATIONS','PROCEDURES','DOCUMENTS')), consent_record_id varchar(255) not null)
Hibernate: create table patients (created_at timestamp(6), updated_at timestamp(6), date_of_birth varchar(255), email varchar(255) not null unique, fhir_id varchar(255) not null unique, first_name varchar(255) not null, id varchar(255) not null, last_name varchar(255) not null, ssn varchar(255), primary key (id))
Hibernate: create table qr_share_sessions (accessed_at timestamp(6), created_at timestamp(6) not null, expires_at timestamp(6) not null, accessed_by varchar(255), id varchar(255) not null, patient_id varchar(255) not null, session_token varchar(255) not null unique, status varchar(255) check (status in ('ACTIVE','EXPIRED','USED','CANCELLED')), qr_code_data clob, primary key (id))
Hibernate: create table qrshare_session_shared_data_types (qrshare_session_id varchar(255) not null, shared_data_types varchar(255) check (shared_data_types in ('DEMOGRAPHICS','VITALS','MEDICATIONS','ALLERGIES','CONDITIONS','LAB_RESULTS','IMMUNIZATIONS','PROCEDURES','DOCUMENTS')))
Hibernate: alter table if exists consent_records add constraint FKpbfgmh0fofalq41fuonxcqdeg foreign key (patient_id) references patients
Hibernate: alter table if exists consent_record_allowed_data_types add constraint FK4xaecqnpwpfbh0jx5t25q6jtl foreign key (consent_record_id) references consent_records
Hibernate: alter table if exists qr_share_sessions add constraint FKe8sn6y8xvqkgktuxcnydi30s4 foreign key (patient_id) references patients
Hibernate: alter table if exists qrshare_session_shared_data_types add constraint FKp7k9rhcc5tgqghja19l7uhm43 foreign key (qrshare_session_id) references qr_share_sessions
2025-08-08T11:44:36.471-04:00  WARN 4069 --- [           main] s.c.a.AnnotationConfigApplicationContext : Exception encountered during context initialization - cancelling refresh attempt: org.springframework.beans.factory.BeanCreationException: Error creating bean with name 'entityManagerFactory' defined in class path resource [org/springframework/boot/autoconfigure/orm/jpa/HibernateJpaConfiguration.class]: javax/transaction/Synchronization
2025-08-08T11:44:36.474-04:00  INFO 4069 --- [           main] .s.b.a.l.ConditionEvaluationReportLogger : 

Error starting ApplicationContext. To display the condition evaluation report re-run your application with 'debug' enabled.
2025-08-08T11:44:36.476-04:00 ERROR 4069 --- [           main] o.s.boot.SpringApplication               : Application run failed

org.springframework.beans.factory.BeanCreationException: Error creating bean with name 'entityManagerFactory' defined in class path resource [org/springframework/boot/autoconfigure/orm/jpa/HibernateJpaConfiguration.class]: javax/transaction/Synchronization
	at org.springframework.beans.factory.support.AbstractAutowireCapableBeanFactory.initializeBean(AbstractAutowireCapableBeanFactory.java:1768) ~[spring-beans-6.0.21.jar:6.0.21]
	at org.springframework.beans.factory.support.AbstractAutowireCapableBeanFactory.doCreateBean(AbstractAutowireCapableBeanFactory.java:596) ~[spring-beans-6.0.21.jar:6.0.21]
	at org.springframework.beans.factory.support.AbstractAutowireCapableBeanFactory.createBean(AbstractAutowireCapableBeanFactory.java:518) ~[spring-beans-6.0.21.jar:6.0.21]
	at org.springframework.beans.factory.support.AbstractBeanFactory.lambda$doGetBean$0(AbstractBeanFactory.java:326) ~[spring-beans-6.0.21.jar:6.0.21]
	at org.springframework.beans.factory.support.DefaultSingletonBeanRegistry.getSingleton(DefaultSingletonBeanRegistry.java:234) ~[spring-beans-6.0.21.jar:6.0.21]
	at org.springframework.beans.factory.support.AbstractBeanFactory.doGetBean(AbstractBeanFactory.java:324) ~[spring-beans-6.0.21.jar:6.0.21]
	at org.springframework.beans.factory.support.AbstractBeanFactory.getBean(AbstractBeanFactory.java:200) ~[spring-beans-6.0.21.jar:6.0.21]
	at org.springframework.context.support.AbstractApplicationContext.getBean(AbstractApplicationContext.java:1168) ~[spring-context-6.0.21.jar:6.0.21]
	at org.springframework.context.support.AbstractApplicationContext.finishBeanFactoryInitialization(AbstractApplicationContext.java:942) ~[spring-context-6.0.21.jar:6.0.21]
	at org.springframework.context.support.AbstractApplicationContext.refresh(AbstractApplicationContext.java:615) ~[spring-context-6.0.21.jar:6.0.21]
	at org.springframework.boot.SpringApplication.refresh(SpringApplication.java:739) ~[spring-boot-3.1.12.jar:3.1.12]
	at org.springframework.boot.SpringApplication.refreshContext(SpringApplication.java:441) ~[spring-boot-3.1.12.jar:3.1.12]
	at org.springframework.boot.SpringApplication.run(SpringApplication.java:325) ~[spring-boot-3.1.12.jar:3.1.12]
	at org.springframework.boot.test.context.SpringBootContextLoader.lambda$loadContext$3(SpringBootContextLoader.java:137) ~[spring-boot-test-3.1.12.jar:3.1.12]
	at org.springframework.util.function.ThrowingSupplier.get(ThrowingSupplier.java:58) ~[spring-core-6.0.21.jar:6.0.21]
	at org.springframework.util.function.ThrowingSupplier.get(ThrowingSupplier.java:46) ~[spring-core-6.0.21.jar:6.0.21]
	at org.springframework.boot.SpringApplication.withHook(SpringApplication.java:1427) ~[spring-boot-3.1.12.jar:3.1.12]
	at org.springframework.boot.test.context.SpringBootContextLoader$ContextLoaderHook.run(SpringBootContextLoader.java:546) ~[spring-boot-test-3.1.12.jar:3.1.12]
	at org.springframework.boot.test.context.SpringBootContextLoader.loadContext(SpringBootContextLoader.java:137) ~[spring-boot-test-3.1.12.jar:3.1.12]
	at org.springframework.boot.test.context.SpringBootContextLoader.loadContext(SpringBootContextLoader.java:108) ~[spring-boot-test-3.1.12.jar:3.1.12]
	at org.springframework.test.context.cache.DefaultCacheAwareContextLoaderDelegate.loadContextInternal(DefaultCacheAwareContextLoaderDelegate.java:187) ~[spring-test-6.0.21.jar:6.0.21]
	at org.springframework.test.context.cache.DefaultCacheAwareContextLoaderDelegate.loadContext(DefaultCacheAwareContextLoaderDelegate.java:119) ~[spring-test-6.0.21.jar:6.0.21]
	at org.springframework.test.context.support.DefaultTestContext.getApplicationContext(DefaultTestContext.java:127) ~[spring-test-6.0.21.jar:6.0.21]
	at org.springframework.test.context.support.DependencyInjectionTestExecutionListener.injectDependencies(DependencyInjectionTestExecutionListener.java:141) ~[spring-test-6.0.21.jar:6.0.21]
	at org.springframework.test.context.support.DependencyInjectionTestExecutionListener.prepareTestInstance(DependencyInjectionTestExecutionListener.java:97) ~[spring-test-6.0.21.jar:6.0.21]
	at org.springframework.test.context.TestContextManager.prepareTestInstance(TestContextManager.java:241) ~[spring-test-6.0.21.jar:6.0.21]
	at org.springframework.test.context.junit.jupiter.SpringExtension.postProcessTestInstance(SpringExtension.java:138) ~[spring-test-6.0.21.jar:6.0.21]
	at org.junit.jupiter.engine.descriptor.ClassBasedTestDescriptor.lambda$invokeTestInstancePostProcessors$10(ClassBasedTestDescriptor.java:377) ~[junit-jupiter-engine-5.9.3.jar:5.9.3]
	at org.junit.jupiter.engine.descriptor.ClassBasedTestDescriptor.executeAndMaskThrowable(ClassBasedTestDescriptor.java:382) ~[junit-jupiter-engine-5.9.3.jar:5.9.3]
	at org.junit.jupiter.engine.descriptor.ClassBasedTestDescriptor.lambda$invokeTestInstancePostProcessors$11(ClassBasedTestDescriptor.java:377) ~[junit-jupiter-engine-5.9.3.jar:5.9.3]
	at java.base/java.util.stream.ReferencePipeline$3$1.accept(ReferencePipeline.java:197) ~[na:na]
	at java.base/java.util.stream.ReferencePipeline$2$1.accept(ReferencePipeline.java:179) ~[na:na]
	at java.base/java.util.ArrayList$ArrayListSpliterator.forEachRemaining(ArrayList.java:1625) ~[na:na]
	at java.base/java.util.stream.AbstractPipeline.copyInto(AbstractPipeline.java:509) ~[na:na]
	at java.base/java.util.stream.AbstractPipeline.wrapAndCopyInto(AbstractPipeline.java:499) ~[na:na]
	at java.base/java.util.stream.StreamSpliterators$WrappingSpliterator.forEachRemaining(StreamSpliterators.java:310) ~[na:na]
	at java.base/java.util.stream.Streams$ConcatSpliterator.forEachRemaining(Streams.java:735) ~[na:na]
	at java.base/java.util.stream.Streams$ConcatSpliterator.forEachRemaining(Streams.java:734) ~[na:na]
	at java.base/java.util.stream.ReferencePipeline$Head.forEach(ReferencePipeline.java:762) ~[na:na]
	at org.junit.jupiter.engine.descriptor.ClassBasedTestDescriptor.invokeTestInstancePostProcessors(ClassBasedTestDescriptor.java:376) ~[junit-jupiter-engine-5.9.3.jar:5.9.3]
	at org.junit.jupiter.engine.descriptor.ClassBasedTestDescriptor.lambda$instantiateAndPostProcessTestInstance$6(ClassBasedTestDescriptor.java:289) ~[junit-jupiter-engine-5.9.3.jar:5.9.3]
	at org.junit.platform.engine.support.hierarchical.ThrowableCollector.execute(ThrowableCollector.java:73) ~[junit-platform-engine-1.9.3.jar:1.9.3]
	at org.junit.jupiter.engine.descriptor.ClassBasedTestDescriptor.instantiateAndPostProcessTestInstance(ClassBasedTestDescriptor.java:288) ~[junit-jupiter-engine-5.9.3.jar:5.9.3]
	at org.junit.jupiter.engine.descriptor.ClassBasedTestDescriptor.lambda$testInstancesProvider$4(ClassBasedTestDescriptor.java:278) ~[junit-jupiter-engine-5.9.3.jar:5.9.3]
	at java.base/java.util.Optional.orElseGet(Optional.java:364) ~[na:na]
	at org.junit.jupiter.engine.descriptor.ClassBasedTestDescriptor.lambda$testInstancesProvider$5(ClassBasedTestDescriptor.java:277) ~[junit-jupiter-engine-5.9.3.jar:5.9.3]
	at org.junit.jupiter.engine.execution.TestInstancesProvider.getTestInstances(TestInstancesProvider.java:31) ~[junit-jupiter-engine-5.9.3.jar:5.9.3]
	at org.junit.jupiter.engine.descriptor.TestMethodTestDescriptor.lambda$prepare$0(TestMethodTestDescriptor.java:105) ~[junit-jupiter-engine-5.9.3.jar:5.9.3]
	at org.junit.platform.engine.support.hierarchical.ThrowableCollector.execute(ThrowableCollector.java:73) ~[junit-platform-engine-1.9.3.jar:1.9.3]
	at org.junit.jupiter.engine.descriptor.TestMethodTestDescriptor.prepare(TestMethodTestDescriptor.java:104) ~[junit-jupiter-engine-5.9.3.jar:5.9.3]
	at org.junit.jupiter.engine.descriptor.TestMethodTestDescriptor.prepare(TestMethodTestDescriptor.java:68) ~[junit-jupiter-engine-5.9.3.jar:5.9.3]
	at org.junit.platform.engine.support.hierarchical.NodeTestTask.lambda$prepare$2(NodeTestTask.java:123) ~[junit-platform-engine-1.9.3.jar:1.9.3]
	at org.junit.platform.engine.support.hierarchical.ThrowableCollector.execute(ThrowableCollector.java:73) ~[junit-platform-engine-1.9.3.jar:1.9.3]
	at org.junit.platform.engine.support.hierarchical.NodeTestTask.prepare(NodeTestTask.java:123) ~[junit-platform-engine-1.9.3.jar:1.9.3]
	at org.junit.platform.engine.support.hierarchical.NodeTestTask.execute(NodeTestTask.java:90) ~[junit-platform-engine-1.9.3.jar:1.9.3]
	at java.base/java.util.ArrayList.forEach(ArrayList.java:1511) ~[na:na]
	at org.junit.platform.engine.support.hierarchical.SameThreadHierarchicalTestExecutorService.invokeAll(SameThreadHierarchicalTestExecutorService.java:41) ~[junit-platform-engine-1.9.3.jar:1.9.3]
	at org.junit.platform.engine.support.hierarchical.NodeTestTask.lambda$executeRecursively$6(NodeTestTask.java:155) ~[junit-platform-engine-1.9.3.jar:1.9.3]
	at org.junit.platform.engine.support.hierarchical.ThrowableCollector.execute(ThrowableCollector.java:73) ~[junit-platform-engine-1.9.3.jar:1.9.3]
	at org.junit.platform.engine.support.hierarchical.NodeTestTask.lambda$executeRecursively$8(NodeTestTask.java:141) ~[junit-platform-engine-1.9.3.jar:1.9.3]
	at org.junit.platform.engine.support.hierarchical.Node.around(Node.java:137) ~[junit-platform-engine-1.9.3.jar:1.9.3]
	at org.junit.platform.engine.support.hierarchical.NodeTestTask.lambda$executeRecursively$9(NodeTestTask.java:139) ~[junit-platform-engine-1.9.3.jar:1.9.3]
	at org.junit.platform.engine.support.hierarchical.ThrowableCollector.execute(ThrowableCollector.java:73) ~[junit-platform-engine-1.9.3.jar:1.9.3]
	at org.junit.platform.engine.support.hierarchical.NodeTestTask.executeRecursively(NodeTestTask.java:138) ~[junit-platform-engine-1.9.3.jar:1.9.3]
	at org.junit.platform.engine.support.hierarchical.NodeTestTask.execute(NodeTestTask.java:95) ~[junit-platform-engine-1.9.3.jar:1.9.3]
	at java.base/java.util.ArrayList.forEach(ArrayList.java:1511) ~[na:na]
	at org.junit.platform.engine.support.hierarchical.SameThreadHierarchicalTestExecutorService.invokeAll(SameThreadHierarchicalTestExecutorService.java:41) ~[junit-platform-engine-1.9.3.jar:1.9.3]
	at org.junit.platform.engine.support.hierarchical.NodeTestTask.lambda$executeRecursively$6(NodeTestTask.java:155) ~[junit-platform-engine-1.9.3.jar:1.9.3]
	at org.junit.platform.engine.support.hierarchical.ThrowableCollector.execute(ThrowableCollector.java:73) ~[junit-platform-engine-1.9.3.jar:1.9.3]
	at org.junit.platform.engine.support.hierarchical.NodeTestTask.lambda$executeRecursively$8(NodeTestTask.java:141) ~[junit-platform-engine-1.9.3.jar:1.9.3]
	at org.junit.platform.engine.support.hierarchical.Node.around(Node.java:137) ~[junit-platform-engine-1.9.3.jar:1.9.3]
	at org.junit.platform.engine.support.hierarchical.NodeTestTask.lambda$executeRecursively$9(NodeTestTask.java:139) ~[junit-platform-engine-1.9.3.jar:1.9.3]
	at org.junit.platform.engine.support.hierarchical.ThrowableCollector.execute(ThrowableCollector.java:73) ~[junit-platform-engine-1.9.3.jar:1.9.3]
	at org.junit.platform.engine.support.hierarchical.NodeTestTask.executeRecursively(NodeTestTask.java:138) ~[junit-platform-engine-1.9.3.jar:1.9.3]
	at org.junit.platform.engine.support.hierarchical.NodeTestTask.execute(NodeTestTask.java:95) ~[junit-platform-engine-1.9.3.jar:1.9.3]
	at org.junit.platform.engine.support.hierarchical.SameThreadHierarchicalTestExecutorService.submit(SameThreadHierarchicalTestExecutorService.java:35) ~[junit-platform-engine-1.9.3.jar:1.9.3]
	at org.junit.platform.engine.support.hierarchical.HierarchicalTestExecutor.execute(HierarchicalTestExecutor.java:57) ~[junit-platform-engine-1.9.3.jar:1.9.3]
	at org.junit.platform.engine.support.hierarchical.HierarchicalTestEngine.execute(HierarchicalTestEngine.java:54) ~[junit-platform-engine-1.9.3.jar:1.9.3]
	at org.junit.platform.launcher.core.EngineExecutionOrchestrator.execute(EngineExecutionOrchestrator.java:147) ~[junit-platform-launcher-1.9.3.jar:1.9.3]
	at org.junit.platform.launcher.core.EngineExecutionOrchestrator.execute(EngineExecutionOrchestrator.java:127) ~[junit-platform-launcher-1.9.3.jar:1.9.3]
	at org.junit.platform.launcher.core.EngineExecutionOrchestrator.execute(EngineExecutionOrchestrator.java:90) ~[junit-platform-launcher-1.9.3.jar:1.9.3]
	at org.junit.platform.launcher.core.EngineExecutionOrchestrator.lambda$execute$0(EngineExecutionOrchestrator.java:55) ~[junit-platform-launcher-1.9.3.jar:1.9.3]
	at org.junit.platform.launcher.core.EngineExecutionOrchestrator.withInterceptedStreams(EngineExecutionOrchestrator.java:102) ~[junit-platform-launcher-1.9.3.jar:1.9.3]
	at org.junit.platform.launcher.core.EngineExecutionOrchestrator.execute(EngineExecutionOrchestrator.java:54) ~[junit-platform-launcher-1.9.3.jar:1.9.3]
	at org.junit.platform.launcher.core.DefaultLauncher.execute(DefaultLauncher.java:114) ~[junit-platform-launcher-1.9.3.jar:1.9.3]
	at org.junit.platform.launcher.core.DefaultLauncher.execute(DefaultLauncher.java:86) ~[junit-platform-launcher-1.9.3.jar:1.9.3]
	at org.junit.platform.launcher.core.DefaultLauncherSession$DelegatingLauncher.execute(DefaultLauncherSession.java:86) ~[junit-platform-launcher-1.9.3.jar:1.9.3]
	at org.apache.maven.surefire.junitplatform.LazyLauncher.execute(LazyLauncher.java:50) ~[surefire-junit-platform-3.0.0.jar:3.0.0]
	at org.apache.maven.surefire.junitplatform.JUnitPlatformProvider.execute(JUnitPlatformProvider.java:184) ~[surefire-junit-platform-3.0.0.jar:3.0.0]
	at org.apache.maven.surefire.junitplatform.JUnitPlatformProvider.invokeAllTests(JUnitPlatformProvider.java:148) ~[surefire-junit-platform-3.0.0.jar:3.0.0]
	at org.apache.maven.surefire.junitplatform.JUnitPlatformProvider.invoke(JUnitPlatformProvider.java:122) ~[surefire-junit-platform-3.0.0.jar:3.0.0]
	at org.apache.maven.surefire.booter.ForkedBooter.runSuitesInProcess(ForkedBooter.java:385) ~[surefire-booter-3.0.0.jar:3.0.0]
	at org.apache.maven.surefire.booter.ForkedBooter.execute(ForkedBooter.java:162) ~[surefire-booter-3.0.0.jar:3.0.0]
	at org.apache.maven.surefire.booter.ForkedBooter.run(ForkedBooter.java:507) ~[surefire-booter-3.0.0.jar:3.0.0]
	at org.apache.maven.surefire.booter.ForkedBooter.main(ForkedBooter.java:495) ~[surefire-booter-3.0.0.jar:3.0.0]
Caused by: java.lang.NoClassDefFoundError: javax/transaction/Synchronization
	at org.hibernate.search.mapper.orm.coordination.impl.CoordinationConfigurationContextImpl.createAutomaticIndexingStrategy(CoordinationConfigurationContextImpl.java:89) ~[hibernate-search-mapper-orm-6.1.6.Final.jar:6.1.6.Final]
	at org.hibernate.search.mapper.orm.mapping.impl.HibernateOrmMappingInitiator.configure(HibernateOrmMappingInitiator.java:122) ~[hibernate-search-mapper-orm-6.1.6.Final.jar:6.1.6.Final]
	at org.hibernate.search.engine.common.impl.SearchIntegrationBuilder$MappingBuildingState.collect(SearchIntegrationBuilder.java:269) ~[hibernate-search-engine-6.1.6.Final.jar:6.1.6.Final]
	at org.hibernate.search.engine.common.impl.SearchIntegrationBuilder.prepareBuild(SearchIntegrationBuilder.java:147) ~[hibernate-search-engine-6.1.6.Final.jar:6.1.6.Final]
	at org.hibernate.search.mapper.orm.bootstrap.impl.HibernateSearchPreIntegrationService$NotBooted.doBootFirstPhase(HibernateSearchPreIntegrationService.java:246) ~[hibernate-search-mapper-orm-6.1.6.Final.jar:6.1.6.Final]
	at org.hibernate.search.mapper.orm.bootstrap.impl.HibernateOrmIntegrationBooterImpl.bootNow(HibernateOrmIntegrationBooterImpl.java:173) ~[hibernate-search-mapper-orm-6.1.6.Final.jar:6.1.6.Final]
	at java.base/java.util.concurrent.CompletableFuture$UniApply.tryFire(CompletableFuture.java:646) ~[na:na]
	at java.base/java.util.concurrent.CompletableFuture.postComplete(CompletableFuture.java:510) ~[na:na]
	at java.base/java.util.concurrent.CompletableFuture.complete(CompletableFuture.java:2147) ~[na:na]
	at org.hibernate.search.mapper.orm.bootstrap.impl.HibernateSearchSessionFactoryObserver.sessionFactoryCreated(HibernateSearchSessionFactoryObserver.java:41) ~[hibernate-search-mapper-orm-6.1.6.Final.jar:6.1.6.Final]
	at org.hibernate.internal.SessionFactoryObserverChain.sessionFactoryCreated(SessionFactoryObserverChain.java:35) ~[hibernate-core-6.2.25.Final.jar:6.2.25.Final]
	at org.hibernate.internal.SessionFactoryImpl.<init>(SessionFactoryImpl.java:293) ~[hibernate-core-6.2.25.Final.jar:6.2.25.Final]
	at org.hibernate.boot.internal.SessionFactoryBuilderImpl.build(SessionFactoryBuilderImpl.java:444) ~[hibernate-core-6.2.25.Final.jar:6.2.25.Final]
	at org.hibernate.jpa.boot.internal.EntityManagerFactoryBuilderImpl.build(EntityManagerFactoryBuilderImpl.java:1458) ~[hibernate-core-6.2.25.Final.jar:6.2.25.Final]
	at org.springframework.orm.jpa.vendor.SpringHibernateJpaPersistenceProvider.createContainerEntityManagerFactory(SpringHibernateJpaPersistenceProvider.java:75) ~[spring-orm-6.0.21.jar:6.0.21]
	at org.springframework.orm.jpa.LocalContainerEntityManagerFactoryBean.createNativeEntityManagerFactory(LocalContainerEntityManagerFactoryBean.java:378) ~[spring-orm-6.0.21.jar:6.0.21]
	at org.springframework.orm.jpa.AbstractEntityManagerFactoryBean.buildNativeEntityManagerFactory(AbstractEntityManagerFactoryBean.java:409) ~[spring-orm-6.0.21.jar:6.0.21]
	at org.springframework.orm.jpa.AbstractEntityManagerFactoryBean.afterPropertiesSet(AbstractEntityManagerFactoryBean.java:396) ~[spring-orm-6.0.21.jar:6.0.21]
	at org.springframework.orm.jpa.LocalContainerEntityManagerFactoryBean.afterPropertiesSet(LocalContainerEntityManagerFactoryBean.java:354) ~[spring-orm-6.0.21.jar:6.0.21]
	at org.springframework.beans.factory.support.AbstractAutowireCapableBeanFactory.invokeInitMethods(AbstractAutowireCapableBeanFactory.java:1815) ~[spring-beans-6.0.21.jar:6.0.21]
	at org.springframework.beans.factory.support.AbstractAutowireCapableBeanFactory.initializeBean(AbstractAutowireCapableBeanFactory.java:1764) ~[spring-beans-6.0.21.jar:6.0.21]
	... 94 common frames omitted
Caused by: java.lang.ClassNotFoundException: javax.transaction.Synchronization
	at java.base/jdk.internal.loader.BuiltinClassLoader.loadClass(BuiltinClassLoader.java:641) ~[na:na]
	at java.base/jdk.internal.loader.ClassLoaders$AppClassLoader.loadClass(ClassLoaders.java:188) ~[na:na]
	at java.base/java.lang.ClassLoader.loadClass(ClassLoader.java:525) ~[na:na]
	... 115 common frames omitted

2025-08-08T11:44:36.485-04:00 ERROR 4069 --- [           main] o.s.test.context.TestContextManager      : Caught exception while allowing TestExecutionListener [org.springframework.test.context.support.DependencyInjectionTestExecutionListener] to prepare test instance [com.healthcare.repository.ConsentRepositoryTest@1e489957]

java.lang.IllegalStateException: Failed to load ApplicationContext for [MergedContextConfiguration@5e777b0 testClass = com.healthcare.repository.ConsentRepositoryTest, locations = [], classes = [com.healthcare.HealthcareQRSharingApplication], contextInitializerClasses = [], activeProfiles = ["test"], propertySourceLocations = [], propertySourceProperties = ["org.springframework.boot.test.autoconfigure.orm.jpa.DataJpaTestContextBootstrapper=true"], contextCustomizers = [[ImportsContextCustomizer@3c74d846 key = [org.springframework.boot.autoconfigure.transaction.TransactionAutoConfiguration, org.springframework.boot.autoconfigure.data.jpa.JpaRepositoriesAutoConfiguration, org.springframework.boot.autoconfigure.jdbc.DataSourceAutoConfiguration, org.springframework.boot.test.autoconfigure.orm.jpa.TestEntityManagerAutoConfiguration, org.springframework.boot.autoconfigure.cache.CacheAutoConfiguration, org.springframework.boot.autoconfigure.orm.jpa.HibernateJpaAutoConfiguration, org.springframework.boot.autoconfigure.sql.init.SqlInitializationAutoConfiguration, org.springframework.boot.autoconfigure.jdbc.JdbcTemplateAutoConfiguration, org.springframework.boot.test.autoconfigure.jdbc.TestDatabaseAutoConfiguration, org.springframework.boot.autoconfigure.flyway.FlywayAutoConfiguration, org.springframework.boot.autoconfigure.jdbc.DataSourceTransactionManagerAutoConfiguration, org.springframework.boot.autoconfigure.liquibase.LiquibaseAutoConfiguration]], org.springframework.boot.test.context.filter.ExcludeFilterContextCustomizer@5b3f61ff, org.springframework.boot.test.json.DuplicateJsonObjectContextCustomizerFactory$DuplicateJsonObjectContextCustomizer@7cb502c, org.springframework.boot.test.mock.mockito.MockitoContextCustomizer@0, org.springframework.boot.test.autoconfigure.OverrideAutoConfigurationContextCustomizerFactory$DisableAutoConfigurationContextCustomizer@55cf0d14, org.springframework.boot.test.autoconfigure.actuate.observability.ObservabilityContextCustomizerFactory$DisableObservabilityContextCustomizer@1f, org.springframework.boot.test.autoconfigure.filter.TypeExcludeFiltersContextCustomizer@351584c0, org.springframework.boot.test.autoconfigure.properties.PropertyMappingContextCustomizer@db985919, org.springframework.boot.test.autoconfigure.web.servlet.WebDriverContextCustomizer@418c5a9c, org.springframework.boot.test.context.SpringBootTestAnnotation@b2b43f9b], contextLoader = org.springframework.boot.test.context.SpringBootContextLoader, parent = null]
	at org.springframework.test.context.cache.DefaultCacheAwareContextLoaderDelegate.loadContext(DefaultCacheAwareContextLoaderDelegate.java:143) ~[spring-test-6.0.21.jar:6.0.21]
	at org.springframework.test.context.support.DefaultTestContext.getApplicationContext(DefaultTestContext.java:127) ~[spring-test-6.0.21.jar:6.0.21]
	at org.springframework.test.context.support.DependencyInjectionTestExecutionListener.injectDependencies(DependencyInjectionTestExecutionListener.java:141) ~[spring-test-6.0.21.jar:6.0.21]
	at org.springframework.test.context.support.DependencyInjectionTestExecutionListener.prepareTestInstance(DependencyInjectionTestExecutionListener.java:97) ~[spring-test-6.0.21.jar:6.0.21]
	at org.springframework.test.context.TestContextManager.prepareTestInstance(TestContextManager.java:241) ~[spring-test-6.0.21.jar:6.0.21]
	at org.springframework.test.context.junit.jupiter.SpringExtension.postProcessTestInstance(SpringExtension.java:138) ~[spring-test-6.0.21.jar:6.0.21]
	at org.junit.jupiter.engine.descriptor.ClassBasedTestDescriptor.lambda$invokeTestInstancePostProcessors$10(ClassBasedTestDescriptor.java:377) ~[junit-jupiter-engine-5.9.3.jar:5.9.3]
	at org.junit.jupiter.engine.descriptor.ClassBasedTestDescriptor.executeAndMaskThrowable(ClassBasedTestDescriptor.java:382) ~[junit-jupiter-engine-5.9.3.jar:5.9.3]
	at org.junit.jupiter.engine.descriptor.ClassBasedTestDescriptor.lambda$invokeTestInstancePostProcessors$11(ClassBasedTestDescriptor.java:377) ~[junit-jupiter-engine-5.9.3.jar:5.9.3]
	at java.base/java.util.stream.ReferencePipeline$3$1.accept(ReferencePipeline.java:197) ~[na:na]
	at java.base/java.util.stream.ReferencePipeline$2$1.accept(ReferencePipeline.java:179) ~[na:na]
	at java.base/java.util.ArrayList$ArrayListSpliterator.forEachRemaining(ArrayList.java:1625) ~[na:na]
	at java.base/java.util.stream.AbstractPipeline.copyInto(AbstractPipeline.java:509) ~[na:na]
	at java.base/java.util.stream.AbstractPipeline.wrapAndCopyInto(AbstractPipeline.java:499) ~[na:na]
	at java.base/java.util.stream.StreamSpliterators$WrappingSpliterator.forEachRemaining(StreamSpliterators.java:310) ~[na:na]
	at java.base/java.util.stream.Streams$ConcatSpliterator.forEachRemaining(Streams.java:735) ~[na:na]
	at java.base/java.util.stream.Streams$ConcatSpliterator.forEachRemaining(Streams.java:734) ~[na:na]
	at java.base/java.util.stream.ReferencePipeline$Head.forEach(ReferencePipeline.java:762) ~[na:na]
	at org.junit.jupiter.engine.descriptor.ClassBasedTestDescriptor.invokeTestInstancePostProcessors(ClassBasedTestDescriptor.java:376) ~[junit-jupiter-engine-5.9.3.jar:5.9.3]
	at org.junit.jupiter.engine.descriptor.ClassBasedTestDescriptor.lambda$instantiateAndPostProcessTestInstance$6(ClassBasedTestDescriptor.java:289) ~[junit-jupiter-engine-5.9.3.jar:5.9.3]
	at org.junit.platform.engine.support.hierarchical.ThrowableCollector.execute(ThrowableCollector.java:73) ~[junit-platform-engine-1.9.3.jar:1.9.3]
	at org.junit.jupiter.engine.descriptor.ClassBasedTestDescriptor.instantiateAndPostProcessTestInstance(ClassBasedTestDescriptor.java:288) ~[junit-jupiter-engine-5.9.3.jar:5.9.3]
	at org.junit.jupiter.engine.descriptor.ClassBasedTestDescriptor.lambda$testInstancesProvider$4(ClassBasedTestDescriptor.java:278) ~[junit-jupiter-engine-5.9.3.jar:5.9.3]
	at java.base/java.util.Optional.orElseGet(Optional.java:364) ~[na:na]
	at org.junit.jupiter.engine.descriptor.ClassBasedTestDescriptor.lambda$testInstancesProvider$5(ClassBasedTestDescriptor.java:277) ~[junit-jupiter-engine-5.9.3.jar:5.9.3]
	at org.junit.jupiter.engine.execution.TestInstancesProvider.getTestInstances(TestInstancesProvider.java:31) ~[junit-jupiter-engine-5.9.3.jar:5.9.3]
	at org.junit.jupiter.engine.descriptor.TestMethodTestDescriptor.lambda$prepare$0(TestMethodTestDescriptor.java:105) ~[junit-jupiter-engine-5.9.3.jar:5.9.3]
	at org.junit.platform.engine.support.hierarchical.ThrowableCollector.execute(ThrowableCollector.java:73) ~[junit-platform-engine-1.9.3.jar:1.9.3]
	at org.junit.jupiter.engine.descriptor.TestMethodTestDescriptor.prepare(TestMethodTestDescriptor.java:104) ~[junit-jupiter-engine-5.9.3.jar:5.9.3]
	at org.junit.jupiter.engine.descriptor.TestMethodTestDescriptor.prepare(TestMethodTestDescriptor.java:68) ~[junit-jupiter-engine-5.9.3.jar:5.9.3]
	at org.junit.platform.engine.support.hierarchical.NodeTestTask.lambda$prepare$2(NodeTestTask.java:123) ~[junit-platform-engine-1.9.3.jar:1.9.3]
	at org.junit.platform.engine.support.hierarchical.ThrowableCollector.execute(ThrowableCollector.java:73) ~[junit-platform-engine-1.9.3.jar:1.9.3]
	at org.junit.platform.engine.support.hierarchical.NodeTestTask.prepare(NodeTestTask.java:123) ~[junit-platform-engine-1.9.3.jar:1.9.3]
	at org.junit.platform.engine.support.hierarchical.NodeTestTask.execute(NodeTestTask.java:90) ~[junit-platform-engine-1.9.3.jar:1.9.3]
	at java.base/java.util.ArrayList.forEach(ArrayList.java:1511) ~[na:na]
	at org.junit.platform.engine.support.hierarchical.SameThreadHierarchicalTestExecutorService.invokeAll(SameThreadHierarchicalTestExecutorService.java:41) ~[junit-platform-engine-1.9.3.jar:1.9.3]
	at org.junit.platform.engine.support.hierarchical.NodeTestTask.lambda$executeRecursively$6(NodeTestTask.java:155) ~[junit-platform-engine-1.9.3.jar:1.9.3]
	at org.junit.platform.engine.support.hierarchical.ThrowableCollector.execute(ThrowableCollector.java:73) ~[junit-platform-engine-1.9.3.jar:1.9.3]
	at org.junit.platform.engine.support.hierarchical.NodeTestTask.lambda$executeRecursively$8(NodeTestTask.java:141) ~[junit-platform-engine-1.9.3.jar:1.9.3]
	at org.junit.platform.engine.support.hierarchical.Node.around(Node.java:137) ~[junit-platform-engine-1.9.3.jar:1.9.3]
	at org.junit.platform.engine.support.hierarchical.NodeTestTask.lambda$executeRecursively$9(NodeTestTask.java:139) ~[junit-platform-engine-1.9.3.jar:1.9.3]
	at org.junit.platform.engine.support.hierarchical.ThrowableCollector.execute(ThrowableCollector.java:73) ~[junit-platform-engine-1.9.3.jar:1.9.3]
	at org.junit.platform.engine.support.hierarchical.NodeTestTask.executeRecursively(NodeTestTask.java:138) ~[junit-platform-engine-1.9.3.jar:1.9.3]
	at org.junit.platform.engine.support.hierarchical.NodeTestTask.execute(NodeTestTask.java:95) ~[junit-platform-engine-1.9.3.jar:1.9.3]
	at java.base/java.util.ArrayList.forEach(ArrayList.java:1511) ~[na:na]
	at org.junit.platform.engine.support.hierarchical.SameThreadHierarchicalTestExecutorService.invokeAll(SameThreadHierarchicalTestExecutorService.java:41) ~[junit-platform-engine-1.9.3.jar:1.9.3]
	at org.junit.platform.engine.support.hierarchical.NodeTestTask.lambda$executeRecursively$6(NodeTestTask.java:155) ~[junit-platform-engine-1.9.3.jar:1.9.3]
	at org.junit.platform.engine.support.hierarchical.ThrowableCollector.execute(ThrowableCollector.java:73) ~[junit-platform-engine-1.9.3.jar:1.9.3]
	at org.junit.platform.engine.support.hierarchical.NodeTestTask.lambda$executeRecursively$8(NodeTestTask.java:141) ~[junit-platform-engine-1.9.3.jar:1.9.3]
	at org.junit.platform.engine.support.hierarchical.Node.around(Node.java:137) ~[junit-platform-engine-1.9.3.jar:1.9.3]
	at org.junit.platform.engine.support.hierarchical.NodeTestTask.lambda$executeRecursively$9(NodeTestTask.java:139) ~[junit-platform-engine-1.9.3.jar:1.9.3]
	at org.junit.platform.engine.support.hierarchical.ThrowableCollector.execute(ThrowableCollector.java:73) ~[junit-platform-engine-1.9.3.jar:1.9.3]
	at org.junit.platform.engine.support.hierarchical.NodeTestTask.executeRecursively(NodeTestTask.java:138) ~[junit-platform-engine-1.9.3.jar:1.9.3]
	at org.junit.platform.engine.support.hierarchical.NodeTestTask.execute(NodeTestTask.java:95) ~[junit-platform-engine-1.9.3.jar:1.9.3]
	at org.junit.platform.engine.support.hierarchical.SameThreadHierarchicalTestExecutorService.submit(SameThreadHierarchicalTestExecutorService.java:35) ~[junit-platform-engine-1.9.3.jar:1.9.3]
	at org.junit.platform.engine.support.hierarchical.HierarchicalTestExecutor.execute(HierarchicalTestExecutor.java:57) ~[junit-platform-engine-1.9.3.jar:1.9.3]
	at org.junit.platform.engine.support.hierarchical.HierarchicalTestEngine.execute(HierarchicalTestEngine.java:54) ~[junit-platform-engine-1.9.3.jar:1.9.3]
	at org.junit.platform.launcher.core.EngineExecutionOrchestrator.execute(EngineExecutionOrchestrator.java:147) ~[junit-platform-launcher-1.9.3.jar:1.9.3]
	at org.junit.platform.launcher.core.EngineExecutionOrchestrator.execute(EngineExecutionOrchestrator.java:127) ~[junit-platform-launcher-1.9.3.jar:1.9.3]
	at org.junit.platform.launcher.core.EngineExecutionOrchestrator.execute(EngineExecutionOrchestrator.java:90) ~[junit-platform-launcher-1.9.3.jar:1.9.3]
	at org.junit.platform.launcher.core.EngineExecutionOrchestrator.lambda$execute$0(EngineExecutionOrchestrator.java:55) ~[junit-platform-launcher-1.9.3.jar:1.9.3]
	at org.junit.platform.launcher.core.EngineExecutionOrchestrator.withInterceptedStreams(EngineExecutionOrchestrator.java:102) ~[junit-platform-launcher-1.9.3.jar:1.9.3]
	at org.junit.platform.launcher.core.EngineExecutionOrchestrator.execute(EngineExecutionOrchestrator.java:54) ~[junit-platform-launcher-1.9.3.jar:1.9.3]
	at org.junit.platform.launcher.core.DefaultLauncher.execute(DefaultLauncher.java:114) ~[junit-platform-launcher-1.9.3.jar:1.9.3]
	at org.junit.platform.launcher.core.DefaultLauncher.execute(DefaultLauncher.java:86) ~[junit-platform-launcher-1.9.3.jar:1.9.3]
	at org.junit.platform.launcher.core.DefaultLauncherSession$DelegatingLauncher.execute(DefaultLauncherSession.java:86) ~[junit-platform-launcher-1.9.3.jar:1.9.3]
	at org.apache.maven.surefire.junitplatform.LazyLauncher.execute(LazyLauncher.java:50) ~[surefire-junit-platform-3.0.0.jar:3.0.0]
	at org.apache.maven.surefire.junitplatform.JUnitPlatformProvider.execute(JUnitPlatformProvider.java:184) ~[surefire-junit-platform-3.0.0.jar:3.0.0]
	at org.apache.maven.surefire.junitplatform.JUnitPlatformProvider.invokeAllTests(JUnitPlatformProvider.java:148) ~[surefire-junit-platform-3.0.0.jar:3.0.0]
	at org.apache.maven.surefire.junitplatform.JUnitPlatformProvider.invoke(JUnitPlatformProvider.java:122) ~[surefire-junit-platform-3.0.0.jar:3.0.0]
	at org.apache.maven.surefire.booter.ForkedBooter.runSuitesInProcess(ForkedBooter.java:385) ~[surefire-booter-3.0.0.jar:3.0.0]
	at org.apache.maven.surefire.booter.ForkedBooter.execute(ForkedBooter.java:162) ~[surefire-booter-3.0.0.jar:3.0.0]
	at org.apache.maven.surefire.booter.ForkedBooter.run(ForkedBooter.java:507) ~[surefire-booter-3.0.0.jar:3.0.0]
	at org.apache.maven.surefire.booter.ForkedBooter.main(ForkedBooter.java:495) ~[surefire-booter-3.0.0.jar:3.0.0]
Caused by: org.springframework.beans.factory.BeanCreationException: Error creating bean with name 'entityManagerFactory' defined in class path resource [org/springframework/boot/autoconfigure/orm/jpa/HibernateJpaConfiguration.class]: javax/transaction/Synchronization
	at org.springframework.beans.factory.support.AbstractAutowireCapableBeanFactory.initializeBean(AbstractAutowireCapableBeanFactory.java:1768) ~[spring-beans-6.0.21.jar:6.0.21]
	at org.springframework.beans.factory.support.AbstractAutowireCapableBeanFactory.doCreateBean(AbstractAutowireCapableBeanFactory.java:596) ~[spring-beans-6.0.21.jar:6.0.21]
	at org.springframework.beans.factory.support.AbstractAutowireCapableBeanFactory.createBean(AbstractAutowireCapableBeanFactory.java:518) ~[spring-beans-6.0.21.jar:6.0.21]
	at org.springframework.beans.factory.support.AbstractBeanFactory.lambda$doGetBean$0(AbstractBeanFactory.java:326) ~[spring-beans-6.0.21.jar:6.0.21]
	at org.springframework.beans.factory.support.DefaultSingletonBeanRegistry.getSingleton(DefaultSingletonBeanRegistry.java:234) ~[spring-beans-6.0.21.jar:6.0.21]
	at org.springframework.beans.factory.support.AbstractBeanFactory.doGetBean(AbstractBeanFactory.java:324) ~[spring-beans-6.0.21.jar:6.0.21]
	at org.springframework.beans.factory.support.AbstractBeanFactory.getBean(AbstractBeanFactory.java:200) ~[spring-beans-6.0.21.jar:6.0.21]
	at org.springframework.context.support.AbstractApplicationContext.getBean(AbstractApplicationContext.java:1168) ~[spring-context-6.0.21.jar:6.0.21]
	at org.springframework.context.support.AbstractApplicationContext.finishBeanFactoryInitialization(AbstractApplicationContext.java:942) ~[spring-context-6.0.21.jar:6.0.21]
	at org.springframework.context.support.AbstractApplicationContext.refresh(AbstractApplicationContext.java:615) ~[spring-context-6.0.21.jar:6.0.21]
	at org.springframework.boot.SpringApplication.refresh(SpringApplication.java:739) ~[spring-boot-3.1.12.jar:3.1.12]
	at org.springframework.boot.SpringApplication.refreshContext(SpringApplication.java:441) ~[spring-boot-3.1.12.jar:3.1.12]
	at org.springframework.boot.SpringApplication.run(SpringApplication.java:325) ~[spring-boot-3.1.12.jar:3.1.12]
	at org.springframework.boot.test.context.SpringBootContextLoader.lambda$loadContext$3(SpringBootContextLoader.java:137) ~[spring-boot-test-3.1.12.jar:3.1.12]
	at org.springframework.util.function.ThrowingSupplier.get(ThrowingSupplier.java:58) ~[spring-core-6.0.21.jar:6.0.21]
	at org.springframework.util.function.ThrowingSupplier.get(ThrowingSupplier.java:46) ~[spring-core-6.0.21.jar:6.0.21]
	at org.springframework.boot.SpringApplication.withHook(SpringApplication.java:1427) ~[spring-boot-3.1.12.jar:3.1.12]
	at org.springframework.boot.test.context.SpringBootContextLoader$ContextLoaderHook.run(SpringBootContextLoader.java:546) ~[spring-boot-test-3.1.12.jar:3.1.12]
	at org.springframework.boot.test.context.SpringBootContextLoader.loadContext(SpringBootContextLoader.java:137) ~[spring-boot-test-3.1.12.jar:3.1.12]
	at org.springframework.boot.test.context.SpringBootContextLoader.loadContext(SpringBootContextLoader.java:108) ~[spring-boot-test-3.1.12.jar:3.1.12]
	at org.springframework.test.context.cache.DefaultCacheAwareContextLoaderDelegate.loadContextInternal(DefaultCacheAwareContextLoaderDelegate.java:187) ~[spring-test-6.0.21.jar:6.0.21]
	at org.springframework.test.context.cache.DefaultCacheAwareContextLoaderDelegate.loadContext(DefaultCacheAwareContextLoaderDelegate.java:119) ~[spring-test-6.0.21.jar:6.0.21]
	... 73 common frames omitted
Caused by: java.lang.NoClassDefFoundError: javax/transaction/Synchronization
	at org.hibernate.search.mapper.orm.coordination.impl.CoordinationConfigurationContextImpl.createAutomaticIndexingStrategy(CoordinationConfigurationContextImpl.java:89) ~[hibernate-search-mapper-orm-6.1.6.Final.jar:6.1.6.Final]
	at org.hibernate.search.mapper.orm.mapping.impl.HibernateOrmMappingInitiator.configure(HibernateOrmMappingInitiator.java:122) ~[hibernate-search-mapper-orm-6.1.6.Final.jar:6.1.6.Final]
	at org.hibernate.search.engine.common.impl.SearchIntegrationBuilder$MappingBuildingState.collect(SearchIntegrationBuilder.java:269) ~[hibernate-search-engine-6.1.6.Final.jar:6.1.6.Final]
	at org.hibernate.search.engine.common.impl.SearchIntegrationBuilder.prepareBuild(SearchIntegrationBuilder.java:147) ~[hibernate-search-engine-6.1.6.Final.jar:6.1.6.Final]
	at org.hibernate.search.mapper.orm.bootstrap.impl.HibernateSearchPreIntegrationService$NotBooted.doBootFirstPhase(HibernateSearchPreIntegrationService.java:246) ~[hibernate-search-mapper-orm-6.1.6.Final.jar:6.1.6.Final]
	at org.hibernate.search.mapper.orm.bootstrap.impl.HibernateOrmIntegrationBooterImpl.bootNow(HibernateOrmIntegrationBooterImpl.java:173) ~[hibernate-search-mapper-orm-6.1.6.Final.jar:6.1.6.Final]
	at java.base/java.util.concurrent.CompletableFuture$UniApply.tryFire(CompletableFuture.java:646) ~[na:na]
	at java.base/java.util.concurrent.CompletableFuture.postComplete(CompletableFuture.java:510) ~[na:na]
	at java.base/java.util.concurrent.CompletableFuture.complete(CompletableFuture.java:2147) ~[na:na]
	at org.hibernate.search.mapper.orm.bootstrap.impl.HibernateSearchSessionFactoryObserver.sessionFactoryCreated(HibernateSearchSessionFactoryObserver.java:41) ~[hibernate-search-mapper-orm-6.1.6.Final.jar:6.1.6.Final]
	at org.hibernate.internal.SessionFactoryObserverChain.sessionFactoryCreated(SessionFactoryObserverChain.java:35) ~[hibernate-core-6.2.25.Final.jar:6.2.25.Final]
	at org.hibernate.internal.SessionFactoryImpl.<init>(SessionFactoryImpl.java:293) ~[hibernate-core-6.2.25.Final.jar:6.2.25.Final]
	at org.hibernate.boot.internal.SessionFactoryBuilderImpl.build(SessionFactoryBuilderImpl.java:444) ~[hibernate-core-6.2.25.Final.jar:6.2.25.Final]
	at org.hibernate.jpa.boot.internal.EntityManagerFactoryBuilderImpl.build(EntityManagerFactoryBuilderImpl.java:1458) ~[hibernate-core-6.2.25.Final.jar:6.2.25.Final]
	at org.springframework.orm.jpa.vendor.SpringHibernateJpaPersistenceProvider.createContainerEntityManagerFactory(SpringHibernateJpaPersistenceProvider.java:75) ~[spring-orm-6.0.21.jar:6.0.21]
	at org.springframework.orm.jpa.LocalContainerEntityManagerFactoryBean.createNativeEntityManagerFactory(LocalContainerEntityManagerFactoryBean.java:378) ~[spring-orm-6.0.21.jar:6.0.21]
	at org.springframework.orm.jpa.AbstractEntityManagerFactoryBean.buildNativeEntityManagerFactory(AbstractEntityManagerFactoryBean.java:409) ~[spring-orm-6.0.21.jar:6.0.21]
	at org.springframework.orm.jpa.AbstractEntityManagerFactoryBean.afterPropertiesSet(AbstractEntityManagerFactoryBean.java:396) ~[spring-orm-6.0.21.jar:6.0.21]
	at org.springframework.orm.jpa.LocalContainerEntityManagerFactoryBean.afterPropertiesSet(LocalContainerEntityManagerFactoryBean.java:354) ~[spring-orm-6.0.21.jar:6.0.21]
	at org.springframework.beans.factory.support.AbstractAutowireCapableBeanFactory.invokeInitMethods(AbstractAutowireCapableBeanFactory.java:1815) ~[spring-beans-6.0.21.jar:6.0.21]
	at org.springframework.beans.factory.support.AbstractAutowireCapableBeanFactory.initializeBean(AbstractAutowireCapableBeanFactory.java:1764) ~[spring-beans-6.0.21.jar:6.0.21]
	... 94 common frames omitted
Caused by: java.lang.ClassNotFoundException: javax.transaction.Synchronization
	at java.base/jdk.internal.loader.BuiltinClassLoader.loadClass(BuiltinClassLoader.java:641) ~[na:na]
	at java.base/jdk.internal.loader.ClassLoaders$AppClassLoader.loadClass(ClassLoaders.java:188) ~[na:na]
	at java.base/java.lang.ClassLoader.loadClass(ClassLoader.java:525) ~[na:na]
	... 115 common frames omitted

]]></system-out>
    <system-err><![CDATA[


============================
CONDITIONS EVALUATION REPORT
============================


Positive matches:
-----------------

    None


Negative matches:
-----------------

    None


Exclusions:
-----------

    None


Unconditional classes:
----------------------

    None



]]></system-err>
  </testcase>
</testsuite>